2024-05-10T16:50:05.704+05:30  INFO 28224 --- [productrestapi-actuator] [main] c.t.s.ProductrestapiActuatorApplication  : Starting ProductrestapiActuatorApplication using Java 17.0.9 with PID 28224 (D:\Workspace\springboot-bharath\productrestapi-actuator\target\classes started by prade in D:\Workspace\springboot-bharath\productrestapi-actuator)
2024-05-10T16:50:05.707+05:30  INFO 28224 --- [productrestapi-actuator] [main] c.t.s.ProductrestapiActuatorApplication  : The following 1 profile is active: "dev"
2024-05-10T16:50:07.047+05:30  INFO 28224 --- [productrestapi-actuator] [main] .s.d.r.c.RepositoryConfigurationDelegate : Bootstrapping Spring Data JPA repositories in DEFAULT mode.
2024-05-10T16:50:07.124+05:30  INFO 28224 --- [productrestapi-actuator] [main] .s.d.r.c.RepositoryConfigurationDelegate : Finished Spring Data repository scanning in 63 ms. Found 1 JPA repository interface.
2024-05-10T16:50:08.120+05:30  INFO 28224 --- [productrestapi-actuator] [main] o.s.b.w.embedded.tomcat.TomcatWebServer  : Tomcat initialized with port 8080 (http)
2024-05-10T16:50:08.246+05:30  INFO 28224 --- [productrestapi-actuator] [main] w.s.c.ServletWebServerApplicationContext : Root WebApplicationContext: initialization completed in 2477 ms
2024-05-10T16:50:08.932+05:30  INFO 28224 --- [productrestapi-actuator] [main] com.zaxxer.hikari.HikariDataSource       : HikariPool-1 - Starting...
2024-05-10T16:50:09.326+05:30  INFO 23576 --- [productrestapi-actuator] [main] c.t.s.ProductrestapiActuatorApplication  : Starting ProductrestapiActuatorApplication using Java 17.0.9 with PID 23576 (D:\Workspace\springboot-bharath\productrestapi-actuator\target\classes started by prade in D:\Workspace\springboot-bharath\productrestapi-actuator)
2024-05-10T16:50:09.331+05:30  INFO 23576 --- [productrestapi-actuator] [main] c.t.s.ProductrestapiActuatorApplication  : The following 1 profile is active: "dev"
2024-05-10T16:50:09.477+05:30  INFO 28224 --- [productrestapi-actuator] [main] com.zaxxer.hikari.pool.HikariPool        : HikariPool-1 - Added connection com.mysql.cj.jdbc.ConnectionImpl@4239262e
2024-05-10T16:50:09.482+05:30  INFO 28224 --- [productrestapi-actuator] [main] com.zaxxer.hikari.HikariDataSource       : HikariPool-1 - Start completed.
2024-05-10T16:50:09.554+05:30  INFO 28224 --- [productrestapi-actuator] [main] o.hibernate.jpa.internal.util.LogHelper  : HHH000204: Processing PersistenceUnitInfo [name: default]
2024-05-10T16:50:09.651+05:30  INFO 28224 --- [productrestapi-actuator] [main] org.hibernate.Version                    : HHH000412: Hibernate ORM core version 6.4.4.Final
2024-05-10T16:50:09.733+05:30  INFO 28224 --- [productrestapi-actuator] [main] o.h.c.internal.RegionFactoryInitiator    : HHH000026: Second-level cache disabled
2024-05-10T16:50:10.129+05:30  INFO 28224 --- [productrestapi-actuator] [main] o.s.o.j.p.SpringPersistenceUnitInfo      : No LoadTimeWeaver setup: ignoring JPA class transformer
2024-05-10T16:50:10.569+05:30  INFO 23576 --- [productrestapi-actuator] [main] .s.d.r.c.RepositoryConfigurationDelegate : Bootstrapping Spring Data JPA repositories in DEFAULT mode.
2024-05-10T16:50:10.620+05:30  INFO 23576 --- [productrestapi-actuator] [main] .s.d.r.c.RepositoryConfigurationDelegate : Finished Spring Data repository scanning in 43 ms. Found 1 JPA repository interface.
2024-05-10T16:50:11.653+05:30  INFO 23576 --- [productrestapi-actuator] [main] o.s.b.w.embedded.tomcat.TomcatWebServer  : Tomcat initialized with port 8080 (http)
2024-05-10T16:50:11.760+05:30  INFO 23576 --- [productrestapi-actuator] [main] w.s.c.ServletWebServerApplicationContext : Root WebApplicationContext: initialization completed in 2353 ms
2024-05-10T16:50:12.120+05:30  INFO 23576 --- [productrestapi-actuator] [main] com.zaxxer.hikari.HikariDataSource       : HikariPool-1 - Starting...
2024-05-10T16:50:12.487+05:30  INFO 23576 --- [productrestapi-actuator] [main] com.zaxxer.hikari.pool.HikariPool        : HikariPool-1 - Added connection com.mysql.cj.jdbc.ConnectionImpl@6c9bf3b5
2024-05-10T16:50:12.489+05:30  INFO 23576 --- [productrestapi-actuator] [main] com.zaxxer.hikari.HikariDataSource       : HikariPool-1 - Start completed.
2024-05-10T16:50:12.538+05:30  INFO 23576 --- [productrestapi-actuator] [main] o.hibernate.jpa.internal.util.LogHelper  : HHH000204: Processing PersistenceUnitInfo [name: default]
2024-05-10T16:50:12.589+05:30  INFO 23576 --- [productrestapi-actuator] [main] org.hibernate.Version                    : HHH000412: Hibernate ORM core version 6.4.4.Final
2024-05-10T16:50:12.636+05:30  INFO 23576 --- [productrestapi-actuator] [main] o.h.c.internal.RegionFactoryInitiator    : HHH000026: Second-level cache disabled
2024-05-10T16:50:12.946+05:30  INFO 23576 --- [productrestapi-actuator] [main] o.s.o.j.p.SpringPersistenceUnitInfo      : No LoadTimeWeaver setup: ignoring JPA class transformer
2024-05-10T16:50:13.724+05:30  INFO 23576 --- [productrestapi-actuator] [main] o.h.e.t.j.p.i.JtaPlatformInitiator       : HHH000489: No JTA platform available (set 'hibernate.transaction.jta.platform' to enable JTA platform integration)
2024-05-10T16:50:13.727+05:30  INFO 23576 --- [productrestapi-actuator] [main] j.LocalContainerEntityManagerFactoryBean : Initialized JPA EntityManagerFactory for persistence unit 'default'
2024-05-10T16:50:14.155+05:30  WARN 23576 --- [productrestapi-actuator] [main] JpaBaseConfiguration$JpaWebConfiguration : spring.jpa.open-in-view is enabled by default. Therefore, database queries may be performed during view rendering. Explicitly configure spring.jpa.open-in-view to disable this warning
2024-05-10T16:50:14.769+05:30  INFO 23576 --- [productrestapi-actuator] [main] o.s.b.a.e.web.EndpointLinksResolver      : Exposing 1 endpoint(s) beneath base path '/actuator'
2024-05-10T16:50:14.851+05:30  INFO 23576 --- [productrestapi-actuator] [main] o.s.b.w.embedded.tomcat.TomcatWebServer  : Tomcat started on port 8080 (http) with context path '/productapi'
2024-05-10T16:50:14.865+05:30  INFO 23576 --- [productrestapi-actuator] [main] c.t.s.ProductrestapiActuatorApplication  : Started ProductrestapiActuatorApplication in 6.173 seconds (process running for 6.66)
2024-05-10T16:50:14.881+05:30  INFO 23576 --- [productrestapi-actuator] [SpringApplicationShutdownHook] j.LocalContainerEntityManagerFactoryBean : Closing JPA EntityManagerFactory for persistence unit 'default'
2024-05-10T16:50:14.883+05:30  INFO 23576 --- [productrestapi-actuator] [SpringApplicationShutdownHook] com.zaxxer.hikari.HikariDataSource       : HikariPool-1 - Shutdown initiated...
2024-05-10T16:50:14.895+05:30  INFO 23576 --- [productrestapi-actuator] [SpringApplicationShutdownHook] com.zaxxer.hikari.HikariDataSource       : HikariPool-1 - Shutdown completed.
2024-05-10T16:50:21.884+05:30  INFO 9388 --- [productrestapi-actuator] [main] c.t.s.ProductrestapiActuatorApplication  : Starting ProductrestapiActuatorApplication using Java 17.0.9 with PID 9388 (D:\Workspace\springboot-bharath\productrestapi-actuator\target\classes started by prade in D:\Workspace\springboot-bharath\productrestapi-actuator)
2024-05-10T16:50:21.887+05:30  INFO 9388 --- [productrestapi-actuator] [main] c.t.s.ProductrestapiActuatorApplication  : The following 1 profile is active: "dev"
2024-05-10T16:50:22.819+05:30  INFO 9388 --- [productrestapi-actuator] [main] .s.d.r.c.RepositoryConfigurationDelegate : Bootstrapping Spring Data JPA repositories in DEFAULT mode.
2024-05-10T16:50:22.893+05:30  INFO 9388 --- [productrestapi-actuator] [main] .s.d.r.c.RepositoryConfigurationDelegate : Finished Spring Data repository scanning in 63 ms. Found 1 JPA repository interface.
2024-05-10T16:50:23.732+05:30  INFO 9388 --- [productrestapi-actuator] [main] o.s.b.w.embedded.tomcat.TomcatWebServer  : Tomcat initialized with port 8080 (http)
2024-05-10T16:50:23.743+05:30  INFO 9388 --- [productrestapi-actuator] [main] o.apache.catalina.core.StandardService   : Starting service [Tomcat]
2024-05-10T16:50:23.744+05:30  INFO 9388 --- [productrestapi-actuator] [main] o.apache.catalina.core.StandardEngine    : Starting Servlet engine: [Apache Tomcat/10.1.20]
2024-05-10T16:50:23.822+05:30  INFO 9388 --- [productrestapi-actuator] [main] o.a.c.c.C.[.[localhost].[/productapi]    : Initializing Spring embedded WebApplicationContext
2024-05-10T16:50:23.829+05:30  INFO 9388 --- [productrestapi-actuator] [main] w.s.c.ServletWebServerApplicationContext : Root WebApplicationContext: initialization completed in 1880 ms
2024-05-10T16:50:24.163+05:30  INFO 9388 --- [productrestapi-actuator] [main] com.zaxxer.hikari.HikariDataSource       : HikariPool-1 - Starting...
2024-05-10T16:50:24.456+05:30  INFO 9388 --- [productrestapi-actuator] [main] com.zaxxer.hikari.pool.HikariPool        : HikariPool-1 - Added connection com.mysql.cj.jdbc.ConnectionImpl@16ac4d3d
2024-05-10T16:50:24.458+05:30  INFO 9388 --- [productrestapi-actuator] [main] com.zaxxer.hikari.HikariDataSource       : HikariPool-1 - Start completed.
2024-05-10T16:50:24.502+05:30  INFO 9388 --- [productrestapi-actuator] [main] o.hibernate.jpa.internal.util.LogHelper  : HHH000204: Processing PersistenceUnitInfo [name: default]
2024-05-10T16:50:24.556+05:30  INFO 9388 --- [productrestapi-actuator] [main] org.hibernate.Version                    : HHH000412: Hibernate ORM core version 6.4.4.Final
2024-05-10T16:50:24.619+05:30  INFO 9388 --- [productrestapi-actuator] [main] o.h.c.internal.RegionFactoryInitiator    : HHH000026: Second-level cache disabled
2024-05-10T16:50:24.881+05:30  INFO 9388 --- [productrestapi-actuator] [main] o.s.o.j.p.SpringPersistenceUnitInfo      : No LoadTimeWeaver setup: ignoring JPA class transformer
2024-05-10T16:50:25.582+05:30  INFO 9388 --- [productrestapi-actuator] [main] o.h.e.t.j.p.i.JtaPlatformInitiator       : HHH000489: No JTA platform available (set 'hibernate.transaction.jta.platform' to enable JTA platform integration)
2024-05-10T16:50:25.584+05:30  INFO 9388 --- [productrestapi-actuator] [main] j.LocalContainerEntityManagerFactoryBean : Initialized JPA EntityManagerFactory for persistence unit 'default'
2024-05-10T16:50:26.033+05:30  WARN 9388 --- [productrestapi-actuator] [main] JpaBaseConfiguration$JpaWebConfiguration : spring.jpa.open-in-view is enabled by default. Therefore, database queries may be performed during view rendering. Explicitly configure spring.jpa.open-in-view to disable this warning
2024-05-10T16:50:26.702+05:30  INFO 9388 --- [productrestapi-actuator] [main] o.s.b.a.e.web.EndpointLinksResolver      : Exposing 1 endpoint(s) beneath base path '/actuator'
2024-05-10T16:50:26.792+05:30  INFO 9388 --- [productrestapi-actuator] [main] o.s.b.w.embedded.tomcat.TomcatWebServer  : Tomcat started on port 8080 (http) with context path '/productapi'
2024-05-10T16:50:26.806+05:30  INFO 9388 --- [productrestapi-actuator] [main] c.t.s.ProductrestapiActuatorApplication  : Started ProductrestapiActuatorApplication in 5.359 seconds (process running for 5.779)
2024-05-10T16:53:33.139+05:30  INFO 9388 --- [productrestapi-actuator] [http-nio-8080-exec-1] o.a.c.c.C.[.[localhost].[/productapi]    : Initializing Spring DispatcherServlet 'dispatcherServlet'
2024-05-10T16:53:33.140+05:30  INFO 9388 --- [productrestapi-actuator] [http-nio-8080-exec-1] o.s.web.servlet.DispatcherServlet        : Initializing Servlet 'dispatcherServlet'
2024-05-10T16:53:33.141+05:30  INFO 9388 --- [productrestapi-actuator] [http-nio-8080-exec-1] o.s.web.servlet.DispatcherServlet        : Completed initialization in 1 ms
2024-05-10T16:53:33.194+05:30  INFO 9388 --- [productrestapi-actuator] [http-nio-8080-exec-1] c.t.s.controller.ProductRestController   : finding product by id:3
2024-05-10T16:59:27.569+05:30  INFO 9388 --- [productrestapi-actuator] [SpringApplicationShutdownHook] j.LocalContainerEntityManagerFactoryBean : Closing JPA EntityManagerFactory for persistence unit 'default'
2024-05-10T16:59:27.571+05:30  INFO 9388 --- [productrestapi-actuator] [SpringApplicationShutdownHook] com.zaxxer.hikari.HikariDataSource       : HikariPool-1 - Shutdown initiated...
2024-05-10T16:59:27.598+05:30  INFO 9388 --- [productrestapi-actuator] [SpringApplicationShutdownHook] com.zaxxer.hikari.HikariDataSource       : HikariPool-1 - Shutdown completed.
2024-05-10T16:59:29.518+05:30  INFO 20040 --- [productrestapi-actuator] [main] c.t.s.ProductrestapiActuatorApplication  : Starting ProductrestapiActuatorApplication using Java 17.0.9 with PID 20040 (D:\Workspace\springboot-bharath\productrestapi-actuator\target\classes started by prade in D:\Workspace\springboot-bharath\productrestapi-actuator)
2024-05-10T16:59:29.521+05:30  INFO 20040 --- [productrestapi-actuator] [main] c.t.s.ProductrestapiActuatorApplication  : The following 1 profile is active: "dev"
2024-05-10T16:59:30.349+05:30  INFO 20040 --- [productrestapi-actuator] [main] .s.d.r.c.RepositoryConfigurationDelegate : Bootstrapping Spring Data JPA repositories in DEFAULT mode.
2024-05-10T16:59:30.413+05:30  INFO 20040 --- [productrestapi-actuator] [main] .s.d.r.c.RepositoryConfigurationDelegate : Finished Spring Data repository scanning in 53 ms. Found 1 JPA repository interface.
2024-05-10T16:59:31.200+05:30  INFO 20040 --- [productrestapi-actuator] [main] o.s.b.w.embedded.tomcat.TomcatWebServer  : Tomcat initialized with port 8080 (http)
2024-05-10T16:59:31.213+05:30  INFO 20040 --- [productrestapi-actuator] [main] o.apache.catalina.core.StandardService   : Starting service [Tomcat]
2024-05-10T16:59:31.214+05:30  INFO 20040 --- [productrestapi-actuator] [main] o.apache.catalina.core.StandardEngine    : Starting Servlet engine: [Apache Tomcat/10.1.20]
2024-05-10T16:59:31.287+05:30  INFO 20040 --- [productrestapi-actuator] [main] o.a.c.c.C.[.[localhost].[/productapi]    : Initializing Spring embedded WebApplicationContext
2024-05-10T16:59:31.287+05:30  INFO 20040 --- [productrestapi-actuator] [main] w.s.c.ServletWebServerApplicationContext : Root WebApplicationContext: initialization completed in 1716 ms
2024-05-10T16:59:31.616+05:30  INFO 20040 --- [productrestapi-actuator] [main] com.zaxxer.hikari.HikariDataSource       : HikariPool-1 - Starting...
2024-05-10T16:59:31.978+05:30  INFO 20040 --- [productrestapi-actuator] [main] com.zaxxer.hikari.pool.HikariPool        : HikariPool-1 - Added connection com.mysql.cj.jdbc.ConnectionImpl@59e082f8
2024-05-10T16:59:31.979+05:30  INFO 20040 --- [productrestapi-actuator] [main] com.zaxxer.hikari.HikariDataSource       : HikariPool-1 - Start completed.
2024-05-10T16:59:32.039+05:30  INFO 20040 --- [productrestapi-actuator] [main] o.hibernate.jpa.internal.util.LogHelper  : HHH000204: Processing PersistenceUnitInfo [name: default]
2024-05-10T16:59:32.145+05:30  INFO 20040 --- [productrestapi-actuator] [main] org.hibernate.Version                    : HHH000412: Hibernate ORM core version 6.4.4.Final
2024-05-10T16:59:32.220+05:30  INFO 20040 --- [productrestapi-actuator] [main] o.h.c.internal.RegionFactoryInitiator    : HHH000026: Second-level cache disabled
2024-05-10T16:59:32.610+05:30  INFO 20040 --- [productrestapi-actuator] [main] o.s.o.j.p.SpringPersistenceUnitInfo      : No LoadTimeWeaver setup: ignoring JPA class transformer
2024-05-10T16:59:33.634+05:30  INFO 20040 --- [productrestapi-actuator] [main] o.h.e.t.j.p.i.JtaPlatformInitiator       : HHH000489: No JTA platform available (set 'hibernate.transaction.jta.platform' to enable JTA platform integration)
2024-05-10T16:59:33.638+05:30  INFO 20040 --- [productrestapi-actuator] [main] j.LocalContainerEntityManagerFactoryBean : Initialized JPA EntityManagerFactory for persistence unit 'default'
2024-05-10T16:59:33.984+05:30  WARN 20040 --- [productrestapi-actuator] [main] JpaBaseConfiguration$JpaWebConfiguration : spring.jpa.open-in-view is enabled by default. Therefore, database queries may be performed during view rendering. Explicitly configure spring.jpa.open-in-view to disable this warning
2024-05-10T16:59:34.618+05:30  INFO 20040 --- [productrestapi-actuator] [main] o.s.b.a.e.web.EndpointLinksResolver      : Exposing 1 endpoint(s) beneath base path '/actuator'
2024-05-10T16:59:34.709+05:30  INFO 20040 --- [productrestapi-actuator] [main] o.s.b.w.embedded.tomcat.TomcatWebServer  : Tomcat started on port 8080 (http) with context path '/productapi'
2024-05-10T16:59:34.720+05:30  INFO 20040 --- [productrestapi-actuator] [main] c.t.s.ProductrestapiActuatorApplication  : Started ProductrestapiActuatorApplication in 5.593 seconds (process running for 6.013)
2024-05-10T16:59:36.365+05:30  INFO 20040 --- [productrestapi-actuator] [http-nio-8080-exec-1] o.a.c.c.C.[.[localhost].[/productapi]    : Initializing Spring DispatcherServlet 'dispatcherServlet'
2024-05-10T16:59:36.366+05:30  INFO 20040 --- [productrestapi-actuator] [http-nio-8080-exec-1] o.s.web.servlet.DispatcherServlet        : Initializing Servlet 'dispatcherServlet'
2024-05-10T16:59:36.367+05:30  INFO 20040 --- [productrestapi-actuator] [http-nio-8080-exec-1] o.s.web.servlet.DispatcherServlet        : Completed initialization in 1 ms
2024-05-10T17:03:56.884+05:30  INFO 20040 --- [productrestapi-actuator] [SpringApplicationShutdownHook] j.LocalContainerEntityManagerFactoryBean : Closing JPA EntityManagerFactory for persistence unit 'default'
2024-05-10T17:03:56.886+05:30  INFO 20040 --- [productrestapi-actuator] [SpringApplicationShutdownHook] com.zaxxer.hikari.HikariDataSource       : HikariPool-1 - Shutdown initiated...
2024-05-10T17:03:56.900+05:30  INFO 20040 --- [productrestapi-actuator] [SpringApplicationShutdownHook] com.zaxxer.hikari.HikariDataSource       : HikariPool-1 - Shutdown completed.
2024-05-10T17:03:58.747+05:30  INFO 23144 --- [productrestapi-actuator] [main] c.t.s.ProductrestapiActuatorApplication  : Starting ProductrestapiActuatorApplication using Java 17.0.9 with PID 23144 (D:\Workspace\springboot-bharath\productrestapi-actuator\target\classes started by prade in D:\Workspace\springboot-bharath\productrestapi-actuator)
2024-05-10T17:03:58.750+05:30  INFO 23144 --- [productrestapi-actuator] [main] c.t.s.ProductrestapiActuatorApplication  : The following 1 profile is active: "dev"
2024-05-10T17:03:59.621+05:30  INFO 23144 --- [productrestapi-actuator] [main] .s.d.r.c.RepositoryConfigurationDelegate : Bootstrapping Spring Data JPA repositories in DEFAULT mode.
2024-05-10T17:03:59.675+05:30  INFO 23144 --- [productrestapi-actuator] [main] .s.d.r.c.RepositoryConfigurationDelegate : Finished Spring Data repository scanning in 45 ms. Found 1 JPA repository interface.
2024-05-10T17:04:00.377+05:30  INFO 23144 --- [productrestapi-actuator] [main] o.s.b.w.embedded.tomcat.TomcatWebServer  : Tomcat initialized with port 8080 (http)
2024-05-10T17:04:00.387+05:30  INFO 23144 --- [productrestapi-actuator] [main] o.apache.catalina.core.StandardService   : Starting service [Tomcat]
2024-05-10T17:04:00.387+05:30  INFO 23144 --- [productrestapi-actuator] [main] o.apache.catalina.core.StandardEngine    : Starting Servlet engine: [Apache Tomcat/10.1.20]
2024-05-10T17:04:00.454+05:30  INFO 23144 --- [productrestapi-actuator] [main] o.a.c.c.C.[.[localhost].[/productapi]    : Initializing Spring embedded WebApplicationContext
2024-05-10T17:04:00.455+05:30  INFO 23144 --- [productrestapi-actuator] [main] w.s.c.ServletWebServerApplicationContext : Root WebApplicationContext: initialization completed in 1648 ms
2024-05-10T17:04:00.828+05:30  INFO 23144 --- [productrestapi-actuator] [main] com.zaxxer.hikari.HikariDataSource       : HikariPool-1 - Starting...
2024-05-10T17:04:01.115+05:30  INFO 23144 --- [productrestapi-actuator] [main] com.zaxxer.hikari.pool.HikariPool        : HikariPool-1 - Added connection com.mysql.cj.jdbc.ConnectionImpl@729cd862
2024-05-10T17:04:01.118+05:30  INFO 23144 --- [productrestapi-actuator] [main] com.zaxxer.hikari.HikariDataSource       : HikariPool-1 - Start completed.
2024-05-10T17:04:01.152+05:30  INFO 23144 --- [productrestapi-actuator] [main] o.hibernate.jpa.internal.util.LogHelper  : HHH000204: Processing PersistenceUnitInfo [name: default]
2024-05-10T17:04:01.196+05:30  INFO 23144 --- [productrestapi-actuator] [main] org.hibernate.Version                    : HHH000412: Hibernate ORM core version 6.4.4.Final
2024-05-10T17:04:01.232+05:30  INFO 23144 --- [productrestapi-actuator] [main] o.h.c.internal.RegionFactoryInitiator    : HHH000026: Second-level cache disabled
2024-05-10T17:04:01.501+05:30  INFO 23144 --- [productrestapi-actuator] [main] o.s.o.j.p.SpringPersistenceUnitInfo      : No LoadTimeWeaver setup: ignoring JPA class transformer
2024-05-10T17:04:02.240+05:30  INFO 23144 --- [productrestapi-actuator] [main] o.h.e.t.j.p.i.JtaPlatformInitiator       : HHH000489: No JTA platform available (set 'hibernate.transaction.jta.platform' to enable JTA platform integration)
2024-05-10T17:04:02.243+05:30  INFO 23144 --- [productrestapi-actuator] [main] j.LocalContainerEntityManagerFactoryBean : Initialized JPA EntityManagerFactory for persistence unit 'default'
2024-05-10T17:04:02.621+05:30  WARN 23144 --- [productrestapi-actuator] [main] JpaBaseConfiguration$JpaWebConfiguration : spring.jpa.open-in-view is enabled by default. Therefore, database queries may be performed during view rendering. Explicitly configure spring.jpa.open-in-view to disable this warning
2024-05-10T17:04:03.164+05:30  INFO 23144 --- [productrestapi-actuator] [main] o.s.b.a.e.web.EndpointLinksResolver      : Exposing 1 endpoint(s) beneath base path '/actuator'
2024-05-10T17:04:03.250+05:30  INFO 23144 --- [productrestapi-actuator] [main] o.s.b.w.embedded.tomcat.TomcatWebServer  : Tomcat started on port 8080 (http) with context path '/productapi'
2024-05-10T17:04:03.264+05:30  INFO 23144 --- [productrestapi-actuator] [main] c.t.s.ProductrestapiActuatorApplication  : Started ProductrestapiActuatorApplication in 4.936 seconds (process running for 5.324)
2024-05-10T17:04:20.313+05:30  INFO 23144 --- [productrestapi-actuator] [http-nio-8080-exec-1] o.a.c.c.C.[.[localhost].[/productapi]    : Initializing Spring DispatcherServlet 'dispatcherServlet'
2024-05-10T17:04:20.313+05:30  INFO 23144 --- [productrestapi-actuator] [http-nio-8080-exec-1] o.s.web.servlet.DispatcherServlet        : Initializing Servlet 'dispatcherServlet'
2024-05-10T17:04:20.317+05:30  INFO 23144 --- [productrestapi-actuator] [http-nio-8080-exec-1] o.s.web.servlet.DispatcherServlet        : Completed initialization in 3 ms
2024-05-10T17:05:32.891+05:30  INFO 23144 --- [productrestapi-actuator] [SpringApplicationShutdownHook] j.LocalContainerEntityManagerFactoryBean : Closing JPA EntityManagerFactory for persistence unit 'default'
2024-05-10T17:05:32.893+05:30  INFO 23144 --- [productrestapi-actuator] [SpringApplicationShutdownHook] com.zaxxer.hikari.HikariDataSource       : HikariPool-1 - Shutdown initiated...
2024-05-10T17:05:32.912+05:30  INFO 23144 --- [productrestapi-actuator] [SpringApplicationShutdownHook] com.zaxxer.hikari.HikariDataSource       : HikariPool-1 - Shutdown completed.
2024-05-10T17:05:34.919+05:30  INFO 26468 --- [productrestapi-actuator] [main] c.t.s.ProductrestapiActuatorApplication  : Starting ProductrestapiActuatorApplication using Java 17.0.9 with PID 26468 (D:\Workspace\springboot-bharath\productrestapi-actuator\target\classes started by prade in D:\Workspace\springboot-bharath\productrestapi-actuator)
2024-05-10T17:05:34.921+05:30  INFO 26468 --- [productrestapi-actuator] [main] c.t.s.ProductrestapiActuatorApplication  : The following 1 profile is active: "dev"
2024-05-10T17:05:35.777+05:30  INFO 26468 --- [productrestapi-actuator] [main] .s.d.r.c.RepositoryConfigurationDelegate : Bootstrapping Spring Data JPA repositories in DEFAULT mode.
2024-05-10T17:05:35.842+05:30  INFO 26468 --- [productrestapi-actuator] [main] .s.d.r.c.RepositoryConfigurationDelegate : Finished Spring Data repository scanning in 56 ms. Found 1 JPA repository interface.
2024-05-10T17:05:36.588+05:30  INFO 26468 --- [productrestapi-actuator] [main] o.s.b.w.embedded.tomcat.TomcatWebServer  : Tomcat initialized with port 8080 (http)
2024-05-10T17:05:36.601+05:30  INFO 26468 --- [productrestapi-actuator] [main] o.apache.catalina.core.StandardService   : Starting service [Tomcat]
2024-05-10T17:05:36.601+05:30  INFO 26468 --- [productrestapi-actuator] [main] o.apache.catalina.core.StandardEngine    : Starting Servlet engine: [Apache Tomcat/10.1.20]
2024-05-10T17:05:36.673+05:30  INFO 26468 --- [productrestapi-actuator] [main] o.a.c.c.C.[.[localhost].[/productapi]    : Initializing Spring embedded WebApplicationContext
2024-05-10T17:05:36.673+05:30  INFO 26468 --- [productrestapi-actuator] [main] w.s.c.ServletWebServerApplicationContext : Root WebApplicationContext: initialization completed in 1703 ms
2024-05-10T17:05:36.998+05:30  INFO 26468 --- [productrestapi-actuator] [main] com.zaxxer.hikari.HikariDataSource       : HikariPool-1 - Starting...
2024-05-10T17:05:37.357+05:30  INFO 26468 --- [productrestapi-actuator] [main] com.zaxxer.hikari.pool.HikariPool        : HikariPool-1 - Added connection com.mysql.cj.jdbc.ConnectionImpl@6546371
2024-05-10T17:05:37.359+05:30  INFO 26468 --- [productrestapi-actuator] [main] com.zaxxer.hikari.HikariDataSource       : HikariPool-1 - Start completed.
2024-05-10T17:05:37.405+05:30  INFO 26468 --- [productrestapi-actuator] [main] o.hibernate.jpa.internal.util.LogHelper  : HHH000204: Processing PersistenceUnitInfo [name: default]
2024-05-10T17:05:37.466+05:30  INFO 26468 --- [productrestapi-actuator] [main] org.hibernate.Version                    : HHH000412: Hibernate ORM core version 6.4.4.Final
2024-05-10T17:05:37.526+05:30  INFO 26468 --- [productrestapi-actuator] [main] o.h.c.internal.RegionFactoryInitiator    : HHH000026: Second-level cache disabled
2024-05-10T17:05:37.953+05:30  INFO 26468 --- [productrestapi-actuator] [main] o.s.o.j.p.SpringPersistenceUnitInfo      : No LoadTimeWeaver setup: ignoring JPA class transformer
2024-05-10T17:05:39.025+05:30  INFO 26468 --- [productrestapi-actuator] [main] o.h.e.t.j.p.i.JtaPlatformInitiator       : HHH000489: No JTA platform available (set 'hibernate.transaction.jta.platform' to enable JTA platform integration)
2024-05-10T17:05:39.028+05:30  INFO 26468 --- [productrestapi-actuator] [main] j.LocalContainerEntityManagerFactoryBean : Initialized JPA EntityManagerFactory for persistence unit 'default'
2024-05-10T17:05:39.479+05:30  WARN 26468 --- [productrestapi-actuator] [main] JpaBaseConfiguration$JpaWebConfiguration : spring.jpa.open-in-view is enabled by default. Therefore, database queries may be performed during view rendering. Explicitly configure spring.jpa.open-in-view to disable this warning
2024-05-10T17:05:40.164+05:30  INFO 26468 --- [productrestapi-actuator] [main] o.s.b.a.e.web.EndpointLinksResolver      : Exposing 1 endpoint(s) beneath base path '/actuator'
2024-05-10T17:05:40.285+05:30  INFO 26468 --- [productrestapi-actuator] [main] o.s.b.w.embedded.tomcat.TomcatWebServer  : Tomcat started on port 8080 (http) with context path '/productapi'
2024-05-10T17:05:40.305+05:30  INFO 26468 --- [productrestapi-actuator] [main] c.t.s.ProductrestapiActuatorApplication  : Started ProductrestapiActuatorApplication in 5.774 seconds (process running for 6.152)
2024-05-10T17:05:41.481+05:30  INFO 26468 --- [productrestapi-actuator] [http-nio-8080-exec-2] o.a.c.c.C.[.[localhost].[/productapi]    : Initializing Spring DispatcherServlet 'dispatcherServlet'
2024-05-10T17:05:41.482+05:30  INFO 26468 --- [productrestapi-actuator] [http-nio-8080-exec-2] o.s.web.servlet.DispatcherServlet        : Initializing Servlet 'dispatcherServlet'
2024-05-10T17:05:41.483+05:30  INFO 26468 --- [productrestapi-actuator] [http-nio-8080-exec-2] o.s.web.servlet.DispatcherServlet        : Completed initialization in 1 ms
2024-05-10T17:06:40.226+05:30  INFO 26468 --- [productrestapi-actuator] [SpringApplicationShutdownHook] j.LocalContainerEntityManagerFactoryBean : Closing JPA EntityManagerFactory for persistence unit 'default'
2024-05-10T17:06:40.228+05:30  INFO 26468 --- [productrestapi-actuator] [SpringApplicationShutdownHook] com.zaxxer.hikari.HikariDataSource       : HikariPool-1 - Shutdown initiated...
2024-05-10T17:06:40.243+05:30  INFO 26468 --- [productrestapi-actuator] [SpringApplicationShutdownHook] com.zaxxer.hikari.HikariDataSource       : HikariPool-1 - Shutdown completed.
2024-05-10T17:06:42.112+05:30  INFO 8884 --- [productrestapi-actuator] [main] c.t.s.ProductrestapiActuatorApplication  : Starting ProductrestapiActuatorApplication using Java 17.0.9 with PID 8884 (D:\Workspace\springboot-bharath\productrestapi-actuator\target\classes started by prade in D:\Workspace\springboot-bharath\productrestapi-actuator)
2024-05-10T17:06:42.121+05:30  INFO 8884 --- [productrestapi-actuator] [main] c.t.s.ProductrestapiActuatorApplication  : The following 1 profile is active: "dev"
2024-05-10T17:06:43.114+05:30  INFO 8884 --- [productrestapi-actuator] [main] .s.d.r.c.RepositoryConfigurationDelegate : Bootstrapping Spring Data JPA repositories in DEFAULT mode.
2024-05-10T17:06:43.164+05:30  INFO 8884 --- [productrestapi-actuator] [main] .s.d.r.c.RepositoryConfigurationDelegate : Finished Spring Data repository scanning in 42 ms. Found 1 JPA repository interface.
2024-05-10T17:06:43.875+05:30  INFO 8884 --- [productrestapi-actuator] [main] o.s.b.w.embedded.tomcat.TomcatWebServer  : Tomcat initialized with port 8080 (http)
2024-05-10T17:06:43.884+05:30  INFO 8884 --- [productrestapi-actuator] [main] o.apache.catalina.core.StandardService   : Starting service [Tomcat]
2024-05-10T17:06:43.884+05:30  INFO 8884 --- [productrestapi-actuator] [main] o.apache.catalina.core.StandardEngine    : Starting Servlet engine: [Apache Tomcat/10.1.20]
2024-05-10T17:06:43.953+05:30  INFO 8884 --- [productrestapi-actuator] [main] o.a.c.c.C.[.[localhost].[/productapi]    : Initializing Spring embedded WebApplicationContext
2024-05-10T17:06:43.954+05:30  INFO 8884 --- [productrestapi-actuator] [main] w.s.c.ServletWebServerApplicationContext : Root WebApplicationContext: initialization completed in 1780 ms
2024-05-10T17:06:44.278+05:30  INFO 8884 --- [productrestapi-actuator] [main] com.zaxxer.hikari.HikariDataSource       : HikariPool-1 - Starting...
2024-05-10T17:06:44.566+05:30  INFO 8884 --- [productrestapi-actuator] [main] com.zaxxer.hikari.pool.HikariPool        : HikariPool-1 - Added connection com.mysql.cj.jdbc.ConnectionImpl@5f409872
2024-05-10T17:06:44.568+05:30  INFO 8884 --- [productrestapi-actuator] [main] com.zaxxer.hikari.HikariDataSource       : HikariPool-1 - Start completed.
2024-05-10T17:06:44.606+05:30  INFO 8884 --- [productrestapi-actuator] [main] o.hibernate.jpa.internal.util.LogHelper  : HHH000204: Processing PersistenceUnitInfo [name: default]
2024-05-10T17:06:44.648+05:30  INFO 8884 --- [productrestapi-actuator] [main] org.hibernate.Version                    : HHH000412: Hibernate ORM core version 6.4.4.Final
2024-05-10T17:06:44.713+05:30  INFO 8884 --- [productrestapi-actuator] [main] o.h.c.internal.RegionFactoryInitiator    : HHH000026: Second-level cache disabled
2024-05-10T17:06:44.983+05:30  INFO 8884 --- [productrestapi-actuator] [main] o.s.o.j.p.SpringPersistenceUnitInfo      : No LoadTimeWeaver setup: ignoring JPA class transformer
2024-05-10T17:06:45.898+05:30  INFO 8884 --- [productrestapi-actuator] [main] o.h.e.t.j.p.i.JtaPlatformInitiator       : HHH000489: No JTA platform available (set 'hibernate.transaction.jta.platform' to enable JTA platform integration)
2024-05-10T17:06:45.902+05:30  INFO 8884 --- [productrestapi-actuator] [main] j.LocalContainerEntityManagerFactoryBean : Initialized JPA EntityManagerFactory for persistence unit 'default'
2024-05-10T17:06:46.458+05:30  WARN 8884 --- [productrestapi-actuator] [main] JpaBaseConfiguration$JpaWebConfiguration : spring.jpa.open-in-view is enabled by default. Therefore, database queries may be performed during view rendering. Explicitly configure spring.jpa.open-in-view to disable this warning
2024-05-10T17:06:47.294+05:30  INFO 8884 --- [productrestapi-actuator] [main] o.s.b.a.e.web.EndpointLinksResolver      : Exposing 14 endpoint(s) beneath base path '/actuator'
2024-05-10T17:06:47.403+05:30  INFO 8884 --- [productrestapi-actuator] [main] o.s.b.w.embedded.tomcat.TomcatWebServer  : Tomcat started on port 8080 (http) with context path '/productapi'
2024-05-10T17:06:47.420+05:30  INFO 8884 --- [productrestapi-actuator] [main] c.t.s.ProductrestapiActuatorApplication  : Started ProductrestapiActuatorApplication in 5.725 seconds (process running for 6.108)
2024-05-10T17:06:47.948+05:30  INFO 8884 --- [productrestapi-actuator] [http-nio-8080-exec-2] o.a.c.c.C.[.[localhost].[/productapi]    : Initializing Spring DispatcherServlet 'dispatcherServlet'
2024-05-10T17:06:47.948+05:30  INFO 8884 --- [productrestapi-actuator] [http-nio-8080-exec-2] o.s.web.servlet.DispatcherServlet        : Initializing Servlet 'dispatcherServlet'
2024-05-10T17:06:47.949+05:30  INFO 8884 --- [productrestapi-actuator] [http-nio-8080-exec-2] o.s.web.servlet.DispatcherServlet        : Completed initialization in 1 ms
2024-05-10T17:07:19.810+05:30  INFO 8884 --- [productrestapi-actuator] [SpringApplicationShutdownHook] j.LocalContainerEntityManagerFactoryBean : Closing JPA EntityManagerFactory for persistence unit 'default'
2024-05-10T17:07:19.812+05:30  INFO 8884 --- [productrestapi-actuator] [SpringApplicationShutdownHook] com.zaxxer.hikari.HikariDataSource       : HikariPool-1 - Shutdown initiated...
2024-05-10T17:07:19.827+05:30  INFO 8884 --- [productrestapi-actuator] [SpringApplicationShutdownHook] com.zaxxer.hikari.HikariDataSource       : HikariPool-1 - Shutdown completed.
2024-05-10T17:07:21.633+05:30  INFO 30812 --- [productrestapi-actuator] [main] c.t.s.ProductrestapiActuatorApplication  : Starting ProductrestapiActuatorApplication using Java 17.0.9 with PID 30812 (D:\Workspace\springboot-bharath\productrestapi-actuator\target\classes started by prade in D:\Workspace\springboot-bharath\productrestapi-actuator)
2024-05-10T17:07:21.636+05:30  INFO 30812 --- [productrestapi-actuator] [main] c.t.s.ProductrestapiActuatorApplication  : The following 1 profile is active: "dev"
2024-05-10T17:07:22.587+05:30  INFO 30812 --- [productrestapi-actuator] [main] .s.d.r.c.RepositoryConfigurationDelegate : Bootstrapping Spring Data JPA repositories in DEFAULT mode.
2024-05-10T17:07:22.644+05:30  INFO 30812 --- [productrestapi-actuator] [main] .s.d.r.c.RepositoryConfigurationDelegate : Finished Spring Data repository scanning in 47 ms. Found 1 JPA repository interface.
2024-05-10T17:07:23.403+05:30  INFO 30812 --- [productrestapi-actuator] [main] o.s.b.w.embedded.tomcat.TomcatWebServer  : Tomcat initialized with port 8080 (http)
2024-05-10T17:07:23.415+05:30  INFO 30812 --- [productrestapi-actuator] [main] o.apache.catalina.core.StandardService   : Starting service [Tomcat]
2024-05-10T17:07:23.415+05:30  INFO 30812 --- [productrestapi-actuator] [main] o.apache.catalina.core.StandardEngine    : Starting Servlet engine: [Apache Tomcat/10.1.20]
2024-05-10T17:07:23.498+05:30  INFO 30812 --- [productrestapi-actuator] [main] o.a.c.c.C.[.[localhost].[/productapi]    : Initializing Spring embedded WebApplicationContext
2024-05-10T17:07:23.499+05:30  INFO 30812 --- [productrestapi-actuator] [main] w.s.c.ServletWebServerApplicationContext : Root WebApplicationContext: initialization completed in 1814 ms
2024-05-10T17:07:23.865+05:30  INFO 30812 --- [productrestapi-actuator] [main] com.zaxxer.hikari.HikariDataSource       : HikariPool-1 - Starting...
2024-05-10T17:07:24.172+05:30  INFO 30812 --- [productrestapi-actuator] [main] com.zaxxer.hikari.pool.HikariPool        : HikariPool-1 - Added connection com.mysql.cj.jdbc.ConnectionImpl@7534785a
2024-05-10T17:07:24.174+05:30  INFO 30812 --- [productrestapi-actuator] [main] com.zaxxer.hikari.HikariDataSource       : HikariPool-1 - Start completed.
2024-05-10T17:07:24.216+05:30  INFO 30812 --- [productrestapi-actuator] [main] o.hibernate.jpa.internal.util.LogHelper  : HHH000204: Processing PersistenceUnitInfo [name: default]
2024-05-10T17:07:24.262+05:30  INFO 30812 --- [productrestapi-actuator] [main] org.hibernate.Version                    : HHH000412: Hibernate ORM core version 6.4.4.Final
2024-05-10T17:07:24.314+05:30  INFO 30812 --- [productrestapi-actuator] [main] o.h.c.internal.RegionFactoryInitiator    : HHH000026: Second-level cache disabled
2024-05-10T17:07:24.575+05:30  INFO 30812 --- [productrestapi-actuator] [main] o.s.o.j.p.SpringPersistenceUnitInfo      : No LoadTimeWeaver setup: ignoring JPA class transformer
2024-05-10T17:07:25.408+05:30  INFO 30812 --- [productrestapi-actuator] [main] o.h.e.t.j.p.i.JtaPlatformInitiator       : HHH000489: No JTA platform available (set 'hibernate.transaction.jta.platform' to enable JTA platform integration)
2024-05-10T17:07:25.410+05:30  INFO 30812 --- [productrestapi-actuator] [main] j.LocalContainerEntityManagerFactoryBean : Initialized JPA EntityManagerFactory for persistence unit 'default'
2024-05-10T17:07:25.765+05:30  WARN 30812 --- [productrestapi-actuator] [main] JpaBaseConfiguration$JpaWebConfiguration : spring.jpa.open-in-view is enabled by default. Therefore, database queries may be performed during view rendering. Explicitly configure spring.jpa.open-in-view to disable this warning
2024-05-10T17:07:26.416+05:30  INFO 30812 --- [productrestapi-actuator] [main] o.s.b.a.e.web.EndpointLinksResolver      : Exposing 14 endpoint(s) beneath base path '/actuator'
2024-05-10T17:07:26.502+05:30  INFO 30812 --- [productrestapi-actuator] [main] o.s.b.w.embedded.tomcat.TomcatWebServer  : Tomcat started on port 8080 (http) with context path '/productapi'
2024-05-10T17:07:26.515+05:30  INFO 30812 --- [productrestapi-actuator] [main] c.t.s.ProductrestapiActuatorApplication  : Started ProductrestapiActuatorApplication in 5.287 seconds (process running for 5.662)
2024-05-10T17:07:35.684+05:30  INFO 30812 --- [productrestapi-actuator] [http-nio-8080-exec-1] o.a.c.c.C.[.[localhost].[/productapi]    : Initializing Spring DispatcherServlet 'dispatcherServlet'
2024-05-10T17:07:35.685+05:30  INFO 30812 --- [productrestapi-actuator] [http-nio-8080-exec-1] o.s.web.servlet.DispatcherServlet        : Initializing Servlet 'dispatcherServlet'
2024-05-10T17:07:35.686+05:30  INFO 30812 --- [productrestapi-actuator] [http-nio-8080-exec-1] o.s.web.servlet.DispatcherServlet        : Completed initialization in 1 ms
2024-05-10T17:13:25.665+05:30  INFO 30812 --- [productrestapi-actuator] [SpringApplicationShutdownHook] j.LocalContainerEntityManagerFactoryBean : Closing JPA EntityManagerFactory for persistence unit 'default'
2024-05-10T17:13:25.672+05:30  INFO 30812 --- [productrestapi-actuator] [SpringApplicationShutdownHook] com.zaxxer.hikari.HikariDataSource       : HikariPool-1 - Shutdown initiated...
2024-05-10T17:13:25.697+05:30  INFO 30812 --- [productrestapi-actuator] [SpringApplicationShutdownHook] com.zaxxer.hikari.HikariDataSource       : HikariPool-1 - Shutdown completed.
2024-05-10T17:13:28.760+05:30  INFO 5284 --- [productrestapi-actuator] [main] c.t.s.ProductrestapiActuatorApplication  : Starting ProductrestapiActuatorApplication using Java 17.0.9 with PID 5284 (D:\Workspace\springboot-bharath\productrestapi-actuator\target\classes started by prade in D:\Workspace\springboot-bharath\productrestapi-actuator)
2024-05-10T17:13:28.762+05:30  INFO 5284 --- [productrestapi-actuator] [main] c.t.s.ProductrestapiActuatorApplication  : The following 1 profile is active: "dev"
2024-05-10T17:13:29.620+05:30  INFO 5284 --- [productrestapi-actuator] [main] .s.d.r.c.RepositoryConfigurationDelegate : Bootstrapping Spring Data JPA repositories in DEFAULT mode.
2024-05-10T17:13:29.679+05:30  INFO 5284 --- [productrestapi-actuator] [main] .s.d.r.c.RepositoryConfigurationDelegate : Finished Spring Data repository scanning in 48 ms. Found 1 JPA repository interface.
2024-05-10T17:13:30.549+05:30  INFO 5284 --- [productrestapi-actuator] [main] o.s.b.w.embedded.tomcat.TomcatWebServer  : Tomcat initialized with port 8080 (http)
2024-05-10T17:13:30.569+05:30  INFO 5284 --- [productrestapi-actuator] [main] o.apache.catalina.core.StandardService   : Starting service [Tomcat]
2024-05-10T17:13:30.569+05:30  INFO 5284 --- [productrestapi-actuator] [main] o.apache.catalina.core.StandardEngine    : Starting Servlet engine: [Apache Tomcat/10.1.20]
2024-05-10T17:13:30.664+05:30  INFO 5284 --- [productrestapi-actuator] [main] o.a.c.c.C.[.[localhost].[/productapi]    : Initializing Spring embedded WebApplicationContext
2024-05-10T17:13:30.665+05:30  INFO 5284 --- [productrestapi-actuator] [main] w.s.c.ServletWebServerApplicationContext : Root WebApplicationContext: initialization completed in 1849 ms
2024-05-10T17:13:31.068+05:30  INFO 5284 --- [productrestapi-actuator] [main] com.zaxxer.hikari.HikariDataSource       : HikariPool-1 - Starting...
2024-05-10T17:13:31.452+05:30  INFO 5284 --- [productrestapi-actuator] [main] com.zaxxer.hikari.pool.HikariPool        : HikariPool-1 - Added connection com.mysql.cj.jdbc.ConnectionImpl@37a67cf
2024-05-10T17:13:31.454+05:30  INFO 5284 --- [productrestapi-actuator] [main] com.zaxxer.hikari.HikariDataSource       : HikariPool-1 - Start completed.
2024-05-10T17:13:31.510+05:30  INFO 5284 --- [productrestapi-actuator] [main] o.hibernate.jpa.internal.util.LogHelper  : HHH000204: Processing PersistenceUnitInfo [name: default]
2024-05-10T17:13:31.580+05:30  INFO 5284 --- [productrestapi-actuator] [main] org.hibernate.Version                    : HHH000412: Hibernate ORM core version 6.4.4.Final
2024-05-10T17:13:31.628+05:30  INFO 5284 --- [productrestapi-actuator] [main] o.h.c.internal.RegionFactoryInitiator    : HHH000026: Second-level cache disabled
2024-05-10T17:13:31.970+05:30  INFO 5284 --- [productrestapi-actuator] [main] o.s.o.j.p.SpringPersistenceUnitInfo      : No LoadTimeWeaver setup: ignoring JPA class transformer
2024-05-10T17:13:32.853+05:30  INFO 5284 --- [productrestapi-actuator] [main] o.h.e.t.j.p.i.JtaPlatformInitiator       : HHH000489: No JTA platform available (set 'hibernate.transaction.jta.platform' to enable JTA platform integration)
2024-05-10T17:13:32.856+05:30  INFO 5284 --- [productrestapi-actuator] [main] j.LocalContainerEntityManagerFactoryBean : Initialized JPA EntityManagerFactory for persistence unit 'default'
2024-05-10T17:13:33.315+05:30  WARN 5284 --- [productrestapi-actuator] [main] JpaBaseConfiguration$JpaWebConfiguration : spring.jpa.open-in-view is enabled by default. Therefore, database queries may be performed during view rendering. Explicitly configure spring.jpa.open-in-view to disable this warning
2024-05-10T17:13:34.069+05:30  INFO 5284 --- [productrestapi-actuator] [main] o.s.b.a.e.web.EndpointLinksResolver      : Exposing 14 endpoint(s) beneath base path '/actuator'
2024-05-10T17:13:34.165+05:30  INFO 5284 --- [productrestapi-actuator] [main] o.s.b.w.embedded.tomcat.TomcatWebServer  : Tomcat started on port 8080 (http) with context path '/productapi'
2024-05-10T17:13:34.177+05:30  INFO 5284 --- [productrestapi-actuator] [main] c.t.s.ProductrestapiActuatorApplication  : Started ProductrestapiActuatorApplication in 5.803 seconds (process running for 6.189)
2024-05-10T17:13:34.265+05:30  INFO 5284 --- [productrestapi-actuator] [http-nio-8080-exec-1] o.a.c.c.C.[.[localhost].[/productapi]    : Initializing Spring DispatcherServlet 'dispatcherServlet'
2024-05-10T17:13:34.265+05:30  INFO 5284 --- [productrestapi-actuator] [http-nio-8080-exec-1] o.s.web.servlet.DispatcherServlet        : Initializing Servlet 'dispatcherServlet'
2024-05-10T17:13:34.267+05:30  INFO 5284 --- [productrestapi-actuator] [http-nio-8080-exec-1] o.s.web.servlet.DispatcherServlet        : Completed initialization in 1 ms
2024-05-10T17:16:36.503+05:30  INFO 5284 --- [productrestapi-actuator] [SpringApplicationShutdownHook] j.LocalContainerEntityManagerFactoryBean : Closing JPA EntityManagerFactory for persistence unit 'default'
2024-05-10T17:16:36.505+05:30  INFO 5284 --- [productrestapi-actuator] [SpringApplicationShutdownHook] com.zaxxer.hikari.HikariDataSource       : HikariPool-1 - Shutdown initiated...
2024-05-10T17:16:36.531+05:30  INFO 5284 --- [productrestapi-actuator] [SpringApplicationShutdownHook] com.zaxxer.hikari.HikariDataSource       : HikariPool-1 - Shutdown completed.
2024-05-10T17:16:39.191+05:30  INFO 32600 --- [productrestapi-actuator] [main] c.t.s.ProductrestapiActuatorApplication  : Starting ProductrestapiActuatorApplication using Java 17.0.9 with PID 32600 (D:\Workspace\springboot-bharath\productrestapi-actuator\target\classes started by prade in D:\Workspace\springboot-bharath\productrestapi-actuator)
2024-05-10T17:16:39.193+05:30  INFO 32600 --- [productrestapi-actuator] [main] c.t.s.ProductrestapiActuatorApplication  : The following 1 profile is active: "dev"
2024-05-10T17:16:40.158+05:30  INFO 32600 --- [productrestapi-actuator] [main] .s.d.r.c.RepositoryConfigurationDelegate : Bootstrapping Spring Data JPA repositories in DEFAULT mode.
2024-05-10T17:16:40.221+05:30  INFO 32600 --- [productrestapi-actuator] [main] .s.d.r.c.RepositoryConfigurationDelegate : Finished Spring Data repository scanning in 52 ms. Found 1 JPA repository interface.
2024-05-10T17:16:40.982+05:30  INFO 32600 --- [productrestapi-actuator] [main] o.s.b.w.embedded.tomcat.TomcatWebServer  : Tomcat initialized with port 8080 (http)
2024-05-10T17:16:40.994+05:30  INFO 32600 --- [productrestapi-actuator] [main] o.apache.catalina.core.StandardService   : Starting service [Tomcat]
2024-05-10T17:16:40.994+05:30  INFO 32600 --- [productrestapi-actuator] [main] o.apache.catalina.core.StandardEngine    : Starting Servlet engine: [Apache Tomcat/10.1.20]
2024-05-10T17:16:41.074+05:30  INFO 32600 --- [productrestapi-actuator] [main] o.a.c.c.C.[.[localhost].[/productapi]    : Initializing Spring embedded WebApplicationContext
2024-05-10T17:16:41.075+05:30  INFO 32600 --- [productrestapi-actuator] [main] w.s.c.ServletWebServerApplicationContext : Root WebApplicationContext: initialization completed in 1827 ms
2024-05-10T17:16:41.395+05:30  INFO 32600 --- [productrestapi-actuator] [main] com.zaxxer.hikari.HikariDataSource       : HikariPool-1 - Starting...
2024-05-10T17:16:41.685+05:30  INFO 32600 --- [productrestapi-actuator] [main] com.zaxxer.hikari.pool.HikariPool        : HikariPool-1 - Added connection com.mysql.cj.jdbc.ConnectionImpl@472c9f88
2024-05-10T17:16:41.687+05:30  INFO 32600 --- [productrestapi-actuator] [main] com.zaxxer.hikari.HikariDataSource       : HikariPool-1 - Start completed.
2024-05-10T17:16:41.735+05:30  INFO 32600 --- [productrestapi-actuator] [main] o.hibernate.jpa.internal.util.LogHelper  : HHH000204: Processing PersistenceUnitInfo [name: default]
2024-05-10T17:16:41.783+05:30  INFO 32600 --- [productrestapi-actuator] [main] org.hibernate.Version                    : HHH000412: Hibernate ORM core version 6.4.4.Final
2024-05-10T17:16:41.845+05:30  INFO 32600 --- [productrestapi-actuator] [main] o.h.c.internal.RegionFactoryInitiator    : HHH000026: Second-level cache disabled
2024-05-10T17:16:42.159+05:30  INFO 32600 --- [productrestapi-actuator] [main] o.s.o.j.p.SpringPersistenceUnitInfo      : No LoadTimeWeaver setup: ignoring JPA class transformer
2024-05-10T17:16:42.986+05:30  INFO 32600 --- [productrestapi-actuator] [main] o.h.e.t.j.p.i.JtaPlatformInitiator       : HHH000489: No JTA platform available (set 'hibernate.transaction.jta.platform' to enable JTA platform integration)
2024-05-10T17:16:42.988+05:30  INFO 32600 --- [productrestapi-actuator] [main] j.LocalContainerEntityManagerFactoryBean : Initialized JPA EntityManagerFactory for persistence unit 'default'
2024-05-10T17:16:43.350+05:30  WARN 32600 --- [productrestapi-actuator] [main] JpaBaseConfiguration$JpaWebConfiguration : spring.jpa.open-in-view is enabled by default. Therefore, database queries may be performed during view rendering. Explicitly configure spring.jpa.open-in-view to disable this warning
2024-05-10T17:16:44.008+05:30  INFO 32600 --- [productrestapi-actuator] [main] o.s.b.a.e.web.EndpointLinksResolver      : Exposing 14 endpoint(s) beneath base path '/actuator'
2024-05-10T17:16:44.099+05:30  INFO 32600 --- [productrestapi-actuator] [main] o.s.b.w.embedded.tomcat.TomcatWebServer  : Tomcat started on port 8080 (http) with context path '/productapi'
2024-05-10T17:16:44.111+05:30  INFO 32600 --- [productrestapi-actuator] [main] c.t.s.ProductrestapiActuatorApplication  : Started ProductrestapiActuatorApplication in 5.329 seconds (process running for 5.703)
2024-05-10T17:16:55.260+05:30  INFO 32600 --- [productrestapi-actuator] [http-nio-8080-exec-1] o.a.c.c.C.[.[localhost].[/productapi]    : Initializing Spring DispatcherServlet 'dispatcherServlet'
2024-05-10T17:16:55.261+05:30  INFO 32600 --- [productrestapi-actuator] [http-nio-8080-exec-1] o.s.web.servlet.DispatcherServlet        : Initializing Servlet 'dispatcherServlet'
2024-05-10T17:16:55.268+05:30  INFO 32600 --- [productrestapi-actuator] [http-nio-8080-exec-1] o.s.web.servlet.DispatcherServlet        : Completed initialization in 6 ms
2024-05-10T17:17:46.254+05:30  INFO 32600 --- [productrestapi-actuator] [SpringApplicationShutdownHook] j.LocalContainerEntityManagerFactoryBean : Closing JPA EntityManagerFactory for persistence unit 'default'
2024-05-10T17:17:46.257+05:30  INFO 32600 --- [productrestapi-actuator] [SpringApplicationShutdownHook] com.zaxxer.hikari.HikariDataSource       : HikariPool-1 - Shutdown initiated...
2024-05-10T17:17:46.271+05:30  INFO 32600 --- [productrestapi-actuator] [SpringApplicationShutdownHook] com.zaxxer.hikari.HikariDataSource       : HikariPool-1 - Shutdown completed.
2024-05-10T17:17:49.364+05:30  INFO 16236 --- [productrestapi-actuator] [main] c.t.s.ProductrestapiActuatorApplication  : Starting ProductrestapiActuatorApplication using Java 17.0.9 with PID 16236 (D:\Workspace\springboot-bharath\productrestapi-actuator\target\classes started by prade in D:\Workspace\springboot-bharath\productrestapi-actuator)
2024-05-10T17:17:49.368+05:30  INFO 16236 --- [productrestapi-actuator] [main] c.t.s.ProductrestapiActuatorApplication  : The following 1 profile is active: "dev"
2024-05-10T17:17:50.371+05:30  INFO 16236 --- [productrestapi-actuator] [main] .s.d.r.c.RepositoryConfigurationDelegate : Bootstrapping Spring Data JPA repositories in DEFAULT mode.
2024-05-10T17:17:50.456+05:30  INFO 16236 --- [productrestapi-actuator] [main] .s.d.r.c.RepositoryConfigurationDelegate : Finished Spring Data repository scanning in 67 ms. Found 1 JPA repository interface.
2024-05-10T17:17:51.285+05:30  INFO 16236 --- [productrestapi-actuator] [main] o.s.b.w.embedded.tomcat.TomcatWebServer  : Tomcat initialized with port 8080 (http)
2024-05-10T17:17:51.299+05:30  INFO 16236 --- [productrestapi-actuator] [main] o.apache.catalina.core.StandardService   : Starting service [Tomcat]
2024-05-10T17:17:51.300+05:30  INFO 16236 --- [productrestapi-actuator] [main] o.apache.catalina.core.StandardEngine    : Starting Servlet engine: [Apache Tomcat/10.1.20]
2024-05-10T17:17:51.364+05:30  INFO 16236 --- [productrestapi-actuator] [main] o.a.c.c.C.[.[localhost].[/productapi]    : Initializing Spring embedded WebApplicationContext
2024-05-10T17:17:51.364+05:30  INFO 16236 --- [productrestapi-actuator] [main] w.s.c.ServletWebServerApplicationContext : Root WebApplicationContext: initialization completed in 1942 ms
2024-05-10T17:17:51.778+05:30  INFO 16236 --- [productrestapi-actuator] [main] com.zaxxer.hikari.HikariDataSource       : HikariPool-1 - Starting...
2024-05-10T17:17:52.151+05:30  INFO 16236 --- [productrestapi-actuator] [main] com.zaxxer.hikari.pool.HikariPool        : HikariPool-1 - Added connection com.mysql.cj.jdbc.ConnectionImpl@203765b2
2024-05-10T17:17:52.154+05:30  INFO 16236 --- [productrestapi-actuator] [main] com.zaxxer.hikari.HikariDataSource       : HikariPool-1 - Start completed.
2024-05-10T17:17:52.213+05:30  INFO 16236 --- [productrestapi-actuator] [main] o.hibernate.jpa.internal.util.LogHelper  : HHH000204: Processing PersistenceUnitInfo [name: default]
2024-05-10T17:17:52.289+05:30  INFO 16236 --- [productrestapi-actuator] [main] org.hibernate.Version                    : HHH000412: Hibernate ORM core version 6.4.4.Final
2024-05-10T17:17:52.330+05:30  INFO 16236 --- [productrestapi-actuator] [main] o.h.c.internal.RegionFactoryInitiator    : HHH000026: Second-level cache disabled
2024-05-10T17:17:52.644+05:30  INFO 16236 --- [productrestapi-actuator] [main] o.s.o.j.p.SpringPersistenceUnitInfo      : No LoadTimeWeaver setup: ignoring JPA class transformer
2024-05-10T17:17:53.528+05:30  INFO 16236 --- [productrestapi-actuator] [main] o.h.e.t.j.p.i.JtaPlatformInitiator       : HHH000489: No JTA platform available (set 'hibernate.transaction.jta.platform' to enable JTA platform integration)
2024-05-10T17:17:53.531+05:30  INFO 16236 --- [productrestapi-actuator] [main] j.LocalContainerEntityManagerFactoryBean : Initialized JPA EntityManagerFactory for persistence unit 'default'
2024-05-10T17:17:53.910+05:30  WARN 16236 --- [productrestapi-actuator] [main] JpaBaseConfiguration$JpaWebConfiguration : spring.jpa.open-in-view is enabled by default. Therefore, database queries may be performed during view rendering. Explicitly configure spring.jpa.open-in-view to disable this warning
2024-05-10T17:17:54.681+05:30  INFO 16236 --- [productrestapi-actuator] [main] o.s.b.a.e.web.EndpointLinksResolver      : Exposing 14 endpoint(s) beneath base path '/actuator'
2024-05-10T17:17:54.769+05:30  INFO 16236 --- [productrestapi-actuator] [main] o.s.b.w.embedded.tomcat.TomcatWebServer  : Tomcat started on port 8080 (http) with context path '/productapi'
2024-05-10T17:17:54.781+05:30  INFO 16236 --- [productrestapi-actuator] [main] c.t.s.ProductrestapiActuatorApplication  : Started ProductrestapiActuatorApplication in 5.82 seconds (process running for 6.164)
2024-05-10T17:17:54.940+05:30  INFO 16236 --- [productrestapi-actuator] [http-nio-8080-exec-1] o.a.c.c.C.[.[localhost].[/productapi]    : Initializing Spring DispatcherServlet 'dispatcherServlet'
2024-05-10T17:17:54.940+05:30  INFO 16236 --- [productrestapi-actuator] [http-nio-8080-exec-1] o.s.web.servlet.DispatcherServlet        : Initializing Servlet 'dispatcherServlet'
2024-05-10T17:17:54.942+05:30  INFO 16236 --- [productrestapi-actuator] [http-nio-8080-exec-1] o.s.web.servlet.DispatcherServlet        : Completed initialization in 1 ms
2024-05-10T17:21:34.275+05:30  INFO 16236 --- [productrestapi-actuator] [SpringApplicationShutdownHook] j.LocalContainerEntityManagerFactoryBean : Closing JPA EntityManagerFactory for persistence unit 'default'
2024-05-10T17:21:34.277+05:30  INFO 16236 --- [productrestapi-actuator] [SpringApplicationShutdownHook] com.zaxxer.hikari.HikariDataSource       : HikariPool-1 - Shutdown initiated...
2024-05-10T17:21:34.305+05:30  INFO 16236 --- [productrestapi-actuator] [SpringApplicationShutdownHook] com.zaxxer.hikari.HikariDataSource       : HikariPool-1 - Shutdown completed.
2024-05-10T17:21:37.283+05:30  INFO 1108 --- [productrestapi-actuator] [main] c.t.s.ProductrestapiActuatorApplication  : Starting ProductrestapiActuatorApplication using Java 17.0.9 with PID 1108 (D:\Workspace\springboot-bharath\productrestapi-actuator\target\classes started by prade in D:\Workspace\springboot-bharath\productrestapi-actuator)
2024-05-10T17:21:37.286+05:30  INFO 1108 --- [productrestapi-actuator] [main] c.t.s.ProductrestapiActuatorApplication  : The following 1 profile is active: "dev"
2024-05-10T17:21:38.190+05:30  INFO 1108 --- [productrestapi-actuator] [main] .s.d.r.c.RepositoryConfigurationDelegate : Bootstrapping Spring Data JPA repositories in DEFAULT mode.
2024-05-10T17:21:38.244+05:30  INFO 1108 --- [productrestapi-actuator] [main] .s.d.r.c.RepositoryConfigurationDelegate : Finished Spring Data repository scanning in 45 ms. Found 1 JPA repository interface.
2024-05-10T17:21:38.977+05:30  INFO 1108 --- [productrestapi-actuator] [main] o.s.b.w.embedded.tomcat.TomcatWebServer  : Tomcat initialized with port 8080 (http)
2024-05-10T17:21:38.988+05:30  INFO 1108 --- [productrestapi-actuator] [main] o.apache.catalina.core.StandardService   : Starting service [Tomcat]
2024-05-10T17:21:38.988+05:30  INFO 1108 --- [productrestapi-actuator] [main] o.apache.catalina.core.StandardEngine    : Starting Servlet engine: [Apache Tomcat/10.1.20]
2024-05-10T17:21:39.053+05:30  INFO 1108 --- [productrestapi-actuator] [main] o.a.c.c.C.[.[localhost].[/productapi]    : Initializing Spring embedded WebApplicationContext
2024-05-10T17:21:39.053+05:30  INFO 1108 --- [productrestapi-actuator] [main] w.s.c.ServletWebServerApplicationContext : Root WebApplicationContext: initialization completed in 1715 ms
2024-05-10T17:21:39.362+05:30  INFO 1108 --- [productrestapi-actuator] [main] com.zaxxer.hikari.HikariDataSource       : HikariPool-1 - Starting...
2024-05-10T17:21:39.671+05:30  INFO 1108 --- [productrestapi-actuator] [main] com.zaxxer.hikari.pool.HikariPool        : HikariPool-1 - Added connection com.mysql.cj.jdbc.ConnectionImpl@141aba65
2024-05-10T17:21:39.673+05:30  INFO 1108 --- [productrestapi-actuator] [main] com.zaxxer.hikari.HikariDataSource       : HikariPool-1 - Start completed.
2024-05-10T17:21:39.717+05:30  INFO 1108 --- [productrestapi-actuator] [main] o.hibernate.jpa.internal.util.LogHelper  : HHH000204: Processing PersistenceUnitInfo [name: default]
2024-05-10T17:21:39.765+05:30  INFO 1108 --- [productrestapi-actuator] [main] org.hibernate.Version                    : HHH000412: Hibernate ORM core version 6.4.4.Final
2024-05-10T17:21:39.806+05:30  INFO 1108 --- [productrestapi-actuator] [main] o.h.c.internal.RegionFactoryInitiator    : HHH000026: Second-level cache disabled
2024-05-10T17:21:40.111+05:30  INFO 1108 --- [productrestapi-actuator] [main] o.s.o.j.p.SpringPersistenceUnitInfo      : No LoadTimeWeaver setup: ignoring JPA class transformer
2024-05-10T17:21:40.841+05:30  INFO 1108 --- [productrestapi-actuator] [main] o.h.e.t.j.p.i.JtaPlatformInitiator       : HHH000489: No JTA platform available (set 'hibernate.transaction.jta.platform' to enable JTA platform integration)
2024-05-10T17:21:40.843+05:30  INFO 1108 --- [productrestapi-actuator] [main] j.LocalContainerEntityManagerFactoryBean : Initialized JPA EntityManagerFactory for persistence unit 'default'
2024-05-10T17:21:41.194+05:30  WARN 1108 --- [productrestapi-actuator] [main] JpaBaseConfiguration$JpaWebConfiguration : spring.jpa.open-in-view is enabled by default. Therefore, database queries may be performed during view rendering. Explicitly configure spring.jpa.open-in-view to disable this warning
2024-05-10T17:21:41.945+05:30  INFO 1108 --- [productrestapi-actuator] [main] o.s.b.a.e.web.EndpointLinksResolver      : Exposing 14 endpoint(s) beneath base path '/actuator'
2024-05-10T17:21:42.029+05:30  INFO 1108 --- [productrestapi-actuator] [main] o.s.b.w.embedded.tomcat.TomcatWebServer  : Tomcat started on port 8080 (http) with context path '/productapi'
2024-05-10T17:21:42.040+05:30  INFO 1108 --- [productrestapi-actuator] [main] c.t.s.ProductrestapiActuatorApplication  : Started ProductrestapiActuatorApplication in 5.15 seconds (process running for 5.513)
2024-05-10T17:21:48.200+05:30  INFO 1108 --- [productrestapi-actuator] [http-nio-8080-exec-1] o.a.c.c.C.[.[localhost].[/productapi]    : Initializing Spring DispatcherServlet 'dispatcherServlet'
2024-05-10T17:21:48.202+05:30  INFO 1108 --- [productrestapi-actuator] [http-nio-8080-exec-1] o.s.web.servlet.DispatcherServlet        : Initializing Servlet 'dispatcherServlet'
2024-05-10T17:21:48.208+05:30  INFO 1108 --- [productrestapi-actuator] [http-nio-8080-exec-1] o.s.web.servlet.DispatcherServlet        : Completed initialization in 4 ms
2024-05-10T17:24:11.322+05:30  INFO 1108 --- [productrestapi-actuator] [SpringApplicationShutdownHook] j.LocalContainerEntityManagerFactoryBean : Closing JPA EntityManagerFactory for persistence unit 'default'
2024-05-10T17:24:11.325+05:30  INFO 1108 --- [productrestapi-actuator] [SpringApplicationShutdownHook] com.zaxxer.hikari.HikariDataSource       : HikariPool-1 - Shutdown initiated...
2024-05-10T17:24:11.338+05:30  INFO 1108 --- [productrestapi-actuator] [SpringApplicationShutdownHook] com.zaxxer.hikari.HikariDataSource       : HikariPool-1 - Shutdown completed.
2024-05-10T17:24:13.229+05:30  INFO 10020 --- [productrestapi-actuator] [main] c.t.s.ProductrestapiActuatorApplication  : Starting ProductrestapiActuatorApplication using Java 17.0.9 with PID 10020 (D:\Workspace\springboot-bharath\productrestapi-actuator\target\classes started by prade in D:\Workspace\springboot-bharath\productrestapi-actuator)
2024-05-10T17:24:13.231+05:30  INFO 10020 --- [productrestapi-actuator] [main] c.t.s.ProductrestapiActuatorApplication  : The following 1 profile is active: "dev"
2024-05-10T17:24:14.257+05:30  INFO 10020 --- [productrestapi-actuator] [main] .s.d.r.c.RepositoryConfigurationDelegate : Bootstrapping Spring Data JPA repositories in DEFAULT mode.
2024-05-10T17:24:14.305+05:30  INFO 10020 --- [productrestapi-actuator] [main] .s.d.r.c.RepositoryConfigurationDelegate : Finished Spring Data repository scanning in 39 ms. Found 1 JPA repository interface.
2024-05-10T17:24:15.110+05:30  INFO 10020 --- [productrestapi-actuator] [main] o.s.b.w.embedded.tomcat.TomcatWebServer  : Tomcat initialized with port 8080 (http)
2024-05-10T17:24:15.121+05:30  INFO 10020 --- [productrestapi-actuator] [main] o.apache.catalina.core.StandardService   : Starting service [Tomcat]
2024-05-10T17:24:15.122+05:30  INFO 10020 --- [productrestapi-actuator] [main] o.apache.catalina.core.StandardEngine    : Starting Servlet engine: [Apache Tomcat/10.1.20]
2024-05-10T17:24:15.193+05:30  INFO 10020 --- [productrestapi-actuator] [main] o.a.c.c.C.[.[localhost].[/productapi]    : Initializing Spring embedded WebApplicationContext
2024-05-10T17:24:15.208+05:30  INFO 10020 --- [productrestapi-actuator] [main] w.s.c.ServletWebServerApplicationContext : Root WebApplicationContext: initialization completed in 1912 ms
2024-05-10T17:24:15.589+05:30  INFO 10020 --- [productrestapi-actuator] [main] com.zaxxer.hikari.HikariDataSource       : HikariPool-1 - Starting...
2024-05-10T17:24:15.909+05:30  INFO 10020 --- [productrestapi-actuator] [main] com.zaxxer.hikari.pool.HikariPool        : HikariPool-1 - Added connection com.mysql.cj.jdbc.ConnectionImpl@7afbf2a0
2024-05-10T17:24:15.911+05:30  INFO 10020 --- [productrestapi-actuator] [main] com.zaxxer.hikari.HikariDataSource       : HikariPool-1 - Start completed.
2024-05-10T17:24:15.951+05:30  INFO 10020 --- [productrestapi-actuator] [main] o.hibernate.jpa.internal.util.LogHelper  : HHH000204: Processing PersistenceUnitInfo [name: default]
2024-05-10T17:24:15.997+05:30  INFO 10020 --- [productrestapi-actuator] [main] org.hibernate.Version                    : HHH000412: Hibernate ORM core version 6.4.4.Final
2024-05-10T17:24:16.051+05:30  INFO 10020 --- [productrestapi-actuator] [main] o.h.c.internal.RegionFactoryInitiator    : HHH000026: Second-level cache disabled
2024-05-10T17:24:16.349+05:30  INFO 10020 --- [productrestapi-actuator] [main] o.s.o.j.p.SpringPersistenceUnitInfo      : No LoadTimeWeaver setup: ignoring JPA class transformer
2024-05-10T17:24:17.146+05:30  INFO 10020 --- [productrestapi-actuator] [main] o.h.e.t.j.p.i.JtaPlatformInitiator       : HHH000489: No JTA platform available (set 'hibernate.transaction.jta.platform' to enable JTA platform integration)
2024-05-10T17:24:17.150+05:30  INFO 10020 --- [productrestapi-actuator] [main] j.LocalContainerEntityManagerFactoryBean : Initialized JPA EntityManagerFactory for persistence unit 'default'
2024-05-10T17:24:17.515+05:30  WARN 10020 --- [productrestapi-actuator] [main] JpaBaseConfiguration$JpaWebConfiguration : spring.jpa.open-in-view is enabled by default. Therefore, database queries may be performed during view rendering. Explicitly configure spring.jpa.open-in-view to disable this warning
2024-05-10T17:24:18.331+05:30  INFO 10020 --- [productrestapi-actuator] [main] o.s.b.a.e.web.EndpointLinksResolver      : Exposing 14 endpoint(s) beneath base path '/actuator'
2024-05-10T17:24:18.416+05:30  INFO 10020 --- [productrestapi-actuator] [main] o.s.b.w.embedded.tomcat.TomcatWebServer  : Tomcat started on port 8080 (http) with context path '/productapi'
2024-05-10T17:24:18.432+05:30  INFO 10020 --- [productrestapi-actuator] [main] c.t.s.ProductrestapiActuatorApplication  : Started ProductrestapiActuatorApplication in 5.64 seconds (process running for 6.069)
2024-05-10T17:24:21.091+05:30  INFO 10020 --- [productrestapi-actuator] [http-nio-8080-exec-1] o.a.c.c.C.[.[localhost].[/productapi]    : Initializing Spring DispatcherServlet 'dispatcherServlet'
2024-05-10T17:24:21.093+05:30  INFO 10020 --- [productrestapi-actuator] [http-nio-8080-exec-1] o.s.web.servlet.DispatcherServlet        : Initializing Servlet 'dispatcherServlet'
2024-05-10T17:24:21.099+05:30  INFO 10020 --- [productrestapi-actuator] [http-nio-8080-exec-1] o.s.web.servlet.DispatcherServlet        : Completed initialization in 5 ms
2024-05-10T17:28:01.859+05:30  INFO 10020 --- [productrestapi-actuator] [SpringApplicationShutdownHook] j.LocalContainerEntityManagerFactoryBean : Closing JPA EntityManagerFactory for persistence unit 'default'
2024-05-10T17:28:01.867+05:30  INFO 10020 --- [productrestapi-actuator] [SpringApplicationShutdownHook] com.zaxxer.hikari.HikariDataSource       : HikariPool-1 - Shutdown initiated...
2024-05-10T17:28:01.897+05:30  INFO 10020 --- [productrestapi-actuator] [SpringApplicationShutdownHook] com.zaxxer.hikari.HikariDataSource       : HikariPool-1 - Shutdown completed.
2024-05-10T17:28:03.669+05:30  INFO 30244 --- [productrestapi-actuator] [main] c.t.s.ProductrestapiActuatorApplication  : Starting ProductrestapiActuatorApplication using Java 17.0.9 with PID 30244 (D:\Workspace\springboot-bharath\productrestapi-actuator\target\classes started by prade in D:\Workspace\springboot-bharath\productrestapi-actuator)
2024-05-10T17:28:03.672+05:30  INFO 30244 --- [productrestapi-actuator] [main] c.t.s.ProductrestapiActuatorApplication  : The following 1 profile is active: "dev"
2024-05-10T17:28:04.616+05:30  INFO 30244 --- [productrestapi-actuator] [main] .s.d.r.c.RepositoryConfigurationDelegate : Bootstrapping Spring Data JPA repositories in DEFAULT mode.
2024-05-10T17:28:04.675+05:30  INFO 30244 --- [productrestapi-actuator] [main] .s.d.r.c.RepositoryConfigurationDelegate : Finished Spring Data repository scanning in 51 ms. Found 1 JPA repository interface.
2024-05-10T17:28:05.419+05:30  INFO 30244 --- [productrestapi-actuator] [main] o.s.b.w.embedded.tomcat.TomcatWebServer  : Tomcat initialized with port 8080 (http)
2024-05-10T17:28:05.430+05:30  INFO 30244 --- [productrestapi-actuator] [main] o.apache.catalina.core.StandardService   : Starting service [Tomcat]
2024-05-10T17:28:05.430+05:30  INFO 30244 --- [productrestapi-actuator] [main] o.apache.catalina.core.StandardEngine    : Starting Servlet engine: [Apache Tomcat/10.1.20]
2024-05-10T17:28:05.502+05:30  INFO 30244 --- [productrestapi-actuator] [main] o.a.c.c.C.[.[localhost].[/productapi]    : Initializing Spring embedded WebApplicationContext
2024-05-10T17:28:05.502+05:30  INFO 30244 --- [productrestapi-actuator] [main] w.s.c.ServletWebServerApplicationContext : Root WebApplicationContext: initialization completed in 1780 ms
2024-05-10T17:28:05.836+05:30  INFO 30244 --- [productrestapi-actuator] [main] com.zaxxer.hikari.HikariDataSource       : HikariPool-1 - Starting...
2024-05-10T17:28:06.183+05:30  INFO 30244 --- [productrestapi-actuator] [main] com.zaxxer.hikari.pool.HikariPool        : HikariPool-1 - Added connection com.mysql.cj.jdbc.ConnectionImpl@55951fcd
2024-05-10T17:28:06.186+05:30  INFO 30244 --- [productrestapi-actuator] [main] com.zaxxer.hikari.HikariDataSource       : HikariPool-1 - Start completed.
2024-05-10T17:28:06.228+05:30  INFO 30244 --- [productrestapi-actuator] [main] o.hibernate.jpa.internal.util.LogHelper  : HHH000204: Processing PersistenceUnitInfo [name: default]
2024-05-10T17:28:06.282+05:30  INFO 30244 --- [productrestapi-actuator] [main] org.hibernate.Version                    : HHH000412: Hibernate ORM core version 6.4.4.Final
2024-05-10T17:28:06.328+05:30  INFO 30244 --- [productrestapi-actuator] [main] o.h.c.internal.RegionFactoryInitiator    : HHH000026: Second-level cache disabled
2024-05-10T17:28:06.589+05:30  INFO 30244 --- [productrestapi-actuator] [main] o.s.o.j.p.SpringPersistenceUnitInfo      : No LoadTimeWeaver setup: ignoring JPA class transformer
2024-05-10T17:28:07.306+05:30  INFO 30244 --- [productrestapi-actuator] [main] o.h.e.t.j.p.i.JtaPlatformInitiator       : HHH000489: No JTA platform available (set 'hibernate.transaction.jta.platform' to enable JTA platform integration)
2024-05-10T17:28:07.308+05:30  INFO 30244 --- [productrestapi-actuator] [main] j.LocalContainerEntityManagerFactoryBean : Initialized JPA EntityManagerFactory for persistence unit 'default'
2024-05-10T17:28:07.650+05:30  WARN 30244 --- [productrestapi-actuator] [main] JpaBaseConfiguration$JpaWebConfiguration : spring.jpa.open-in-view is enabled by default. Therefore, database queries may be performed during view rendering. Explicitly configure spring.jpa.open-in-view to disable this warning
2024-05-10T17:28:08.337+05:30  INFO 30244 --- [productrestapi-actuator] [main] o.s.b.a.e.web.EndpointLinksResolver      : Exposing 14 endpoint(s) beneath base path '/actuator'
2024-05-10T17:28:08.415+05:30  INFO 30244 --- [productrestapi-actuator] [main] o.s.b.w.embedded.tomcat.TomcatWebServer  : Tomcat started on port 8080 (http) with context path '/productapi'
2024-05-10T17:28:08.429+05:30  INFO 30244 --- [productrestapi-actuator] [main] c.t.s.ProductrestapiActuatorApplication  : Started ProductrestapiActuatorApplication in 5.17 seconds (process running for 5.578)
2024-05-10T17:28:15.328+05:30  INFO 30244 --- [productrestapi-actuator] [http-nio-8080-exec-2] o.a.c.c.C.[.[localhost].[/productapi]    : Initializing Spring DispatcherServlet 'dispatcherServlet'
2024-05-10T17:28:15.329+05:30  INFO 30244 --- [productrestapi-actuator] [http-nio-8080-exec-2] o.s.web.servlet.DispatcherServlet        : Initializing Servlet 'dispatcherServlet'
2024-05-10T17:28:15.336+05:30  INFO 30244 --- [productrestapi-actuator] [http-nio-8080-exec-2] o.s.web.servlet.DispatcherServlet        : Completed initialization in 5 ms
2024-05-10T17:33:25.119+05:30  INFO 30244 --- [productrestapi-actuator] [SpringApplicationShutdownHook] j.LocalContainerEntityManagerFactoryBean : Closing JPA EntityManagerFactory for persistence unit 'default'
2024-05-10T17:33:25.125+05:30  INFO 30244 --- [productrestapi-actuator] [SpringApplicationShutdownHook] com.zaxxer.hikari.HikariDataSource       : HikariPool-1 - Shutdown initiated...
2024-05-10T17:33:25.151+05:30  INFO 30244 --- [productrestapi-actuator] [SpringApplicationShutdownHook] com.zaxxer.hikari.HikariDataSource       : HikariPool-1 - Shutdown completed.
2024-05-10T17:33:40.182+05:30  INFO 31160 --- [productrestapi-actuator] [main] s.ProductrestapiActuatorApplicationTests : Starting ProductrestapiActuatorApplicationTests using Java 17.0.9 with PID 31160 (started by prade in D:\Workspace\springboot-bharath\productrestapi-actuator)
2024-05-10T17:33:40.184+05:30  INFO 31160 --- [productrestapi-actuator] [main] s.ProductrestapiActuatorApplicationTests : The following 1 profile is active: "dev"
2024-05-10T17:33:41.128+05:30  INFO 31160 --- [productrestapi-actuator] [main] .s.d.r.c.RepositoryConfigurationDelegate : Bootstrapping Spring Data JPA repositories in DEFAULT mode.
2024-05-10T17:33:41.197+05:30  INFO 31160 --- [productrestapi-actuator] [main] .s.d.r.c.RepositoryConfigurationDelegate : Finished Spring Data repository scanning in 59 ms. Found 1 JPA repository interface.
2024-05-10T17:33:41.949+05:30  INFO 31160 --- [productrestapi-actuator] [main] com.zaxxer.hikari.HikariDataSource       : HikariPool-1 - Starting...
2024-05-10T17:33:42.317+05:30  INFO 31160 --- [productrestapi-actuator] [main] com.zaxxer.hikari.pool.HikariPool        : HikariPool-1 - Added connection com.mysql.cj.jdbc.ConnectionImpl@559d19c
2024-05-10T17:33:42.320+05:30  INFO 31160 --- [productrestapi-actuator] [main] com.zaxxer.hikari.HikariDataSource       : HikariPool-1 - Start completed.
2024-05-10T17:33:42.376+05:30  INFO 31160 --- [productrestapi-actuator] [main] o.hibernate.jpa.internal.util.LogHelper  : HHH000204: Processing PersistenceUnitInfo [name: default]
2024-05-10T17:33:42.441+05:30  INFO 31160 --- [productrestapi-actuator] [main] org.hibernate.Version                    : HHH000412: Hibernate ORM core version 6.4.4.Final
2024-05-10T17:33:42.497+05:30  INFO 31160 --- [productrestapi-actuator] [main] o.h.c.internal.RegionFactoryInitiator    : HHH000026: Second-level cache disabled
2024-05-10T17:33:42.802+05:30  INFO 31160 --- [productrestapi-actuator] [main] o.s.o.j.p.SpringPersistenceUnitInfo      : No LoadTimeWeaver setup: ignoring JPA class transformer
2024-05-10T17:33:43.598+05:30  INFO 31160 --- [productrestapi-actuator] [main] o.h.e.t.j.p.i.JtaPlatformInitiator       : HHH000489: No JTA platform available (set 'hibernate.transaction.jta.platform' to enable JTA platform integration)
2024-05-10T17:33:43.600+05:30  INFO 31160 --- [productrestapi-actuator] [main] j.LocalContainerEntityManagerFactoryBean : Initialized JPA EntityManagerFactory for persistence unit 'default'
2024-05-10T17:33:44.133+05:30  WARN 31160 --- [productrestapi-actuator] [main] JpaBaseConfiguration$JpaWebConfiguration : spring.jpa.open-in-view is enabled by default. Therefore, database queries may be performed during view rendering. Explicitly configure spring.jpa.open-in-view to disable this warning
2024-05-10T17:33:45.114+05:30  INFO 31160 --- [productrestapi-actuator] [main] o.s.b.a.e.web.EndpointLinksResolver      : Exposing 14 endpoint(s) beneath base path '/actuator'
2024-05-10T17:33:45.196+05:30  INFO 31160 --- [productrestapi-actuator] [main] s.ProductrestapiActuatorApplicationTests : Started ProductrestapiActuatorApplicationTests in 5.329 seconds (process running for 6.871)
2024-05-10T17:33:46.066+05:30  INFO 31160 --- [productrestapi-actuator] [SpringApplicationShutdownHook] j.LocalContainerEntityManagerFactoryBean : Closing JPA EntityManagerFactory for persistence unit 'default'
2024-05-10T17:33:46.068+05:30  INFO 31160 --- [productrestapi-actuator] [SpringApplicationShutdownHook] com.zaxxer.hikari.HikariDataSource       : HikariPool-1 - Shutdown initiated...
2024-05-10T17:33:46.086+05:30  INFO 31160 --- [productrestapi-actuator] [SpringApplicationShutdownHook] com.zaxxer.hikari.HikariDataSource       : HikariPool-1 - Shutdown completed.
