2026-02-08T10:39:19.891+05:30  INFO 19832 --- [productrestapi-profiles] [main] s.ProductrestapiProfilesApplicationTests : Starting ProductrestapiProfilesApplicationTests using Java 21.0.5 with PID 19832 (started by prade in D:\Git_Workspace\Bharath\springboot-bharath\productrestapi-profiles)
2026-02-08T10:39:19.904+05:30  INFO 19832 --- [productrestapi-profiles] [main] s.ProductrestapiProfilesApplicationTests : The following 1 profile is active: "dev"
2026-02-08T10:39:21.534+05:30  INFO 19832 --- [productrestapi-profiles] [main] .s.d.r.c.RepositoryConfigurationDelegate : Bootstrapping Spring Data JPA repositories in DEFAULT mode.
2026-02-08T10:39:21.618+05:30  INFO 19832 --- [productrestapi-profiles] [main] .s.d.r.c.RepositoryConfigurationDelegate : Finished Spring Data repository scanning in 65 ms. Found 1 JPA repository interface.
2026-02-08T10:39:22.253+05:30  INFO 19832 --- [productrestapi-profiles] [main] com.zaxxer.hikari.HikariDataSource       : HikariPool-1 - Starting...
2026-02-08T10:39:23.110+05:30  INFO 19832 --- [productrestapi-profiles] [main] com.zaxxer.hikari.pool.HikariPool        : HikariPool-1 - Added connection com.mysql.cj.jdbc.ConnectionImpl@357f6391
2026-02-08T10:39:23.114+05:30  INFO 19832 --- [productrestapi-profiles] [main] com.zaxxer.hikari.HikariDataSource       : HikariPool-1 - Start completed.
2026-02-08T10:39:23.178+05:30  INFO 19832 --- [productrestapi-profiles] [main] o.hibernate.jpa.internal.util.LogHelper  : HHH000204: Processing PersistenceUnitInfo [name: default]
2026-02-08T10:39:23.306+05:30  INFO 19832 --- [productrestapi-profiles] [main] org.hibernate.Version                    : HHH000412: Hibernate ORM core version 6.6.41.Final
2026-02-08T10:39:23.396+05:30  INFO 19832 --- [productrestapi-profiles] [main] o.h.c.internal.RegionFactoryInitiator    : HHH000026: Second-level cache disabled
2026-02-08T10:39:24.208+05:30  INFO 19832 --- [productrestapi-profiles] [main] o.s.o.j.p.SpringPersistenceUnitInfo      : No LoadTimeWeaver setup: ignoring JPA class transformer
2026-02-08T10:39:24.431+05:30  INFO 19832 --- [productrestapi-profiles] [main] org.hibernate.orm.connections.pooling    : HHH10001005: Database info:
	Database JDBC URL [Connecting through datasource 'HikariDataSource (HikariPool-1)']
	Database driver: undefined/unknown
	Database version: 8.0.35
	Autocommit mode: undefined/unknown
	Isolation level: undefined/unknown
	Minimum pool size: undefined/unknown
	Maximum pool size: undefined/unknown
2026-02-08T10:39:25.796+05:30  INFO 19832 --- [productrestapi-profiles] [main] o.h.e.t.j.p.i.JtaPlatformInitiator       : HHH000489: No JTA platform available (set 'hibernate.transaction.jta.platform' to enable JTA platform integration)
2026-02-08T10:39:25.800+05:30  INFO 19832 --- [productrestapi-profiles] [main] j.LocalContainerEntityManagerFactoryBean : Initialized JPA EntityManagerFactory for persistence unit 'default'
2026-02-08T10:39:26.322+05:30  WARN 19832 --- [productrestapi-profiles] [main] JpaBaseConfiguration$JpaWebConfiguration : spring.jpa.open-in-view is enabled by default. Therefore, database queries may be performed during view rendering. Explicitly configure spring.jpa.open-in-view to disable this warning
2026-02-08T10:39:26.987+05:30  INFO 19832 --- [productrestapi-profiles] [main] s.ProductrestapiProfilesApplicationTests : Started ProductrestapiProfilesApplicationTests in 7.823 seconds (process running for 10.02)
2026-02-08T10:39:30.497+05:30  INFO 19832 --- [productrestapi-profiles] [SpringApplicationShutdownHook] j.LocalContainerEntityManagerFactoryBean : Closing JPA EntityManagerFactory for persistence unit 'default'
2026-02-08T10:39:30.505+05:30  INFO 19832 --- [productrestapi-profiles] [SpringApplicationShutdownHook] com.zaxxer.hikari.HikariDataSource       : HikariPool-1 - Shutdown initiated...
2026-02-08T10:39:30.523+05:30  INFO 19832 --- [productrestapi-profiles] [SpringApplicationShutdownHook] com.zaxxer.hikari.HikariDataSource       : HikariPool-1 - Shutdown completed.
2026-02-08T10:40:04.196+05:30  INFO 34644 --- [productrestapi-profiles] [main] s.ProductrestapiProfilesApplicationTests : Starting ProductrestapiProfilesApplicationTests using Java 21.0.5 with PID 34644 (started by prade in D:\Git_Workspace\Bharath\springboot-bharath\productrestapi-profiles)
2026-02-08T10:40:04.199+05:30  INFO 34644 --- [productrestapi-profiles] [main] s.ProductrestapiProfilesApplicationTests : The following 1 profile is active: "dev"
2026-02-08T10:40:05.290+05:30  INFO 34644 --- [productrestapi-profiles] [main] .s.d.r.c.RepositoryConfigurationDelegate : Bootstrapping Spring Data JPA repositories in DEFAULT mode.
2026-02-08T10:40:05.376+05:30  INFO 34644 --- [productrestapi-profiles] [main] .s.d.r.c.RepositoryConfigurationDelegate : Finished Spring Data repository scanning in 69 ms. Found 1 JPA repository interface.
2026-02-08T10:40:05.975+05:30  INFO 34644 --- [productrestapi-profiles] [main] com.zaxxer.hikari.HikariDataSource       : HikariPool-1 - Starting...
2026-02-08T10:40:06.694+05:30  INFO 34644 --- [productrestapi-profiles] [main] com.zaxxer.hikari.pool.HikariPool        : HikariPool-1 - Added connection com.mysql.cj.jdbc.ConnectionImpl@1c98b4eb
2026-02-08T10:40:06.698+05:30  INFO 34644 --- [productrestapi-profiles] [main] com.zaxxer.hikari.HikariDataSource       : HikariPool-1 - Start completed.
2026-02-08T10:40:06.760+05:30  INFO 34644 --- [productrestapi-profiles] [main] o.hibernate.jpa.internal.util.LogHelper  : HHH000204: Processing PersistenceUnitInfo [name: default]
2026-02-08T10:40:06.857+05:30  INFO 34644 --- [productrestapi-profiles] [main] org.hibernate.Version                    : HHH000412: Hibernate ORM core version 6.6.41.Final
2026-02-08T10:40:06.953+05:30  INFO 34644 --- [productrestapi-profiles] [main] o.h.c.internal.RegionFactoryInitiator    : HHH000026: Second-level cache disabled
2026-02-08T10:40:07.509+05:30  INFO 34644 --- [productrestapi-profiles] [main] o.s.o.j.p.SpringPersistenceUnitInfo      : No LoadTimeWeaver setup: ignoring JPA class transformer
2026-02-08T10:40:07.708+05:30  INFO 34644 --- [productrestapi-profiles] [main] org.hibernate.orm.connections.pooling    : HHH10001005: Database info:
	Database JDBC URL [Connecting through datasource 'HikariDataSource (HikariPool-1)']
	Database driver: undefined/unknown
	Database version: 8.0.35
	Autocommit mode: undefined/unknown
	Isolation level: undefined/unknown
	Minimum pool size: undefined/unknown
	Maximum pool size: undefined/unknown
2026-02-08T10:40:09.374+05:30  INFO 34644 --- [productrestapi-profiles] [main] o.h.e.t.j.p.i.JtaPlatformInitiator       : HHH000489: No JTA platform available (set 'hibernate.transaction.jta.platform' to enable JTA platform integration)
2026-02-08T10:40:09.380+05:30  INFO 34644 --- [productrestapi-profiles] [main] j.LocalContainerEntityManagerFactoryBean : Initialized JPA EntityManagerFactory for persistence unit 'default'
2026-02-08T10:40:09.959+05:30  WARN 34644 --- [productrestapi-profiles] [main] JpaBaseConfiguration$JpaWebConfiguration : spring.jpa.open-in-view is enabled by default. Therefore, database queries may be performed during view rendering. Explicitly configure spring.jpa.open-in-view to disable this warning
2026-02-08T10:40:10.568+05:30  INFO 34644 --- [productrestapi-profiles] [SpringApplicationShutdownHook] j.LocalContainerEntityManagerFactoryBean : Closing JPA EntityManagerFactory for persistence unit 'default'
2026-02-08T10:40:10.586+05:30  INFO 34644 --- [productrestapi-profiles] [SpringApplicationShutdownHook] com.zaxxer.hikari.HikariDataSource       : HikariPool-1 - Shutdown initiated...
2026-02-08T10:40:10.594+05:30  INFO 34644 --- [productrestapi-profiles] [main] s.ProductrestapiProfilesApplicationTests : Started ProductrestapiProfilesApplicationTests in 6.932 seconds (process running for 8.865)
2026-02-08T10:40:10.620+05:30  INFO 34644 --- [productrestapi-profiles] [SpringApplicationShutdownHook] com.zaxxer.hikari.HikariDataSource       : HikariPool-1 - Shutdown completed.
2026-02-08T10:40:16.416+05:30  INFO 31552 --- [productrestapi-profiles] [main] c.t.s.ProductrestapiProfilesApplication  : Starting ProductrestapiProfilesApplication using Java 21.0.5 with PID 31552 (D:\Git_Workspace\Bharath\springboot-bharath\productrestapi-profiles\target\classes started by prade in D:\Git_Workspace\Bharath\springboot-bharath\productrestapi-profiles)
2026-02-08T10:40:16.420+05:30  INFO 31552 --- [productrestapi-profiles] [main] c.t.s.ProductrestapiProfilesApplication  : The following 1 profile is active: "dev"
2026-02-08T10:40:17.648+05:30  INFO 31552 --- [productrestapi-profiles] [main] .s.d.r.c.RepositoryConfigurationDelegate : Bootstrapping Spring Data JPA repositories in DEFAULT mode.
2026-02-08T10:40:17.751+05:30  INFO 31552 --- [productrestapi-profiles] [main] .s.d.r.c.RepositoryConfigurationDelegate : Finished Spring Data repository scanning in 79 ms. Found 1 JPA repository interface.
2026-02-08T10:40:18.646+05:30  INFO 31552 --- [productrestapi-profiles] [main] o.s.b.w.embedded.tomcat.TomcatWebServer  : Tomcat initialized with port 8080 (http)
2026-02-08T10:40:18.671+05:30  INFO 31552 --- [productrestapi-profiles] [main] o.apache.catalina.core.StandardService   : Starting service [Tomcat]
2026-02-08T10:40:18.671+05:30  INFO 31552 --- [productrestapi-profiles] [main] o.apache.catalina.core.StandardEngine    : Starting Servlet engine: [Apache Tomcat/10.1.50]
2026-02-08T10:40:18.762+05:30  INFO 31552 --- [productrestapi-profiles] [main] o.a.c.c.C.[.[localhost].[/productapi]    : Initializing Spring embedded WebApplicationContext
2026-02-08T10:40:18.763+05:30  INFO 31552 --- [productrestapi-profiles] [main] w.s.c.ServletWebServerApplicationContext : Root WebApplicationContext: initialization completed in 2246 ms
2026-02-08T10:40:19.096+05:30  INFO 31552 --- [productrestapi-profiles] [main] com.zaxxer.hikari.HikariDataSource       : HikariPool-1 - Starting...
2026-02-08T10:40:19.679+05:30  INFO 31552 --- [productrestapi-profiles] [main] com.zaxxer.hikari.pool.HikariPool        : HikariPool-1 - Added connection com.mysql.cj.jdbc.ConnectionImpl@1df5c7e3
2026-02-08T10:40:19.682+05:30  INFO 31552 --- [productrestapi-profiles] [main] com.zaxxer.hikari.HikariDataSource       : HikariPool-1 - Start completed.
2026-02-08T10:40:19.753+05:30  INFO 31552 --- [productrestapi-profiles] [main] o.hibernate.jpa.internal.util.LogHelper  : HHH000204: Processing PersistenceUnitInfo [name: default]
2026-02-08T10:40:19.873+05:30  INFO 31552 --- [productrestapi-profiles] [main] org.hibernate.Version                    : HHH000412: Hibernate ORM core version 6.6.41.Final
2026-02-08T10:40:19.940+05:30  INFO 31552 --- [productrestapi-profiles] [main] o.h.c.internal.RegionFactoryInitiator    : HHH000026: Second-level cache disabled
2026-02-08T10:40:20.490+05:30  INFO 31552 --- [productrestapi-profiles] [main] o.s.o.j.p.SpringPersistenceUnitInfo      : No LoadTimeWeaver setup: ignoring JPA class transformer
2026-02-08T10:40:20.665+05:30  INFO 31552 --- [productrestapi-profiles] [main] org.hibernate.orm.connections.pooling    : HHH10001005: Database info:
	Database JDBC URL [Connecting through datasource 'HikariDataSource (HikariPool-1)']
	Database driver: undefined/unknown
	Database version: 8.0.35
	Autocommit mode: undefined/unknown
	Isolation level: undefined/unknown
	Minimum pool size: undefined/unknown
	Maximum pool size: undefined/unknown
2026-02-08T10:40:21.768+05:30  INFO 31552 --- [productrestapi-profiles] [main] o.h.e.t.j.p.i.JtaPlatformInitiator       : HHH000489: No JTA platform available (set 'hibernate.transaction.jta.platform' to enable JTA platform integration)
2026-02-08T10:40:21.772+05:30  INFO 31552 --- [productrestapi-profiles] [main] j.LocalContainerEntityManagerFactoryBean : Initialized JPA EntityManagerFactory for persistence unit 'default'
2026-02-08T10:40:22.119+05:30  WARN 31552 --- [productrestapi-profiles] [main] JpaBaseConfiguration$JpaWebConfiguration : spring.jpa.open-in-view is enabled by default. Therefore, database queries may be performed during view rendering. Explicitly configure spring.jpa.open-in-view to disable this warning
2026-02-08T10:40:22.729+05:30  INFO 31552 --- [productrestapi-profiles] [main] o.s.b.w.embedded.tomcat.TomcatWebServer  : Tomcat started on port 8080 (http) with context path '/productapi'
2026-02-08T10:40:22.744+05:30  INFO 31552 --- [productrestapi-profiles] [main] c.t.s.ProductrestapiProfilesApplication  : Started ProductrestapiProfilesApplication in 7.312 seconds (process running for 8.017)
2026-02-08T10:41:08.333+05:30  INFO 31552 --- [productrestapi-profiles] [SpringApplicationShutdownHook] o.s.b.w.e.tomcat.GracefulShutdown        : Commencing graceful shutdown. Waiting for active requests to complete
2026-02-08T10:41:08.345+05:30  INFO 31552 --- [productrestapi-profiles] [tomcat-shutdown] o.s.b.w.e.tomcat.GracefulShutdown        : Graceful shutdown complete
2026-02-08T10:41:08.349+05:30  INFO 31552 --- [productrestapi-profiles] [SpringApplicationShutdownHook] j.LocalContainerEntityManagerFactoryBean : Closing JPA EntityManagerFactory for persistence unit 'default'
2026-02-08T10:41:08.356+05:30  INFO 31552 --- [productrestapi-profiles] [SpringApplicationShutdownHook] com.zaxxer.hikari.HikariDataSource       : HikariPool-1 - Shutdown initiated...
2026-02-08T10:41:08.373+05:30  INFO 31552 --- [productrestapi-profiles] [SpringApplicationShutdownHook] com.zaxxer.hikari.HikariDataSource       : HikariPool-1 - Shutdown completed.
2026-02-08T10:41:11.977+05:30  INFO 27732 --- [productrestapi-profiles] [main] c.t.s.ProductrestapiProfilesApplication  : Starting ProductrestapiProfilesApplication using Java 21.0.5 with PID 27732 (D:\Git_Workspace\Bharath\springboot-bharath\productrestapi-profiles\target\classes started by prade in D:\Git_Workspace\Bharath\springboot-bharath\productrestapi-profiles)
2026-02-08T10:41:11.982+05:30  INFO 27732 --- [productrestapi-profiles] [main] c.t.s.ProductrestapiProfilesApplication  : No active profile set, falling back to 1 default profile: "default"
2026-02-08T10:41:13.182+05:30  INFO 27732 --- [productrestapi-profiles] [main] .s.d.r.c.RepositoryConfigurationDelegate : Bootstrapping Spring Data JPA repositories in DEFAULT mode.
2026-02-08T10:41:13.270+05:30  INFO 27732 --- [productrestapi-profiles] [main] .s.d.r.c.RepositoryConfigurationDelegate : Finished Spring Data repository scanning in 72 ms. Found 1 JPA repository interface.
2026-02-08T10:41:14.194+05:30  INFO 27732 --- [productrestapi-profiles] [main] o.s.b.w.embedded.tomcat.TomcatWebServer  : Tomcat initialized with port 8080 (http)
2026-02-08T10:41:14.215+05:30  INFO 27732 --- [productrestapi-profiles] [main] o.apache.catalina.core.StandardService   : Starting service [Tomcat]
2026-02-08T10:41:14.215+05:30  INFO 27732 --- [productrestapi-profiles] [main] o.apache.catalina.core.StandardEngine    : Starting Servlet engine: [Apache Tomcat/10.1.50]
2026-02-08T10:41:14.296+05:30  INFO 27732 --- [productrestapi-profiles] [main] o.a.c.c.C.[.[localhost].[/productapi]    : Initializing Spring embedded WebApplicationContext
2026-02-08T10:41:14.297+05:30  INFO 27732 --- [productrestapi-profiles] [main] w.s.c.ServletWebServerApplicationContext : Root WebApplicationContext: initialization completed in 2219 ms
2026-02-08T10:41:14.713+05:30  INFO 27732 --- [productrestapi-profiles] [main] com.zaxxer.hikari.HikariDataSource       : HikariPool-1 - Starting...
2026-02-08T10:41:15.650+05:30  INFO 27732 --- [productrestapi-profiles] [main] com.zaxxer.hikari.pool.HikariPool        : HikariPool-1 - Added connection com.mysql.cj.jdbc.ConnectionImpl@1df5c7e3
2026-02-08T10:41:15.654+05:30  INFO 27732 --- [productrestapi-profiles] [main] com.zaxxer.hikari.HikariDataSource       : HikariPool-1 - Start completed.
2026-02-08T10:41:15.763+05:30  INFO 27732 --- [productrestapi-profiles] [main] o.hibernate.jpa.internal.util.LogHelper  : HHH000204: Processing PersistenceUnitInfo [name: default]
2026-02-08T10:41:15.990+05:30  INFO 27732 --- [productrestapi-profiles] [main] org.hibernate.Version                    : HHH000412: Hibernate ORM core version 6.6.41.Final
2026-02-08T10:41:16.121+05:30  INFO 27732 --- [productrestapi-profiles] [main] o.h.c.internal.RegionFactoryInitiator    : HHH000026: Second-level cache disabled
2026-02-08T10:41:16.949+05:30  INFO 27732 --- [productrestapi-profiles] [main] o.s.o.j.p.SpringPersistenceUnitInfo      : No LoadTimeWeaver setup: ignoring JPA class transformer
2026-02-08T10:41:17.250+05:30  INFO 27732 --- [productrestapi-profiles] [main] org.hibernate.orm.connections.pooling    : HHH10001005: Database info:
	Database JDBC URL [Connecting through datasource 'HikariDataSource (HikariPool-1)']
	Database driver: undefined/unknown
	Database version: 8.0.35
	Autocommit mode: undefined/unknown
	Isolation level: undefined/unknown
	Minimum pool size: undefined/unknown
	Maximum pool size: undefined/unknown
2026-02-08T10:41:18.802+05:30  INFO 27732 --- [productrestapi-profiles] [main] o.h.e.t.j.p.i.JtaPlatformInitiator       : HHH000489: No JTA platform available (set 'hibernate.transaction.jta.platform' to enable JTA platform integration)
2026-02-08T10:41:18.814+05:30  INFO 27732 --- [productrestapi-profiles] [main] j.LocalContainerEntityManagerFactoryBean : Initialized JPA EntityManagerFactory for persistence unit 'default'
2026-02-08T10:41:19.395+05:30  WARN 27732 --- [productrestapi-profiles] [main] JpaBaseConfiguration$JpaWebConfiguration : spring.jpa.open-in-view is enabled by default. Therefore, database queries may be performed during view rendering. Explicitly configure spring.jpa.open-in-view to disable this warning
2026-02-08T10:41:20.432+05:30  INFO 27732 --- [productrestapi-profiles] [main] o.s.b.w.embedded.tomcat.TomcatWebServer  : Tomcat started on port 8080 (http) with context path '/productapi'
2026-02-08T10:41:20.458+05:30  INFO 27732 --- [productrestapi-profiles] [main] c.t.s.ProductrestapiProfilesApplication  : Started ProductrestapiProfilesApplication in 9.522 seconds (process running for 10.171)
2026-02-08T10:41:57.343+05:30  INFO 11028 --- [productrestapi-profiles] [main] s.ProductrestapiProfilesApplicationTests : Starting ProductrestapiProfilesApplicationTests using Java 21.0.5 with PID 11028 (started by prade in D:\Git_Workspace\Bharath\springboot-bharath\productrestapi-profiles)
2026-02-08T10:41:57.346+05:30  INFO 11028 --- [productrestapi-profiles] [main] s.ProductrestapiProfilesApplicationTests : No active profile set, falling back to 1 default profile: "default"
2026-02-08T10:41:58.365+05:30  INFO 11028 --- [productrestapi-profiles] [main] .s.d.r.c.RepositoryConfigurationDelegate : Bootstrapping Spring Data JPA repositories in DEFAULT mode.
2026-02-08T10:41:58.450+05:30  INFO 11028 --- [productrestapi-profiles] [main] .s.d.r.c.RepositoryConfigurationDelegate : Finished Spring Data repository scanning in 63 ms. Found 1 JPA repository interface.
2026-02-08T10:41:59.065+05:30  INFO 11028 --- [productrestapi-profiles] [main] com.zaxxer.hikari.HikariDataSource       : HikariPool-1 - Starting...
2026-02-08T10:41:59.694+05:30  INFO 11028 --- [productrestapi-profiles] [main] com.zaxxer.hikari.pool.HikariPool        : HikariPool-1 - Added connection com.mysql.cj.jdbc.ConnectionImpl@1c98b4eb
2026-02-08T10:41:59.697+05:30  INFO 11028 --- [productrestapi-profiles] [main] com.zaxxer.hikari.HikariDataSource       : HikariPool-1 - Start completed.
2026-02-08T10:41:59.770+05:30  INFO 11028 --- [productrestapi-profiles] [main] o.hibernate.jpa.internal.util.LogHelper  : HHH000204: Processing PersistenceUnitInfo [name: default]
2026-02-08T10:41:59.880+05:30  INFO 11028 --- [productrestapi-profiles] [main] org.hibernate.Version                    : HHH000412: Hibernate ORM core version 6.6.41.Final
2026-02-08T10:41:59.967+05:30  INFO 11028 --- [productrestapi-profiles] [main] o.h.c.internal.RegionFactoryInitiator    : HHH000026: Second-level cache disabled
2026-02-08T10:42:00.458+05:30  INFO 11028 --- [productrestapi-profiles] [main] o.s.o.j.p.SpringPersistenceUnitInfo      : No LoadTimeWeaver setup: ignoring JPA class transformer
2026-02-08T10:42:00.649+05:30  INFO 11028 --- [productrestapi-profiles] [main] org.hibernate.orm.connections.pooling    : HHH10001005: Database info:
	Database JDBC URL [Connecting through datasource 'HikariDataSource (HikariPool-1)']
	Database driver: undefined/unknown
	Database version: 8.0.35
	Autocommit mode: undefined/unknown
	Isolation level: undefined/unknown
	Minimum pool size: undefined/unknown
	Maximum pool size: undefined/unknown
2026-02-08T10:42:01.774+05:30  INFO 11028 --- [productrestapi-profiles] [main] o.h.e.t.j.p.i.JtaPlatformInitiator       : HHH000489: No JTA platform available (set 'hibernate.transaction.jta.platform' to enable JTA platform integration)
2026-02-08T10:42:01.778+05:30  INFO 11028 --- [productrestapi-profiles] [main] j.LocalContainerEntityManagerFactoryBean : Initialized JPA EntityManagerFactory for persistence unit 'default'
2026-02-08T10:42:02.294+05:30  WARN 11028 --- [productrestapi-profiles] [main] JpaBaseConfiguration$JpaWebConfiguration : spring.jpa.open-in-view is enabled by default. Therefore, database queries may be performed during view rendering. Explicitly configure spring.jpa.open-in-view to disable this warning
2026-02-08T10:42:02.867+05:30  INFO 11028 --- [productrestapi-profiles] [main] s.ProductrestapiProfilesApplicationTests : Started ProductrestapiProfilesApplicationTests in 6.076 seconds (process running for 8.013)
2026-02-08T10:42:03.607+05:30  INFO 27732 --- [productrestapi-profiles] [http-nio-8080-exec-1] o.a.c.c.C.[.[localhost].[/productapi]    : Initializing Spring DispatcherServlet 'dispatcherServlet'
2026-02-08T10:42:03.608+05:30  INFO 27732 --- [productrestapi-profiles] [http-nio-8080-exec-1] o.s.web.servlet.DispatcherServlet        : Initializing Servlet 'dispatcherServlet'
2026-02-08T10:42:03.610+05:30  INFO 27732 --- [productrestapi-profiles] [http-nio-8080-exec-1] o.s.web.servlet.DispatcherServlet        : Completed initialization in 2 ms
2026-02-08T10:42:03.725+05:30  INFO 27732 --- [productrestapi-profiles] [http-nio-8080-exec-1] c.t.s.controller.ProductRestController   : finding product by id:3
2026-02-08T10:42:04.102+05:30  INFO 11028 --- [productrestapi-profiles] [SpringApplicationShutdownHook] j.LocalContainerEntityManagerFactoryBean : Closing JPA EntityManagerFactory for persistence unit 'default'
2026-02-08T10:42:04.107+05:30  INFO 11028 --- [productrestapi-profiles] [SpringApplicationShutdownHook] com.zaxxer.hikari.HikariDataSource       : HikariPool-1 - Shutdown initiated...
2026-02-08T10:42:04.140+05:30  INFO 11028 --- [productrestapi-profiles] [SpringApplicationShutdownHook] com.zaxxer.hikari.HikariDataSource       : HikariPool-1 - Shutdown completed.
2026-02-08T10:46:50.221+05:30  INFO 17952 --- [productrestapi-profiles] [main] s.ProductrestapiProfilesApplicationTests : Starting ProductrestapiProfilesApplicationTests using Java 21.0.5 with PID 17952 (started by prade in D:\Git_Workspace\Bharath\springboot-bharath\productrestapi-profiles)
2026-02-08T10:46:50.223+05:30  INFO 17952 --- [productrestapi-profiles] [main] s.ProductrestapiProfilesApplicationTests : The following 1 profile is active: "dev"
2026-02-08T10:46:51.158+05:30  INFO 17952 --- [productrestapi-profiles] [main] .s.d.r.c.RepositoryConfigurationDelegate : Bootstrapping Spring Data JPA repositories in DEFAULT mode.
2026-02-08T10:46:51.263+05:30  INFO 17952 --- [productrestapi-profiles] [main] .s.d.r.c.RepositoryConfigurationDelegate : Finished Spring Data repository scanning in 82 ms. Found 1 JPA repository interface.
2026-02-08T10:46:51.881+05:30  INFO 17952 --- [productrestapi-profiles] [main] com.zaxxer.hikari.HikariDataSource       : HikariPool-1 - Starting...
2026-02-08T10:46:52.637+05:30  INFO 17952 --- [productrestapi-profiles] [main] com.zaxxer.hikari.pool.HikariPool        : HikariPool-1 - Added connection com.mysql.cj.jdbc.ConnectionImpl@44d7e24
2026-02-08T10:46:52.641+05:30  INFO 17952 --- [productrestapi-profiles] [main] com.zaxxer.hikari.HikariDataSource       : HikariPool-1 - Start completed.
2026-02-08T10:46:52.712+05:30  INFO 17952 --- [productrestapi-profiles] [main] o.hibernate.jpa.internal.util.LogHelper  : HHH000204: Processing PersistenceUnitInfo [name: default]
2026-02-08T10:46:52.809+05:30  INFO 17952 --- [productrestapi-profiles] [main] org.hibernate.Version                    : HHH000412: Hibernate ORM core version 6.6.41.Final
2026-02-08T10:46:52.882+05:30  INFO 17952 --- [productrestapi-profiles] [main] o.h.c.internal.RegionFactoryInitiator    : HHH000026: Second-level cache disabled
2026-02-08T10:46:53.440+05:30  INFO 17952 --- [productrestapi-profiles] [main] o.s.o.j.p.SpringPersistenceUnitInfo      : No LoadTimeWeaver setup: ignoring JPA class transformer
2026-02-08T10:46:53.618+05:30  INFO 17952 --- [productrestapi-profiles] [main] org.hibernate.orm.connections.pooling    : HHH10001005: Database info:
	Database JDBC URL [Connecting through datasource 'HikariDataSource (HikariPool-1)']
	Database driver: undefined/unknown
	Database version: 8.0.35
	Autocommit mode: undefined/unknown
	Isolation level: undefined/unknown
	Minimum pool size: undefined/unknown
	Maximum pool size: undefined/unknown
2026-02-08T10:46:54.730+05:30  INFO 17952 --- [productrestapi-profiles] [main] o.h.e.t.j.p.i.JtaPlatformInitiator       : HHH000489: No JTA platform available (set 'hibernate.transaction.jta.platform' to enable JTA platform integration)
2026-02-08T10:46:54.736+05:30  INFO 17952 --- [productrestapi-profiles] [main] j.LocalContainerEntityManagerFactoryBean : Initialized JPA EntityManagerFactory for persistence unit 'default'
2026-02-08T10:46:55.280+05:30  WARN 17952 --- [productrestapi-profiles] [main] JpaBaseConfiguration$JpaWebConfiguration : spring.jpa.open-in-view is enabled by default. Therefore, database queries may be performed during view rendering. Explicitly configure spring.jpa.open-in-view to disable this warning
2026-02-08T10:46:55.948+05:30  INFO 17952 --- [productrestapi-profiles] [main] s.ProductrestapiProfilesApplicationTests : Started ProductrestapiProfilesApplicationTests in 6.293 seconds (process running for 8.482)
2026-02-08T10:46:59.831+05:30  INFO 17952 --- [productrestapi-profiles] [SpringApplicationShutdownHook] j.LocalContainerEntityManagerFactoryBean : Closing JPA EntityManagerFactory for persistence unit 'default'
2026-02-08T10:46:59.846+05:30  INFO 17952 --- [productrestapi-profiles] [SpringApplicationShutdownHook] com.zaxxer.hikari.HikariDataSource       : HikariPool-1 - Shutdown initiated...
2026-02-08T10:46:59.889+05:30  INFO 17952 --- [productrestapi-profiles] [SpringApplicationShutdownHook] com.zaxxer.hikari.HikariDataSource       : HikariPool-1 - Shutdown completed.
2026-02-08T10:50:11.340+05:30  INFO 15124 --- [productrestapi-profiles] [main] s.ProductrestapiProfilesApplicationTests : Starting ProductrestapiProfilesApplicationTests using Java 21.0.5 with PID 15124 (started by prade in D:\Git_Workspace\Bharath\springboot-bharath\productrestapi-profiles)
2026-02-08T10:50:11.343+05:30  INFO 15124 --- [productrestapi-profiles] [main] s.ProductrestapiProfilesApplicationTests : The following 1 profile is active: "dev"
2026-02-08T10:50:12.301+05:30  INFO 15124 --- [productrestapi-profiles] [main] .s.d.r.c.RepositoryConfigurationDelegate : Bootstrapping Spring Data JPA repositories in DEFAULT mode.
2026-02-08T10:50:12.403+05:30  INFO 15124 --- [productrestapi-profiles] [main] .s.d.r.c.RepositoryConfigurationDelegate : Finished Spring Data repository scanning in 83 ms. Found 1 JPA repository interface.
2026-02-08T10:50:13.016+05:30  INFO 15124 --- [productrestapi-profiles] [main] com.zaxxer.hikari.HikariDataSource       : HikariPool-1 - Starting...
2026-02-08T10:50:13.692+05:30  INFO 15124 --- [productrestapi-profiles] [main] com.zaxxer.hikari.pool.HikariPool        : HikariPool-1 - Added connection com.mysql.cj.jdbc.ConnectionImpl@6a1568d6
2026-02-08T10:50:13.696+05:30  INFO 15124 --- [productrestapi-profiles] [main] com.zaxxer.hikari.HikariDataSource       : HikariPool-1 - Start completed.
2026-02-08T10:50:13.764+05:30  INFO 15124 --- [productrestapi-profiles] [main] o.hibernate.jpa.internal.util.LogHelper  : HHH000204: Processing PersistenceUnitInfo [name: default]
2026-02-08T10:50:13.854+05:30  INFO 15124 --- [productrestapi-profiles] [main] org.hibernate.Version                    : HHH000412: Hibernate ORM core version 6.6.41.Final
2026-02-08T10:50:13.932+05:30  INFO 15124 --- [productrestapi-profiles] [main] o.h.c.internal.RegionFactoryInitiator    : HHH000026: Second-level cache disabled
2026-02-08T10:50:14.442+05:30  INFO 15124 --- [productrestapi-profiles] [main] o.s.o.j.p.SpringPersistenceUnitInfo      : No LoadTimeWeaver setup: ignoring JPA class transformer
2026-02-08T10:50:14.638+05:30  INFO 15124 --- [productrestapi-profiles] [main] org.hibernate.orm.connections.pooling    : HHH10001005: Database info:
	Database JDBC URL [Connecting through datasource 'HikariDataSource (HikariPool-1)']
	Database driver: undefined/unknown
	Database version: 8.0.35
	Autocommit mode: undefined/unknown
	Isolation level: undefined/unknown
	Minimum pool size: undefined/unknown
	Maximum pool size: undefined/unknown
2026-02-08T10:50:15.663+05:30  INFO 15124 --- [productrestapi-profiles] [main] o.h.e.t.j.p.i.JtaPlatformInitiator       : HHH000489: No JTA platform available (set 'hibernate.transaction.jta.platform' to enable JTA platform integration)
2026-02-08T10:50:15.667+05:30  INFO 15124 --- [productrestapi-profiles] [main] j.LocalContainerEntityManagerFactoryBean : Initialized JPA EntityManagerFactory for persistence unit 'default'
2026-02-08T10:50:16.143+05:30  WARN 15124 --- [productrestapi-profiles] [main] JpaBaseConfiguration$JpaWebConfiguration : spring.jpa.open-in-view is enabled by default. Therefore, database queries may be performed during view rendering. Explicitly configure spring.jpa.open-in-view to disable this warning
2026-02-08T10:50:16.725+05:30  INFO 15124 --- [productrestapi-profiles] [main] s.ProductrestapiProfilesApplicationTests : Started ProductrestapiProfilesApplicationTests in 5.965 seconds (process running for 7.996)
2026-02-08T10:50:20.121+05:30  INFO 15124 --- [productrestapi-profiles] [SpringApplicationShutdownHook] j.LocalContainerEntityManagerFactoryBean : Closing JPA EntityManagerFactory for persistence unit 'default'
2026-02-08T10:50:20.127+05:30  INFO 15124 --- [productrestapi-profiles] [SpringApplicationShutdownHook] com.zaxxer.hikari.HikariDataSource       : HikariPool-1 - Shutdown initiated...
2026-02-08T10:50:20.145+05:30  INFO 15124 --- [productrestapi-profiles] [SpringApplicationShutdownHook] com.zaxxer.hikari.HikariDataSource       : HikariPool-1 - Shutdown completed.
2026-02-08T10:51:25.171+05:30  INFO 27732 --- [productrestapi-profiles] [SpringApplicationShutdownHook] o.s.b.w.e.tomcat.GracefulShutdown        : Commencing graceful shutdown. Waiting for active requests to complete
2026-02-08T10:51:25.186+05:30  INFO 27732 --- [productrestapi-profiles] [tomcat-shutdown] o.s.b.w.e.tomcat.GracefulShutdown        : Graceful shutdown complete
2026-02-08T10:51:25.192+05:30  INFO 27732 --- [productrestapi-profiles] [SpringApplicationShutdownHook] j.LocalContainerEntityManagerFactoryBean : Closing JPA EntityManagerFactory for persistence unit 'default'
2026-02-08T10:51:25.196+05:30  INFO 27732 --- [productrestapi-profiles] [SpringApplicationShutdownHook] com.zaxxer.hikari.HikariDataSource       : HikariPool-1 - Shutdown initiated...
2026-02-08T10:51:25.215+05:30  INFO 27732 --- [productrestapi-profiles] [SpringApplicationShutdownHook] com.zaxxer.hikari.HikariDataSource       : HikariPool-1 - Shutdown completed.
2026-02-08T10:51:28.901+05:30  INFO 4460 --- [productrestapi-profiles] [main] c.t.s.ProductrestapiProfilesApplication  : Starting ProductrestapiProfilesApplication using Java 21.0.5 with PID 4460 (D:\Git_Workspace\Bharath\springboot-bharath\productrestapi-profiles\target\classes started by prade in D:\Git_Workspace\Bharath\springboot-bharath\productrestapi-profiles)
2026-02-08T10:51:28.907+05:30  INFO 4460 --- [productrestapi-profiles] [main] c.t.s.ProductrestapiProfilesApplication  : The following 1 profile is active: "qa"
2026-02-08T10:51:30.132+05:30  INFO 4460 --- [productrestapi-profiles] [main] .s.d.r.c.RepositoryConfigurationDelegate : Bootstrapping Spring Data JPA repositories in DEFAULT mode.
2026-02-08T10:51:30.245+05:30  INFO 4460 --- [productrestapi-profiles] [main] .s.d.r.c.RepositoryConfigurationDelegate : Finished Spring Data repository scanning in 94 ms. Found 1 JPA repository interface.
2026-02-08T10:51:31.700+05:30  INFO 4460 --- [productrestapi-profiles] [main] o.s.b.w.embedded.tomcat.TomcatWebServer  : Tomcat initialized with port 8080 (http)
2026-02-08T10:51:31.754+05:30  INFO 4460 --- [productrestapi-profiles] [main] o.apache.catalina.core.StandardService   : Starting service [Tomcat]
2026-02-08T10:51:31.755+05:30  INFO 4460 --- [productrestapi-profiles] [main] o.apache.catalina.core.StandardEngine    : Starting Servlet engine: [Apache Tomcat/10.1.50]
2026-02-08T10:51:31.959+05:30  INFO 4460 --- [productrestapi-profiles] [main] o.a.c.c.C.[.[localhost].[/productapi]    : Initializing Spring embedded WebApplicationContext
2026-02-08T10:51:31.960+05:30  INFO 4460 --- [productrestapi-profiles] [main] w.s.c.ServletWebServerApplicationContext : Root WebApplicationContext: initialization completed in 2933 ms
2026-02-08T10:51:32.466+05:30  INFO 4460 --- [productrestapi-profiles] [main] com.zaxxer.hikari.HikariDataSource       : HikariPool-1 - Starting...
2026-02-08T10:51:33.892+05:30  INFO 4460 --- [productrestapi-profiles] [main] com.zaxxer.hikari.pool.HikariPool        : HikariPool-1 - Added connection com.mysql.cj.jdbc.ConnectionImpl@6b415f5f
2026-02-08T10:51:33.901+05:30  INFO 4460 --- [productrestapi-profiles] [main] com.zaxxer.hikari.HikariDataSource       : HikariPool-1 - Start completed.
2026-02-08T10:51:34.094+05:30  INFO 4460 --- [productrestapi-profiles] [main] o.hibernate.jpa.internal.util.LogHelper  : HHH000204: Processing PersistenceUnitInfo [name: default]
2026-02-08T10:51:34.296+05:30  INFO 4460 --- [productrestapi-profiles] [main] org.hibernate.Version                    : HHH000412: Hibernate ORM core version 6.6.41.Final
2026-02-08T10:51:34.469+05:30  INFO 4460 --- [productrestapi-profiles] [main] o.h.c.internal.RegionFactoryInitiator    : HHH000026: Second-level cache disabled
2026-02-08T10:51:35.552+05:30  INFO 4460 --- [productrestapi-profiles] [main] o.s.o.j.p.SpringPersistenceUnitInfo      : No LoadTimeWeaver setup: ignoring JPA class transformer
2026-02-08T10:51:35.886+05:30  INFO 4460 --- [productrestapi-profiles] [main] org.hibernate.orm.connections.pooling    : HHH10001005: Database info:
	Database JDBC URL [Connecting through datasource 'HikariDataSource (HikariPool-1)']
	Database driver: undefined/unknown
	Database version: 8.0.35
	Autocommit mode: undefined/unknown
	Isolation level: undefined/unknown
	Minimum pool size: undefined/unknown
	Maximum pool size: undefined/unknown
2026-02-08T10:51:38.224+05:30  INFO 4460 --- [productrestapi-profiles] [main] o.h.e.t.j.p.i.JtaPlatformInitiator       : HHH000489: No JTA platform available (set 'hibernate.transaction.jta.platform' to enable JTA platform integration)
2026-02-08T10:51:38.232+05:30  INFO 4460 --- [productrestapi-profiles] [main] j.LocalContainerEntityManagerFactoryBean : Initialized JPA EntityManagerFactory for persistence unit 'default'
2026-02-08T10:51:39.075+05:30  WARN 4460 --- [productrestapi-profiles] [main] JpaBaseConfiguration$JpaWebConfiguration : spring.jpa.open-in-view is enabled by default. Therefore, database queries may be performed during view rendering. Explicitly configure spring.jpa.open-in-view to disable this warning
2026-02-08T10:51:40.421+05:30  INFO 4460 --- [productrestapi-profiles] [main] o.s.b.w.embedded.tomcat.TomcatWebServer  : Tomcat started on port 8080 (http) with context path '/productapi'
2026-02-08T10:51:40.457+05:30  INFO 4460 --- [productrestapi-profiles] [main] c.t.s.ProductrestapiProfilesApplication  : Started ProductrestapiProfilesApplication in 12.46 seconds (process running for 13.125)
2026-02-08T10:52:04.443+05:30  INFO 14700 --- [productrestapi-profiles] [main] s.ProductrestapiProfilesApplicationTests : Starting ProductrestapiProfilesApplicationTests using Java 21.0.5 with PID 14700 (started by prade in D:\Git_Workspace\Bharath\springboot-bharath\productrestapi-profiles)
2026-02-08T10:52:04.445+05:30  INFO 14700 --- [productrestapi-profiles] [main] s.ProductrestapiProfilesApplicationTests : No active profile set, falling back to 1 default profile: "default"
2026-02-08T10:52:05.455+05:30  INFO 14700 --- [productrestapi-profiles] [main] .s.d.r.c.RepositoryConfigurationDelegate : Bootstrapping Spring Data JPA repositories in DEFAULT mode.
2026-02-08T10:52:05.529+05:30  INFO 14700 --- [productrestapi-profiles] [main] .s.d.r.c.RepositoryConfigurationDelegate : Finished Spring Data repository scanning in 58 ms. Found 1 JPA repository interface.
2026-02-08T10:52:06.150+05:30  INFO 14700 --- [productrestapi-profiles] [main] com.zaxxer.hikari.HikariDataSource       : HikariPool-1 - Starting...
2026-02-08T10:52:06.820+05:30  INFO 14700 --- [productrestapi-profiles] [main] com.zaxxer.hikari.pool.HikariPool        : HikariPool-1 - Added connection com.mysql.cj.jdbc.ConnectionImpl@1c98b4eb
2026-02-08T10:52:06.825+05:30  INFO 14700 --- [productrestapi-profiles] [main] com.zaxxer.hikari.HikariDataSource       : HikariPool-1 - Start completed.
2026-02-08T10:52:06.922+05:30  INFO 14700 --- [productrestapi-profiles] [main] o.hibernate.jpa.internal.util.LogHelper  : HHH000204: Processing PersistenceUnitInfo [name: default]
2026-02-08T10:52:07.016+05:30  INFO 14700 --- [productrestapi-profiles] [main] org.hibernate.Version                    : HHH000412: Hibernate ORM core version 6.6.41.Final
2026-02-08T10:52:07.112+05:30  INFO 14700 --- [productrestapi-profiles] [main] o.h.c.internal.RegionFactoryInitiator    : HHH000026: Second-level cache disabled
2026-02-08T10:52:07.702+05:30  INFO 14700 --- [productrestapi-profiles] [main] o.s.o.j.p.SpringPersistenceUnitInfo      : No LoadTimeWeaver setup: ignoring JPA class transformer
2026-02-08T10:52:07.870+05:30  INFO 14700 --- [productrestapi-profiles] [main] org.hibernate.orm.connections.pooling    : HHH10001005: Database info:
	Database JDBC URL [Connecting through datasource 'HikariDataSource (HikariPool-1)']
	Database driver: undefined/unknown
	Database version: 8.0.35
	Autocommit mode: undefined/unknown
	Isolation level: undefined/unknown
	Minimum pool size: undefined/unknown
	Maximum pool size: undefined/unknown
2026-02-08T10:52:09.113+05:30  INFO 14700 --- [productrestapi-profiles] [main] o.h.e.t.j.p.i.JtaPlatformInitiator       : HHH000489: No JTA platform available (set 'hibernate.transaction.jta.platform' to enable JTA platform integration)
2026-02-08T10:52:09.116+05:30  INFO 14700 --- [productrestapi-profiles] [main] j.LocalContainerEntityManagerFactoryBean : Initialized JPA EntityManagerFactory for persistence unit 'default'
2026-02-08T10:52:09.618+05:30  WARN 14700 --- [productrestapi-profiles] [main] JpaBaseConfiguration$JpaWebConfiguration : spring.jpa.open-in-view is enabled by default. Therefore, database queries may be performed during view rendering. Explicitly configure spring.jpa.open-in-view to disable this warning
2026-02-08T10:52:10.201+05:30  INFO 14700 --- [productrestapi-profiles] [main] s.ProductrestapiProfilesApplicationTests : Started ProductrestapiProfilesApplicationTests in 6.36 seconds (process running for 8.438)
2026-02-08T10:52:11.018+05:30  INFO 4460 --- [productrestapi-profiles] [http-nio-8080-exec-1] o.a.c.c.C.[.[localhost].[/productapi]    : Initializing Spring DispatcherServlet 'dispatcherServlet'
2026-02-08T10:52:11.021+05:30  INFO 4460 --- [productrestapi-profiles] [http-nio-8080-exec-1] o.s.web.servlet.DispatcherServlet        : Initializing Servlet 'dispatcherServlet'
2026-02-08T10:52:11.024+05:30  INFO 4460 --- [productrestapi-profiles] [http-nio-8080-exec-1] o.s.web.servlet.DispatcherServlet        : Completed initialization in 2 ms
2026-02-08T10:52:11.152+05:30  INFO 4460 --- [productrestapi-profiles] [http-nio-8080-exec-1] c.t.s.controller.ProductRestController   : finding product by id:3
2026-02-08T10:52:11.388+05:30  INFO 14700 --- [productrestapi-profiles] [SpringApplicationShutdownHook] j.LocalContainerEntityManagerFactoryBean : Closing JPA EntityManagerFactory for persistence unit 'default'
2026-02-08T10:52:11.391+05:30  INFO 14700 --- [productrestapi-profiles] [SpringApplicationShutdownHook] com.zaxxer.hikari.HikariDataSource       : HikariPool-1 - Shutdown initiated...
2026-02-08T10:52:11.406+05:30  INFO 14700 --- [productrestapi-profiles] [SpringApplicationShutdownHook] com.zaxxer.hikari.HikariDataSource       : HikariPool-1 - Shutdown completed.
2026-02-08T10:53:29.918+05:30  INFO 33576 --- [productrestapi-profiles] [main] s.ProductrestapiProfilesApplicationTests : Starting ProductrestapiProfilesApplicationTests using Java 21.0.5 with PID 33576 (started by prade in D:\Git_Workspace\Bharath\springboot-bharath\productrestapi-profiles)
2026-02-08T10:53:29.920+05:30  INFO 33576 --- [productrestapi-profiles] [main] s.ProductrestapiProfilesApplicationTests : The following 1 profile is active: "qa"
2026-02-08T10:53:30.888+05:30  INFO 33576 --- [productrestapi-profiles] [main] .s.d.r.c.RepositoryConfigurationDelegate : Bootstrapping Spring Data JPA repositories in DEFAULT mode.
2026-02-08T10:53:30.967+05:30  INFO 33576 --- [productrestapi-profiles] [main] .s.d.r.c.RepositoryConfigurationDelegate : Finished Spring Data repository scanning in 67 ms. Found 1 JPA repository interface.
2026-02-08T10:53:31.562+05:30  INFO 33576 --- [productrestapi-profiles] [main] com.zaxxer.hikari.HikariDataSource       : HikariPool-1 - Starting...
2026-02-08T10:53:32.211+05:30  INFO 33576 --- [productrestapi-profiles] [main] com.zaxxer.hikari.pool.HikariPool        : HikariPool-1 - Added connection com.mysql.cj.jdbc.ConnectionImpl@7e5efcab
2026-02-08T10:53:32.214+05:30  INFO 33576 --- [productrestapi-profiles] [main] com.zaxxer.hikari.HikariDataSource       : HikariPool-1 - Start completed.
2026-02-08T10:53:32.280+05:30  INFO 33576 --- [productrestapi-profiles] [main] o.hibernate.jpa.internal.util.LogHelper  : HHH000204: Processing PersistenceUnitInfo [name: default]
2026-02-08T10:53:32.390+05:30  INFO 33576 --- [productrestapi-profiles] [main] org.hibernate.Version                    : HHH000412: Hibernate ORM core version 6.6.41.Final
2026-02-08T10:53:32.463+05:30  INFO 33576 --- [productrestapi-profiles] [main] o.h.c.internal.RegionFactoryInitiator    : HHH000026: Second-level cache disabled
2026-02-08T10:53:33.031+05:30  INFO 33576 --- [productrestapi-profiles] [main] o.s.o.j.p.SpringPersistenceUnitInfo      : No LoadTimeWeaver setup: ignoring JPA class transformer
2026-02-08T10:53:33.193+05:30  INFO 33576 --- [productrestapi-profiles] [main] org.hibernate.orm.connections.pooling    : HHH10001005: Database info:
	Database JDBC URL [Connecting through datasource 'HikariDataSource (HikariPool-1)']
	Database driver: undefined/unknown
	Database version: 8.0.35
	Autocommit mode: undefined/unknown
	Isolation level: undefined/unknown
	Minimum pool size: undefined/unknown
	Maximum pool size: undefined/unknown
2026-02-08T10:53:34.344+05:30  INFO 33576 --- [productrestapi-profiles] [main] o.h.e.t.j.p.i.JtaPlatformInitiator       : HHH000489: No JTA platform available (set 'hibernate.transaction.jta.platform' to enable JTA platform integration)
2026-02-08T10:53:34.350+05:30  INFO 33576 --- [productrestapi-profiles] [main] j.LocalContainerEntityManagerFactoryBean : Initialized JPA EntityManagerFactory for persistence unit 'default'
2026-02-08T10:53:34.831+05:30  WARN 33576 --- [productrestapi-profiles] [main] JpaBaseConfiguration$JpaWebConfiguration : spring.jpa.open-in-view is enabled by default. Therefore, database queries may be performed during view rendering. Explicitly configure spring.jpa.open-in-view to disable this warning
2026-02-08T10:53:35.465+05:30  INFO 33576 --- [productrestapi-profiles] [main] s.ProductrestapiProfilesApplicationTests : Started ProductrestapiProfilesApplicationTests in 6.11 seconds (process running for 8.158)
2026-02-08T10:53:38.887+05:30  INFO 33576 --- [productrestapi-profiles] [SpringApplicationShutdownHook] j.LocalContainerEntityManagerFactoryBean : Closing JPA EntityManagerFactory for persistence unit 'default'
2026-02-08T10:53:38.892+05:30  INFO 33576 --- [productrestapi-profiles] [SpringApplicationShutdownHook] com.zaxxer.hikari.HikariDataSource       : HikariPool-1 - Shutdown initiated...
2026-02-08T10:53:38.918+05:30  INFO 33576 --- [productrestapi-profiles] [SpringApplicationShutdownHook] com.zaxxer.hikari.HikariDataSource       : HikariPool-1 - Shutdown completed.
2026-02-08T10:53:43.110+05:30  INFO 4460 --- [productrestapi-profiles] [SpringApplicationShutdownHook] o.s.b.w.e.tomcat.GracefulShutdown        : Commencing graceful shutdown. Waiting for active requests to complete
2026-02-08T10:53:43.123+05:30  INFO 4460 --- [productrestapi-profiles] [tomcat-shutdown] o.s.b.w.e.tomcat.GracefulShutdown        : Graceful shutdown complete
2026-02-08T10:53:43.129+05:30  INFO 4460 --- [productrestapi-profiles] [SpringApplicationShutdownHook] j.LocalContainerEntityManagerFactoryBean : Closing JPA EntityManagerFactory for persistence unit 'default'
2026-02-08T10:53:43.134+05:30  INFO 4460 --- [productrestapi-profiles] [SpringApplicationShutdownHook] com.zaxxer.hikari.HikariDataSource       : HikariPool-1 - Shutdown initiated...
2026-02-08T10:53:43.152+05:30  INFO 4460 --- [productrestapi-profiles] [SpringApplicationShutdownHook] com.zaxxer.hikari.HikariDataSource       : HikariPool-1 - Shutdown completed.
