2024-05-10T18:58:20.024+05:30  INFO 29304 --- [productrestapi-customhealth] [main] .s.ProductrestapiCustomhealthApplication : Starting ProductrestapiCustomhealthApplication using Java 17.0.9 with PID 29304 (D:\Workspace\springboot-bharath\productrestapi-customhealth\target\classes started by prade in D:\Workspace\springboot-bharath\productrestapi-customhealth)
2024-05-10T18:58:20.028+05:30  INFO 29304 --- [productrestapi-customhealth] [main] .s.ProductrestapiCustomhealthApplication : The following 1 profile is active: "dev"
2024-05-10T18:58:21.101+05:30  INFO 29304 --- [productrestapi-customhealth] [main] .s.d.r.c.RepositoryConfigurationDelegate : Bootstrapping Spring Data JPA repositories in DEFAULT mode.
2024-05-10T18:58:21.162+05:30  INFO 29304 --- [productrestapi-customhealth] [main] .s.d.r.c.RepositoryConfigurationDelegate : Finished Spring Data repository scanning in 52 ms. Found 1 JPA repository interface.
2024-05-10T18:58:21.968+05:30  INFO 29304 --- [productrestapi-customhealth] [main] o.s.b.w.embedded.tomcat.TomcatWebServer  : Tomcat initialized with port 8080 (http)
2024-05-10T18:58:21.978+05:30  INFO 29304 --- [productrestapi-customhealth] [main] o.apache.catalina.core.StandardService   : Starting service [Tomcat]
2024-05-10T18:58:21.978+05:30  INFO 29304 --- [productrestapi-customhealth] [main] o.apache.catalina.core.StandardEngine    : Starting Servlet engine: [Apache Tomcat/10.1.20]
2024-05-10T18:58:22.106+05:30  INFO 29304 --- [productrestapi-customhealth] [main] o.a.c.c.C.[.[localhost].[/productapi]    : Initializing Spring embedded WebApplicationContext
2024-05-10T18:58:22.106+05:30  INFO 29304 --- [productrestapi-customhealth] [main] w.s.c.ServletWebServerApplicationContext : Root WebApplicationContext: initialization completed in 2005 ms
2024-05-10T18:58:22.506+05:30  INFO 29304 --- [productrestapi-customhealth] [main] com.zaxxer.hikari.HikariDataSource       : HikariPool-1 - Starting...
2024-05-10T18:58:22.827+05:30  INFO 29304 --- [productrestapi-customhealth] [main] com.zaxxer.hikari.pool.HikariPool        : HikariPool-1 - Added connection com.mysql.cj.jdbc.ConnectionImpl@7b44bfb8
2024-05-10T18:58:22.830+05:30  INFO 29304 --- [productrestapi-customhealth] [main] com.zaxxer.hikari.HikariDataSource       : HikariPool-1 - Start completed.
2024-05-10T18:58:22.871+05:30  INFO 29304 --- [productrestapi-customhealth] [main] o.hibernate.jpa.internal.util.LogHelper  : HHH000204: Processing PersistenceUnitInfo [name: default]
2024-05-10T18:58:22.913+05:30  INFO 29304 --- [productrestapi-customhealth] [main] org.hibernate.Version                    : HHH000412: Hibernate ORM core version 6.4.4.Final
2024-05-10T18:58:22.941+05:30  INFO 29304 --- [productrestapi-customhealth] [main] o.h.c.internal.RegionFactoryInitiator    : HHH000026: Second-level cache disabled
2024-05-10T18:58:23.307+05:30  INFO 29304 --- [productrestapi-customhealth] [main] o.s.o.j.p.SpringPersistenceUnitInfo      : No LoadTimeWeaver setup: ignoring JPA class transformer
2024-05-10T18:58:24.119+05:30  INFO 29304 --- [productrestapi-customhealth] [main] o.h.e.t.j.p.i.JtaPlatformInitiator       : HHH000489: No JTA platform available (set 'hibernate.transaction.jta.platform' to enable JTA platform integration)
2024-05-10T18:58:24.121+05:30  INFO 29304 --- [productrestapi-customhealth] [main] j.LocalContainerEntityManagerFactoryBean : Initialized JPA EntityManagerFactory for persistence unit 'default'
2024-05-10T18:58:24.513+05:30  WARN 29304 --- [productrestapi-customhealth] [main] JpaBaseConfiguration$JpaWebConfiguration : spring.jpa.open-in-view is enabled by default. Therefore, database queries may be performed during view rendering. Explicitly configure spring.jpa.open-in-view to disable this warning
2024-05-10T18:58:25.226+05:30  INFO 29304 --- [productrestapi-customhealth] [main] o.s.b.a.e.web.EndpointLinksResolver      : Exposing 14 endpoint(s) beneath base path '/actuator'
2024-05-10T18:58:25.318+05:30  INFO 29304 --- [productrestapi-customhealth] [main] o.s.b.w.embedded.tomcat.TomcatWebServer  : Tomcat started on port 8080 (http) with context path '/productapi'
2024-05-10T18:58:25.332+05:30  INFO 29304 --- [productrestapi-customhealth] [main] .s.ProductrestapiCustomhealthApplication : Started ProductrestapiCustomhealthApplication in 5.74 seconds (process running for 6.116)
2024-05-10T18:58:35.168+05:30  INFO 29304 --- [productrestapi-customhealth] [http-nio-8080-exec-1] o.a.c.c.C.[.[localhost].[/productapi]    : Initializing Spring DispatcherServlet 'dispatcherServlet'
2024-05-10T18:58:35.170+05:30  INFO 29304 --- [productrestapi-customhealth] [http-nio-8080-exec-1] o.s.web.servlet.DispatcherServlet        : Initializing Servlet 'dispatcherServlet'
2024-05-10T18:58:35.173+05:30  INFO 29304 --- [productrestapi-customhealth] [http-nio-8080-exec-1] o.s.web.servlet.DispatcherServlet        : Completed initialization in 3 ms
2024-05-10T18:58:58.886+05:30  INFO 29304 --- [productrestapi-customhealth] [SpringApplicationShutdownHook] j.LocalContainerEntityManagerFactoryBean : Closing JPA EntityManagerFactory for persistence unit 'default'
2024-05-10T18:58:58.889+05:30  INFO 29304 --- [productrestapi-customhealth] [SpringApplicationShutdownHook] com.zaxxer.hikari.HikariDataSource       : HikariPool-1 - Shutdown initiated...
2024-05-10T18:58:58.903+05:30  INFO 29304 --- [productrestapi-customhealth] [SpringApplicationShutdownHook] com.zaxxer.hikari.HikariDataSource       : HikariPool-1 - Shutdown completed.
2024-05-10T18:59:01.940+05:30  INFO 15596 --- [productrestapi-customhealth] [main] .s.ProductrestapiCustomhealthApplication : Starting ProductrestapiCustomhealthApplication using Java 17.0.9 with PID 15596 (D:\Workspace\springboot-bharath\productrestapi-customhealth\target\classes started by prade in D:\Workspace\springboot-bharath\productrestapi-customhealth)
2024-05-10T18:59:01.943+05:30  INFO 15596 --- [productrestapi-customhealth] [main] .s.ProductrestapiCustomhealthApplication : The following 1 profile is active: "dev"
2024-05-10T18:59:02.923+05:30  INFO 15596 --- [productrestapi-customhealth] [main] .s.d.r.c.RepositoryConfigurationDelegate : Bootstrapping Spring Data JPA repositories in DEFAULT mode.
2024-05-10T18:59:02.974+05:30  INFO 15596 --- [productrestapi-customhealth] [main] .s.d.r.c.RepositoryConfigurationDelegate : Finished Spring Data repository scanning in 41 ms. Found 1 JPA repository interface.
2024-05-10T18:59:03.741+05:30  INFO 15596 --- [productrestapi-customhealth] [main] o.s.b.w.embedded.tomcat.TomcatWebServer  : Tomcat initialized with port 8080 (http)
2024-05-10T18:59:03.751+05:30  INFO 15596 --- [productrestapi-customhealth] [main] o.apache.catalina.core.StandardService   : Starting service [Tomcat]
2024-05-10T18:59:03.751+05:30  INFO 15596 --- [productrestapi-customhealth] [main] o.apache.catalina.core.StandardEngine    : Starting Servlet engine: [Apache Tomcat/10.1.20]
2024-05-10T18:59:03.838+05:30  INFO 15596 --- [productrestapi-customhealth] [main] o.a.c.c.C.[.[localhost].[/productapi]    : Initializing Spring embedded WebApplicationContext
2024-05-10T18:59:03.839+05:30  INFO 15596 --- [productrestapi-customhealth] [main] w.s.c.ServletWebServerApplicationContext : Root WebApplicationContext: initialization completed in 1838 ms
2024-05-10T18:59:04.164+05:30  INFO 15596 --- [productrestapi-customhealth] [main] com.zaxxer.hikari.HikariDataSource       : HikariPool-1 - Starting...
2024-05-10T18:59:04.458+05:30  INFO 15596 --- [productrestapi-customhealth] [main] com.zaxxer.hikari.pool.HikariPool        : HikariPool-1 - Added connection com.mysql.cj.jdbc.ConnectionImpl@7534785a
2024-05-10T18:59:04.460+05:30  INFO 15596 --- [productrestapi-customhealth] [main] com.zaxxer.hikari.HikariDataSource       : HikariPool-1 - Start completed.
2024-05-10T18:59:04.500+05:30  INFO 15596 --- [productrestapi-customhealth] [main] o.hibernate.jpa.internal.util.LogHelper  : HHH000204: Processing PersistenceUnitInfo [name: default]
2024-05-10T18:59:04.539+05:30  INFO 15596 --- [productrestapi-customhealth] [main] org.hibernate.Version                    : HHH000412: Hibernate ORM core version 6.4.4.Final
2024-05-10T18:59:04.593+05:30  INFO 15596 --- [productrestapi-customhealth] [main] o.h.c.internal.RegionFactoryInitiator    : HHH000026: Second-level cache disabled
2024-05-10T18:59:04.905+05:30  INFO 15596 --- [productrestapi-customhealth] [main] o.s.o.j.p.SpringPersistenceUnitInfo      : No LoadTimeWeaver setup: ignoring JPA class transformer
2024-05-10T18:59:05.648+05:30  INFO 15596 --- [productrestapi-customhealth] [main] o.h.e.t.j.p.i.JtaPlatformInitiator       : HHH000489: No JTA platform available (set 'hibernate.transaction.jta.platform' to enable JTA platform integration)
2024-05-10T18:59:05.651+05:30  INFO 15596 --- [productrestapi-customhealth] [main] j.LocalContainerEntityManagerFactoryBean : Initialized JPA EntityManagerFactory for persistence unit 'default'
2024-05-10T18:59:06.027+05:30  WARN 15596 --- [productrestapi-customhealth] [main] JpaBaseConfiguration$JpaWebConfiguration : spring.jpa.open-in-view is enabled by default. Therefore, database queries may be performed during view rendering. Explicitly configure spring.jpa.open-in-view to disable this warning
2024-05-10T18:59:06.683+05:30  INFO 15596 --- [productrestapi-customhealth] [main] o.s.b.a.e.web.EndpointLinksResolver      : Exposing 14 endpoint(s) beneath base path '/actuator'
2024-05-10T18:59:06.766+05:30  INFO 15596 --- [productrestapi-customhealth] [main] o.s.b.w.embedded.tomcat.TomcatWebServer  : Tomcat started on port 8080 (http) with context path '/productapi'
2024-05-10T18:59:06.776+05:30  INFO 15596 --- [productrestapi-customhealth] [main] .s.ProductrestapiCustomhealthApplication : Started ProductrestapiCustomhealthApplication in 5.273 seconds (process running for 5.636)
2024-05-10T18:59:12.941+05:30  INFO 15596 --- [productrestapi-customhealth] [http-nio-8080-exec-1] o.a.c.c.C.[.[localhost].[/productapi]    : Initializing Spring DispatcherServlet 'dispatcherServlet'
2024-05-10T18:59:12.941+05:30  INFO 15596 --- [productrestapi-customhealth] [http-nio-8080-exec-1] o.s.web.servlet.DispatcherServlet        : Initializing Servlet 'dispatcherServlet'
2024-05-10T18:59:12.943+05:30  INFO 15596 --- [productrestapi-customhealth] [http-nio-8080-exec-1] o.s.web.servlet.DispatcherServlet        : Completed initialization in 2 ms
2024-05-10T19:02:24.204+05:30  INFO 15596 --- [productrestapi-customhealth] [SpringApplicationShutdownHook] j.LocalContainerEntityManagerFactoryBean : Closing JPA EntityManagerFactory for persistence unit 'default'
2024-05-10T19:02:24.208+05:30  INFO 15596 --- [productrestapi-customhealth] [SpringApplicationShutdownHook] com.zaxxer.hikari.HikariDataSource       : HikariPool-1 - Shutdown initiated...
2024-05-10T19:02:24.227+05:30  INFO 15596 --- [productrestapi-customhealth] [SpringApplicationShutdownHook] com.zaxxer.hikari.HikariDataSource       : HikariPool-1 - Shutdown completed.
2024-05-10T19:02:26.070+05:30  INFO 14240 --- [productrestapi-customhealth] [main] .s.ProductrestapiCustomhealthApplication : Starting ProductrestapiCustomhealthApplication using Java 17.0.9 with PID 14240 (D:\Workspace\springboot-bharath\productrestapi-customhealth\target\classes started by prade in D:\Workspace\springboot-bharath\productrestapi-customhealth)
2024-05-10T19:02:26.072+05:30  INFO 14240 --- [productrestapi-customhealth] [main] .s.ProductrestapiCustomhealthApplication : The following 1 profile is active: "dev"
2024-05-10T19:02:26.964+05:30  INFO 14240 --- [productrestapi-customhealth] [main] .s.d.r.c.RepositoryConfigurationDelegate : Bootstrapping Spring Data JPA repositories in DEFAULT mode.
2024-05-10T19:02:27.021+05:30  INFO 14240 --- [productrestapi-customhealth] [main] .s.d.r.c.RepositoryConfigurationDelegate : Finished Spring Data repository scanning in 49 ms. Found 1 JPA repository interface.
2024-05-10T19:02:27.778+05:30  INFO 14240 --- [productrestapi-customhealth] [main] o.s.b.w.embedded.tomcat.TomcatWebServer  : Tomcat initialized with port 8080 (http)
2024-05-10T19:02:27.790+05:30  INFO 14240 --- [productrestapi-customhealth] [main] o.apache.catalina.core.StandardService   : Starting service [Tomcat]
2024-05-10T19:02:27.790+05:30  INFO 14240 --- [productrestapi-customhealth] [main] o.apache.catalina.core.StandardEngine    : Starting Servlet engine: [Apache Tomcat/10.1.20]
2024-05-10T19:02:27.859+05:30  INFO 14240 --- [productrestapi-customhealth] [main] o.a.c.c.C.[.[localhost].[/productapi]    : Initializing Spring embedded WebApplicationContext
2024-05-10T19:02:27.860+05:30  INFO 14240 --- [productrestapi-customhealth] [main] w.s.c.ServletWebServerApplicationContext : Root WebApplicationContext: initialization completed in 1735 ms
2024-05-10T19:02:28.186+05:30  INFO 14240 --- [productrestapi-customhealth] [main] com.zaxxer.hikari.HikariDataSource       : HikariPool-1 - Starting...
2024-05-10T19:02:28.499+05:30  INFO 14240 --- [productrestapi-customhealth] [main] com.zaxxer.hikari.pool.HikariPool        : HikariPool-1 - Added connection com.mysql.cj.jdbc.ConnectionImpl@3b8507df
2024-05-10T19:02:28.501+05:30  INFO 14240 --- [productrestapi-customhealth] [main] com.zaxxer.hikari.HikariDataSource       : HikariPool-1 - Start completed.
2024-05-10T19:02:28.540+05:30  INFO 14240 --- [productrestapi-customhealth] [main] o.hibernate.jpa.internal.util.LogHelper  : HHH000204: Processing PersistenceUnitInfo [name: default]
2024-05-10T19:02:28.618+05:30  INFO 14240 --- [productrestapi-customhealth] [main] org.hibernate.Version                    : HHH000412: Hibernate ORM core version 6.4.4.Final
2024-05-10T19:02:28.667+05:30  INFO 14240 --- [productrestapi-customhealth] [main] o.h.c.internal.RegionFactoryInitiator    : HHH000026: Second-level cache disabled
2024-05-10T19:02:28.921+05:30  INFO 14240 --- [productrestapi-customhealth] [main] o.s.o.j.p.SpringPersistenceUnitInfo      : No LoadTimeWeaver setup: ignoring JPA class transformer
2024-05-10T19:02:29.722+05:30  INFO 14240 --- [productrestapi-customhealth] [main] o.h.e.t.j.p.i.JtaPlatformInitiator       : HHH000489: No JTA platform available (set 'hibernate.transaction.jta.platform' to enable JTA platform integration)
2024-05-10T19:02:29.724+05:30  INFO 14240 --- [productrestapi-customhealth] [main] j.LocalContainerEntityManagerFactoryBean : Initialized JPA EntityManagerFactory for persistence unit 'default'
2024-05-10T19:02:30.072+05:30  WARN 14240 --- [productrestapi-customhealth] [main] JpaBaseConfiguration$JpaWebConfiguration : spring.jpa.open-in-view is enabled by default. Therefore, database queries may be performed during view rendering. Explicitly configure spring.jpa.open-in-view to disable this warning
2024-05-10T19:02:30.690+05:30  INFO 14240 --- [productrestapi-customhealth] [main] o.s.b.a.e.web.EndpointLinksResolver      : Exposing 1 endpoint(s) beneath base path '/actuator'
2024-05-10T19:02:30.774+05:30  INFO 14240 --- [productrestapi-customhealth] [main] o.s.b.w.embedded.tomcat.TomcatWebServer  : Tomcat started on port 8080 (http) with context path '/productapi'
2024-05-10T19:02:30.787+05:30  INFO 14240 --- [productrestapi-customhealth] [main] .s.ProductrestapiCustomhealthApplication : Started ProductrestapiCustomhealthApplication in 5.144 seconds (process running for 5.56)
2024-05-10T19:02:37.409+05:30  INFO 14240 --- [productrestapi-customhealth] [http-nio-8080-exec-1] o.a.c.c.C.[.[localhost].[/productapi]    : Initializing Spring DispatcherServlet 'dispatcherServlet'
2024-05-10T19:02:37.412+05:30  INFO 14240 --- [productrestapi-customhealth] [http-nio-8080-exec-1] o.s.web.servlet.DispatcherServlet        : Initializing Servlet 'dispatcherServlet'
2024-05-10T19:02:37.415+05:30  INFO 14240 --- [productrestapi-customhealth] [http-nio-8080-exec-1] o.s.web.servlet.DispatcherServlet        : Completed initialization in 2 ms
2024-05-10T19:14:33.154+05:30  INFO 14240 --- [productrestapi-customhealth] [SpringApplicationShutdownHook] j.LocalContainerEntityManagerFactoryBean : Closing JPA EntityManagerFactory for persistence unit 'default'
2024-05-10T19:14:33.163+05:30  INFO 14240 --- [productrestapi-customhealth] [SpringApplicationShutdownHook] com.zaxxer.hikari.HikariDataSource       : HikariPool-1 - Shutdown initiated...
2024-05-10T19:14:33.195+05:30  INFO 14240 --- [productrestapi-customhealth] [SpringApplicationShutdownHook] com.zaxxer.hikari.HikariDataSource       : HikariPool-1 - Shutdown completed.
2024-05-10T19:22:30.823+05:30  INFO 11600 --- [productrestapi-customhealth] [main] .s.ProductrestapiCustomhealthApplication : Starting ProductrestapiCustomhealthApplication using Java 17.0.9 with PID 11600 (D:\Workspace\springboot-bharath\productrestapi-customhealth\target\classes started by prade in D:\Workspace\springboot-bharath\productrestapi-customhealth)
2024-05-10T19:22:30.826+05:30  INFO 11600 --- [productrestapi-customhealth] [main] .s.ProductrestapiCustomhealthApplication : The following 1 profile is active: "dev"
2024-05-10T19:22:31.828+05:30  INFO 11600 --- [productrestapi-customhealth] [main] .s.d.r.c.RepositoryConfigurationDelegate : Bootstrapping Spring Data JPA repositories in DEFAULT mode.
2024-05-10T19:22:31.887+05:30  INFO 11600 --- [productrestapi-customhealth] [main] .s.d.r.c.RepositoryConfigurationDelegate : Finished Spring Data repository scanning in 50 ms. Found 1 JPA repository interface.
2024-05-10T19:22:32.603+05:30  INFO 11600 --- [productrestapi-customhealth] [main] o.s.b.w.embedded.tomcat.TomcatWebServer  : Tomcat initialized with port 8080 (http)
2024-05-10T19:22:32.613+05:30  INFO 11600 --- [productrestapi-customhealth] [main] o.apache.catalina.core.StandardService   : Starting service [Tomcat]
2024-05-10T19:22:32.613+05:30  INFO 11600 --- [productrestapi-customhealth] [main] o.apache.catalina.core.StandardEngine    : Starting Servlet engine: [Apache Tomcat/10.1.20]
2024-05-10T19:22:32.695+05:30  INFO 11600 --- [productrestapi-customhealth] [main] o.a.c.c.C.[.[localhost].[/productapi]    : Initializing Spring embedded WebApplicationContext
2024-05-10T19:22:32.695+05:30  INFO 11600 --- [productrestapi-customhealth] [main] w.s.c.ServletWebServerApplicationContext : Root WebApplicationContext: initialization completed in 1821 ms
2024-05-10T19:22:33.002+05:30  INFO 11600 --- [productrestapi-customhealth] [main] com.zaxxer.hikari.HikariDataSource       : HikariPool-1 - Starting...
2024-05-10T19:22:33.315+05:30  INFO 11600 --- [productrestapi-customhealth] [main] com.zaxxer.hikari.pool.HikariPool        : HikariPool-1 - Added connection com.mysql.cj.jdbc.ConnectionImpl@37a67cf
2024-05-10T19:22:33.318+05:30  INFO 11600 --- [productrestapi-customhealth] [main] com.zaxxer.hikari.HikariDataSource       : HikariPool-1 - Start completed.
2024-05-10T19:22:33.354+05:30  INFO 11600 --- [productrestapi-customhealth] [main] o.hibernate.jpa.internal.util.LogHelper  : HHH000204: Processing PersistenceUnitInfo [name: default]
2024-05-10T19:22:33.397+05:30  INFO 11600 --- [productrestapi-customhealth] [main] org.hibernate.Version                    : HHH000412: Hibernate ORM core version 6.4.4.Final
2024-05-10T19:22:33.433+05:30  INFO 11600 --- [productrestapi-customhealth] [main] o.h.c.internal.RegionFactoryInitiator    : HHH000026: Second-level cache disabled
2024-05-10T19:22:33.743+05:30  INFO 11600 --- [productrestapi-customhealth] [main] o.s.o.j.p.SpringPersistenceUnitInfo      : No LoadTimeWeaver setup: ignoring JPA class transformer
2024-05-10T19:22:34.651+05:30  INFO 11600 --- [productrestapi-customhealth] [main] o.h.e.t.j.p.i.JtaPlatformInitiator       : HHH000489: No JTA platform available (set 'hibernate.transaction.jta.platform' to enable JTA platform integration)
2024-05-10T19:22:34.656+05:30  INFO 11600 --- [productrestapi-customhealth] [main] j.LocalContainerEntityManagerFactoryBean : Initialized JPA EntityManagerFactory for persistence unit 'default'
2024-05-10T19:22:35.342+05:30  WARN 11600 --- [productrestapi-customhealth] [main] JpaBaseConfiguration$JpaWebConfiguration : spring.jpa.open-in-view is enabled by default. Therefore, database queries may be performed during view rendering. Explicitly configure spring.jpa.open-in-view to disable this warning
2024-05-10T19:22:36.097+05:30  INFO 11600 --- [productrestapi-customhealth] [main] o.s.b.a.e.web.EndpointLinksResolver      : Exposing 14 endpoint(s) beneath base path '/actuator'
2024-05-10T19:22:36.191+05:30  INFO 11600 --- [productrestapi-customhealth] [main] o.s.b.w.embedded.tomcat.TomcatWebServer  : Tomcat started on port 8080 (http) with context path '/productapi'
2024-05-10T19:22:36.203+05:30  INFO 11600 --- [productrestapi-customhealth] [main] .s.ProductrestapiCustomhealthApplication : Started ProductrestapiCustomhealthApplication in 5.795 seconds (process running for 6.184)
2024-05-10T19:22:40.999+05:30  INFO 11600 --- [productrestapi-customhealth] [http-nio-8080-exec-2] o.a.c.c.C.[.[localhost].[/productapi]    : Initializing Spring DispatcherServlet 'dispatcherServlet'
2024-05-10T19:22:41.001+05:30  INFO 11600 --- [productrestapi-customhealth] [http-nio-8080-exec-2] o.s.web.servlet.DispatcherServlet        : Initializing Servlet 'dispatcherServlet'
2024-05-10T19:22:41.006+05:30  INFO 11600 --- [productrestapi-customhealth] [http-nio-8080-exec-2] o.s.web.servlet.DispatcherServlet        : Completed initialization in 3 ms
2024-05-10T19:23:45.357+05:30  INFO 11600 --- [productrestapi-customhealth] [SpringApplicationShutdownHook] j.LocalContainerEntityManagerFactoryBean : Closing JPA EntityManagerFactory for persistence unit 'default'
2024-05-10T19:23:45.359+05:30  INFO 11600 --- [productrestapi-customhealth] [SpringApplicationShutdownHook] com.zaxxer.hikari.HikariDataSource       : HikariPool-1 - Shutdown initiated...
2024-05-10T19:23:45.380+05:30  INFO 11600 --- [productrestapi-customhealth] [SpringApplicationShutdownHook] com.zaxxer.hikari.HikariDataSource       : HikariPool-1 - Shutdown completed.
2024-05-10T19:23:48.501+05:30  INFO 29008 --- [productrestapi-customhealth] [main] .s.ProductrestapiCustomhealthApplication : Starting ProductrestapiCustomhealthApplication using Java 17.0.9 with PID 29008 (D:\Workspace\springboot-bharath\productrestapi-customhealth\target\classes started by prade in D:\Workspace\springboot-bharath\productrestapi-customhealth)
2024-05-10T19:23:48.504+05:30  INFO 29008 --- [productrestapi-customhealth] [main] .s.ProductrestapiCustomhealthApplication : The following 1 profile is active: "dev"
2024-05-10T19:23:49.409+05:30  INFO 29008 --- [productrestapi-customhealth] [main] .s.d.r.c.RepositoryConfigurationDelegate : Bootstrapping Spring Data JPA repositories in DEFAULT mode.
2024-05-10T19:23:49.467+05:30  INFO 29008 --- [productrestapi-customhealth] [main] .s.d.r.c.RepositoryConfigurationDelegate : Finished Spring Data repository scanning in 50 ms. Found 1 JPA repository interface.
2024-05-10T19:23:50.202+05:30  INFO 29008 --- [productrestapi-customhealth] [main] o.s.b.w.embedded.tomcat.TomcatWebServer  : Tomcat initialized with port 8080 (http)
2024-05-10T19:23:50.213+05:30  INFO 29008 --- [productrestapi-customhealth] [main] o.apache.catalina.core.StandardService   : Starting service [Tomcat]
2024-05-10T19:23:50.213+05:30  INFO 29008 --- [productrestapi-customhealth] [main] o.apache.catalina.core.StandardEngine    : Starting Servlet engine: [Apache Tomcat/10.1.20]
2024-05-10T19:23:50.280+05:30  INFO 29008 --- [productrestapi-customhealth] [main] o.a.c.c.C.[.[localhost].[/productapi]    : Initializing Spring embedded WebApplicationContext
2024-05-10T19:23:50.281+05:30  INFO 29008 --- [productrestapi-customhealth] [main] w.s.c.ServletWebServerApplicationContext : Root WebApplicationContext: initialization completed in 1714 ms
2024-05-10T19:23:50.582+05:30  INFO 29008 --- [productrestapi-customhealth] [main] com.zaxxer.hikari.HikariDataSource       : HikariPool-1 - Starting...
2024-05-10T19:23:50.905+05:30  INFO 29008 --- [productrestapi-customhealth] [main] com.zaxxer.hikari.pool.HikariPool        : HikariPool-1 - Added connection com.mysql.cj.jdbc.ConnectionImpl@37a67cf
2024-05-10T19:23:50.906+05:30  INFO 29008 --- [productrestapi-customhealth] [main] com.zaxxer.hikari.HikariDataSource       : HikariPool-1 - Start completed.
2024-05-10T19:23:50.946+05:30  INFO 29008 --- [productrestapi-customhealth] [main] o.hibernate.jpa.internal.util.LogHelper  : HHH000204: Processing PersistenceUnitInfo [name: default]
2024-05-10T19:23:51.005+05:30  INFO 29008 --- [productrestapi-customhealth] [main] org.hibernate.Version                    : HHH000412: Hibernate ORM core version 6.4.4.Final
2024-05-10T19:23:51.074+05:30  INFO 29008 --- [productrestapi-customhealth] [main] o.h.c.internal.RegionFactoryInitiator    : HHH000026: Second-level cache disabled
2024-05-10T19:23:51.453+05:30  INFO 29008 --- [productrestapi-customhealth] [main] o.s.o.j.p.SpringPersistenceUnitInfo      : No LoadTimeWeaver setup: ignoring JPA class transformer
2024-05-10T19:23:52.358+05:30  INFO 29008 --- [productrestapi-customhealth] [main] o.h.e.t.j.p.i.JtaPlatformInitiator       : HHH000489: No JTA platform available (set 'hibernate.transaction.jta.platform' to enable JTA platform integration)
2024-05-10T19:23:52.361+05:30  INFO 29008 --- [productrestapi-customhealth] [main] j.LocalContainerEntityManagerFactoryBean : Initialized JPA EntityManagerFactory for persistence unit 'default'
2024-05-10T19:23:52.738+05:30  WARN 29008 --- [productrestapi-customhealth] [main] JpaBaseConfiguration$JpaWebConfiguration : spring.jpa.open-in-view is enabled by default. Therefore, database queries may be performed during view rendering. Explicitly configure spring.jpa.open-in-view to disable this warning
2024-05-10T19:23:53.482+05:30  INFO 29008 --- [productrestapi-customhealth] [main] o.s.b.a.e.web.EndpointLinksResolver      : Exposing 14 endpoint(s) beneath base path '/actuator'
2024-05-10T19:23:53.580+05:30  INFO 29008 --- [productrestapi-customhealth] [main] o.s.b.w.embedded.tomcat.TomcatWebServer  : Tomcat started on port 8080 (http) with context path '/productapi'
2024-05-10T19:23:53.591+05:30  INFO 29008 --- [productrestapi-customhealth] [main] .s.ProductrestapiCustomhealthApplication : Started ProductrestapiCustomhealthApplication in 5.483 seconds (process running for 5.82)
2024-05-10T19:23:58.093+05:30  INFO 29008 --- [productrestapi-customhealth] [http-nio-8080-exec-2] o.a.c.c.C.[.[localhost].[/productapi]    : Initializing Spring DispatcherServlet 'dispatcherServlet'
2024-05-10T19:23:58.094+05:30  INFO 29008 --- [productrestapi-customhealth] [http-nio-8080-exec-2] o.s.web.servlet.DispatcherServlet        : Initializing Servlet 'dispatcherServlet'
2024-05-10T19:23:58.101+05:30  INFO 29008 --- [productrestapi-customhealth] [http-nio-8080-exec-2] o.s.web.servlet.DispatcherServlet        : Completed initialization in 5 ms
2024-05-10T19:26:34.569+05:30  INFO 29008 --- [productrestapi-customhealth] [SpringApplicationShutdownHook] j.LocalContainerEntityManagerFactoryBean : Closing JPA EntityManagerFactory for persistence unit 'default'
2024-05-10T19:26:34.576+05:30  INFO 29008 --- [productrestapi-customhealth] [SpringApplicationShutdownHook] com.zaxxer.hikari.HikariDataSource       : HikariPool-1 - Shutdown initiated...
2024-05-10T19:26:34.603+05:30  INFO 29008 --- [productrestapi-customhealth] [SpringApplicationShutdownHook] com.zaxxer.hikari.HikariDataSource       : HikariPool-1 - Shutdown completed.
2024-05-10T19:28:04.865+05:30  INFO 14564 --- [productrestapi-customhealth] [main] .s.ProductrestapiCustomhealthApplication : Starting ProductrestapiCustomhealthApplication using Java 17.0.9 with PID 14564 (D:\Workspace\springboot-bharath\productrestapi-customhealth\target\classes started by prade in D:\Workspace\springboot-bharath\productrestapi-customhealth)
2024-05-10T19:28:04.868+05:30  INFO 14564 --- [productrestapi-customhealth] [main] .s.ProductrestapiCustomhealthApplication : The following 1 profile is active: "dev"
2024-05-10T19:28:05.806+05:30  INFO 14564 --- [productrestapi-customhealth] [main] .s.d.r.c.RepositoryConfigurationDelegate : Bootstrapping Spring Data JPA repositories in DEFAULT mode.
2024-05-10T19:28:05.884+05:30  INFO 14564 --- [productrestapi-customhealth] [main] .s.d.r.c.RepositoryConfigurationDelegate : Finished Spring Data repository scanning in 65 ms. Found 1 JPA repository interface.
2024-05-10T19:28:06.696+05:30  INFO 14564 --- [productrestapi-customhealth] [main] o.s.b.w.embedded.tomcat.TomcatWebServer  : Tomcat initialized with port 8080 (http)
2024-05-10T19:28:06.706+05:30  INFO 14564 --- [productrestapi-customhealth] [main] o.apache.catalina.core.StandardService   : Starting service [Tomcat]
2024-05-10T19:28:06.707+05:30  INFO 14564 --- [productrestapi-customhealth] [main] o.apache.catalina.core.StandardEngine    : Starting Servlet engine: [Apache Tomcat/10.1.20]
2024-05-10T19:28:06.797+05:30  INFO 14564 --- [productrestapi-customhealth] [main] o.a.c.c.C.[.[localhost].[/productapi]    : Initializing Spring embedded WebApplicationContext
2024-05-10T19:28:06.798+05:30  INFO 14564 --- [productrestapi-customhealth] [main] w.s.c.ServletWebServerApplicationContext : Root WebApplicationContext: initialization completed in 1864 ms
2024-05-10T19:28:07.181+05:30  INFO 14564 --- [productrestapi-customhealth] [main] com.zaxxer.hikari.HikariDataSource       : HikariPool-1 - Starting...
2024-05-10T19:28:07.594+05:30  INFO 14564 --- [productrestapi-customhealth] [main] com.zaxxer.hikari.pool.HikariPool        : HikariPool-1 - Added connection com.mysql.cj.jdbc.ConnectionImpl@3ba3f40d
2024-05-10T19:28:07.597+05:30  INFO 14564 --- [productrestapi-customhealth] [main] com.zaxxer.hikari.HikariDataSource       : HikariPool-1 - Start completed.
2024-05-10T19:28:07.658+05:30  INFO 14564 --- [productrestapi-customhealth] [main] o.hibernate.jpa.internal.util.LogHelper  : HHH000204: Processing PersistenceUnitInfo [name: default]
2024-05-10T19:28:07.734+05:30  INFO 14564 --- [productrestapi-customhealth] [main] org.hibernate.Version                    : HHH000412: Hibernate ORM core version 6.4.4.Final
2024-05-10T19:28:07.805+05:30  INFO 14564 --- [productrestapi-customhealth] [main] o.h.c.internal.RegionFactoryInitiator    : HHH000026: Second-level cache disabled
2024-05-10T19:28:08.247+05:30  INFO 14564 --- [productrestapi-customhealth] [main] o.s.o.j.p.SpringPersistenceUnitInfo      : No LoadTimeWeaver setup: ignoring JPA class transformer
2024-05-10T19:28:09.031+05:30  INFO 14564 --- [productrestapi-customhealth] [main] o.h.e.t.j.p.i.JtaPlatformInitiator       : HHH000489: No JTA platform available (set 'hibernate.transaction.jta.platform' to enable JTA platform integration)
2024-05-10T19:28:09.034+05:30  INFO 14564 --- [productrestapi-customhealth] [main] j.LocalContainerEntityManagerFactoryBean : Initialized JPA EntityManagerFactory for persistence unit 'default'
2024-05-10T19:28:09.420+05:30  WARN 14564 --- [productrestapi-customhealth] [main] JpaBaseConfiguration$JpaWebConfiguration : spring.jpa.open-in-view is enabled by default. Therefore, database queries may be performed during view rendering. Explicitly configure spring.jpa.open-in-view to disable this warning
2024-05-10T19:28:10.309+05:30  INFO 14564 --- [productrestapi-customhealth] [main] o.s.b.a.e.web.EndpointLinksResolver      : Exposing 14 endpoint(s) beneath base path '/actuator'
2024-05-10T19:28:10.413+05:30  INFO 14564 --- [productrestapi-customhealth] [main] o.s.b.w.embedded.tomcat.TomcatWebServer  : Tomcat started on port 8080 (http) with context path '/productapi'
2024-05-10T19:28:10.426+05:30  INFO 14564 --- [productrestapi-customhealth] [main] .s.ProductrestapiCustomhealthApplication : Started ProductrestapiCustomhealthApplication in 6.015 seconds (process running for 6.428)
2024-05-10T19:28:16.187+05:30  INFO 14564 --- [productrestapi-customhealth] [http-nio-8080-exec-1] o.a.c.c.C.[.[localhost].[/productapi]    : Initializing Spring DispatcherServlet 'dispatcherServlet'
2024-05-10T19:28:16.188+05:30  INFO 14564 --- [productrestapi-customhealth] [http-nio-8080-exec-1] o.s.web.servlet.DispatcherServlet        : Initializing Servlet 'dispatcherServlet'
2024-05-10T19:28:16.195+05:30  INFO 14564 --- [productrestapi-customhealth] [http-nio-8080-exec-1] o.s.web.servlet.DispatcherServlet        : Completed initialization in 6 ms
2024-05-10T19:29:48.841+05:30  INFO 14564 --- [productrestapi-customhealth] [SpringApplicationShutdownHook] j.LocalContainerEntityManagerFactoryBean : Closing JPA EntityManagerFactory for persistence unit 'default'
2024-05-10T19:29:48.844+05:30  INFO 14564 --- [productrestapi-customhealth] [SpringApplicationShutdownHook] com.zaxxer.hikari.HikariDataSource       : HikariPool-1 - Shutdown initiated...
2024-05-10T19:29:48.856+05:30  INFO 14564 --- [productrestapi-customhealth] [SpringApplicationShutdownHook] com.zaxxer.hikari.HikariDataSource       : HikariPool-1 - Shutdown completed.
2024-05-10T19:29:52.225+05:30  INFO 16240 --- [productrestapi-customhealth] [main] .s.ProductrestapiCustomhealthApplication : Starting ProductrestapiCustomhealthApplication using Java 17.0.9 with PID 16240 (D:\Workspace\springboot-bharath\productrestapi-customhealth\target\classes started by prade in D:\Workspace\springboot-bharath\productrestapi-customhealth)
2024-05-10T19:29:52.227+05:30  INFO 16240 --- [productrestapi-customhealth] [main] .s.ProductrestapiCustomhealthApplication : The following 1 profile is active: "dev"
2024-05-10T19:29:53.217+05:30  INFO 16240 --- [productrestapi-customhealth] [main] .s.d.r.c.RepositoryConfigurationDelegate : Bootstrapping Spring Data JPA repositories in DEFAULT mode.
2024-05-10T19:29:53.273+05:30  INFO 16240 --- [productrestapi-customhealth] [main] .s.d.r.c.RepositoryConfigurationDelegate : Finished Spring Data repository scanning in 47 ms. Found 1 JPA repository interface.
2024-05-10T19:29:54.040+05:30  INFO 16240 --- [productrestapi-customhealth] [main] o.s.b.w.embedded.tomcat.TomcatWebServer  : Tomcat initialized with port 8080 (http)
2024-05-10T19:29:54.054+05:30  INFO 16240 --- [productrestapi-customhealth] [main] o.apache.catalina.core.StandardService   : Starting service [Tomcat]
2024-05-10T19:29:54.055+05:30  INFO 16240 --- [productrestapi-customhealth] [main] o.apache.catalina.core.StandardEngine    : Starting Servlet engine: [Apache Tomcat/10.1.20]
2024-05-10T19:29:54.139+05:30  INFO 16240 --- [productrestapi-customhealth] [main] o.a.c.c.C.[.[localhost].[/productapi]    : Initializing Spring embedded WebApplicationContext
2024-05-10T19:29:54.140+05:30  INFO 16240 --- [productrestapi-customhealth] [main] w.s.c.ServletWebServerApplicationContext : Root WebApplicationContext: initialization completed in 1867 ms
2024-05-10T19:29:54.508+05:30  INFO 16240 --- [productrestapi-customhealth] [main] com.zaxxer.hikari.HikariDataSource       : HikariPool-1 - Starting...
2024-05-10T19:29:54.792+05:30  INFO 16240 --- [productrestapi-customhealth] [main] com.zaxxer.hikari.pool.HikariPool        : HikariPool-1 - Added connection com.mysql.cj.jdbc.ConnectionImpl@5908e6d6
2024-05-10T19:29:54.795+05:30  INFO 16240 --- [productrestapi-customhealth] [main] com.zaxxer.hikari.HikariDataSource       : HikariPool-1 - Start completed.
2024-05-10T19:29:54.841+05:30  INFO 16240 --- [productrestapi-customhealth] [main] o.hibernate.jpa.internal.util.LogHelper  : HHH000204: Processing PersistenceUnitInfo [name: default]
2024-05-10T19:29:54.909+05:30  INFO 16240 --- [productrestapi-customhealth] [main] org.hibernate.Version                    : HHH000412: Hibernate ORM core version 6.4.4.Final
2024-05-10T19:29:54.946+05:30  INFO 16240 --- [productrestapi-customhealth] [main] o.h.c.internal.RegionFactoryInitiator    : HHH000026: Second-level cache disabled
2024-05-10T19:29:55.225+05:30  INFO 16240 --- [productrestapi-customhealth] [main] o.s.o.j.p.SpringPersistenceUnitInfo      : No LoadTimeWeaver setup: ignoring JPA class transformer
2024-05-10T19:29:55.925+05:30  INFO 16240 --- [productrestapi-customhealth] [main] o.h.e.t.j.p.i.JtaPlatformInitiator       : HHH000489: No JTA platform available (set 'hibernate.transaction.jta.platform' to enable JTA platform integration)
2024-05-10T19:29:55.928+05:30  INFO 16240 --- [productrestapi-customhealth] [main] j.LocalContainerEntityManagerFactoryBean : Initialized JPA EntityManagerFactory for persistence unit 'default'
2024-05-10T19:29:56.270+05:30  WARN 16240 --- [productrestapi-customhealth] [main] JpaBaseConfiguration$JpaWebConfiguration : spring.jpa.open-in-view is enabled by default. Therefore, database queries may be performed during view rendering. Explicitly configure spring.jpa.open-in-view to disable this warning
2024-05-10T19:29:57.028+05:30  INFO 16240 --- [productrestapi-customhealth] [main] o.s.b.a.e.web.EndpointLinksResolver      : Exposing 14 endpoint(s) beneath base path '/actuator'
2024-05-10T19:29:57.110+05:30  INFO 16240 --- [productrestapi-customhealth] [main] o.s.b.w.embedded.tomcat.TomcatWebServer  : Tomcat started on port 8080 (http) with context path '/productapi'
2024-05-10T19:29:57.122+05:30  INFO 16240 --- [productrestapi-customhealth] [main] .s.ProductrestapiCustomhealthApplication : Started ProductrestapiCustomhealthApplication in 5.322 seconds (process running for 5.652)
2024-05-10T19:29:57.828+05:30  INFO 16240 --- [productrestapi-customhealth] [http-nio-8080-exec-1] o.a.c.c.C.[.[localhost].[/productapi]    : Initializing Spring DispatcherServlet 'dispatcherServlet'
2024-05-10T19:29:57.829+05:30  INFO 16240 --- [productrestapi-customhealth] [http-nio-8080-exec-1] o.s.web.servlet.DispatcherServlet        : Initializing Servlet 'dispatcherServlet'
2024-05-10T19:29:57.830+05:30  INFO 16240 --- [productrestapi-customhealth] [http-nio-8080-exec-1] o.s.web.servlet.DispatcherServlet        : Completed initialization in 1 ms
2024-05-10T19:35:51.045+05:30  INFO 16240 --- [productrestapi-customhealth] [SpringApplicationShutdownHook] j.LocalContainerEntityManagerFactoryBean : Closing JPA EntityManagerFactory for persistence unit 'default'
2024-05-10T19:35:51.050+05:30  INFO 16240 --- [productrestapi-customhealth] [SpringApplicationShutdownHook] com.zaxxer.hikari.HikariDataSource       : HikariPool-1 - Shutdown initiated...
2024-05-10T19:35:51.081+05:30  INFO 16240 --- [productrestapi-customhealth] [SpringApplicationShutdownHook] com.zaxxer.hikari.HikariDataSource       : HikariPool-1 - Shutdown completed.
2024-05-10T19:36:17.782+05:30  INFO 31296 --- [productrestapi-customhealth] [main] .s.ProductrestapiCustomhealthApplication : Starting ProductrestapiCustomhealthApplication using Java 17.0.9 with PID 31296 (D:\Workspace\springboot-bharath\productrestapi-customhealth\target\classes started by prade in D:\Workspace\springboot-bharath\productrestapi-customhealth)
2024-05-10T19:36:17.785+05:30  INFO 31296 --- [productrestapi-customhealth] [main] .s.ProductrestapiCustomhealthApplication : The following 1 profile is active: "dev"
2024-05-10T19:36:18.782+05:30  INFO 31296 --- [productrestapi-customhealth] [main] .s.d.r.c.RepositoryConfigurationDelegate : Bootstrapping Spring Data JPA repositories in DEFAULT mode.
2024-05-10T19:36:18.837+05:30  INFO 31296 --- [productrestapi-customhealth] [main] .s.d.r.c.RepositoryConfigurationDelegate : Finished Spring Data repository scanning in 49 ms. Found 1 JPA repository interface.
2024-05-10T19:36:19.725+05:30  INFO 31296 --- [productrestapi-customhealth] [main] o.s.b.w.embedded.tomcat.TomcatWebServer  : Tomcat initialized with port 8080 (http)
2024-05-10T19:36:19.740+05:30  INFO 31296 --- [productrestapi-customhealth] [main] o.apache.catalina.core.StandardService   : Starting service [Tomcat]
2024-05-10T19:36:19.740+05:30  INFO 31296 --- [productrestapi-customhealth] [main] o.apache.catalina.core.StandardEngine    : Starting Servlet engine: [Apache Tomcat/10.1.20]
2024-05-10T19:36:19.840+05:30  INFO 31296 --- [productrestapi-customhealth] [main] o.a.c.c.C.[.[localhost].[/productapi]    : Initializing Spring embedded WebApplicationContext
2024-05-10T19:36:19.842+05:30  INFO 31296 --- [productrestapi-customhealth] [main] w.s.c.ServletWebServerApplicationContext : Root WebApplicationContext: initialization completed in 1995 ms
2024-05-10T19:36:20.241+05:30  INFO 31296 --- [productrestapi-customhealth] [main] com.zaxxer.hikari.HikariDataSource       : HikariPool-1 - Starting...
2024-05-10T19:36:20.549+05:30  INFO 31296 --- [productrestapi-customhealth] [main] com.zaxxer.hikari.pool.HikariPool        : HikariPool-1 - Added connection com.mysql.cj.jdbc.ConnectionImpl@5817f1ca
2024-05-10T19:36:20.551+05:30  INFO 31296 --- [productrestapi-customhealth] [main] com.zaxxer.hikari.HikariDataSource       : HikariPool-1 - Start completed.
2024-05-10T19:36:20.593+05:30  INFO 31296 --- [productrestapi-customhealth] [main] o.hibernate.jpa.internal.util.LogHelper  : HHH000204: Processing PersistenceUnitInfo [name: default]
2024-05-10T19:36:20.641+05:30  INFO 31296 --- [productrestapi-customhealth] [main] org.hibernate.Version                    : HHH000412: Hibernate ORM core version 6.4.4.Final
2024-05-10T19:36:20.708+05:30  INFO 31296 --- [productrestapi-customhealth] [main] o.h.c.internal.RegionFactoryInitiator    : HHH000026: Second-level cache disabled
2024-05-10T19:36:21.060+05:30  INFO 31296 --- [productrestapi-customhealth] [main] o.s.o.j.p.SpringPersistenceUnitInfo      : No LoadTimeWeaver setup: ignoring JPA class transformer
2024-05-10T19:36:21.854+05:30  INFO 31296 --- [productrestapi-customhealth] [main] o.h.e.t.j.p.i.JtaPlatformInitiator       : HHH000489: No JTA platform available (set 'hibernate.transaction.jta.platform' to enable JTA platform integration)
2024-05-10T19:36:21.856+05:30  INFO 31296 --- [productrestapi-customhealth] [main] j.LocalContainerEntityManagerFactoryBean : Initialized JPA EntityManagerFactory for persistence unit 'default'
2024-05-10T19:36:22.200+05:30  WARN 31296 --- [productrestapi-customhealth] [main] JpaBaseConfiguration$JpaWebConfiguration : spring.jpa.open-in-view is enabled by default. Therefore, database queries may be performed during view rendering. Explicitly configure spring.jpa.open-in-view to disable this warning
2024-05-10T19:36:22.857+05:30  WARN 31296 --- [productrestapi-customhealth] [main] .s.s.UserDetailsServiceAutoConfiguration : 

Using generated security password: ba9fd1d8-40e3-41b2-9cc9-ce63792c7f98

This generated password is for development use only. Your security configuration must be updated before running your application in production.

2024-05-10T19:36:22.979+05:30  INFO 31296 --- [productrestapi-customhealth] [main] o.s.b.a.e.web.EndpointLinksResolver      : Exposing 14 endpoint(s) beneath base path '/actuator'
2024-05-10T19:36:23.014+05:30  INFO 31296 --- [productrestapi-customhealth] [main] o.s.s.web.DefaultSecurityFilterChain     : Will secure any request with [org.springframework.security.web.session.DisableEncodeUrlFilter@10806dbe, org.springframework.security.web.context.request.async.WebAsyncManagerIntegrationFilter@4c5d1649, org.springframework.security.web.context.SecurityContextHolderFilter@5dc90de7, org.springframework.security.web.header.HeaderWriterFilter@152bb4cc, org.springframework.web.filter.CorsFilter@1695f7cb, org.springframework.security.web.csrf.CsrfFilter@23657729, org.springframework.security.web.authentication.logout.LogoutFilter@2d10160a, org.springframework.security.web.authentication.UsernamePasswordAuthenticationFilter@19faa9dc, org.springframework.security.web.authentication.ui.DefaultLoginPageGeneratingFilter@58a93f51, org.springframework.security.web.authentication.ui.DefaultLogoutPageGeneratingFilter@3095c449, org.springframework.security.web.authentication.www.BasicAuthenticationFilter@5d414943, org.springframework.security.web.savedrequest.RequestCacheAwareFilter@476a38d9, org.springframework.security.web.servletapi.SecurityContextHolderAwareRequestFilter@4e6c703a, org.springframework.security.web.authentication.AnonymousAuthenticationFilter@236bb278, org.springframework.security.web.access.ExceptionTranslationFilter@6153aca1, org.springframework.security.web.access.intercept.AuthorizationFilter@5d72dd86]
2024-05-10T19:36:23.175+05:30  INFO 31296 --- [productrestapi-customhealth] [main] o.s.b.w.embedded.tomcat.TomcatWebServer  : Tomcat started on port 8080 (http) with context path '/productapi'
2024-05-10T19:36:23.185+05:30  INFO 31296 --- [productrestapi-customhealth] [main] .s.ProductrestapiCustomhealthApplication : Started ProductrestapiCustomhealthApplication in 5.832 seconds (process running for 6.217)
2024-05-10T19:36:32.101+05:30  INFO 31296 --- [productrestapi-customhealth] [http-nio-8080-exec-2] o.a.c.c.C.[.[localhost].[/productapi]    : Initializing Spring DispatcherServlet 'dispatcherServlet'
2024-05-10T19:36:32.101+05:30  INFO 31296 --- [productrestapi-customhealth] [http-nio-8080-exec-2] o.s.web.servlet.DispatcherServlet        : Initializing Servlet 'dispatcherServlet'
2024-05-10T19:36:32.103+05:30  INFO 31296 --- [productrestapi-customhealth] [http-nio-8080-exec-2] o.s.web.servlet.DispatcherServlet        : Completed initialization in 1 ms
2024-05-10T19:36:58.174+05:30  INFO 31296 --- [productrestapi-customhealth] [http-nio-8080-exec-4] c.t.s.controller.ProductRestController   : finding product by id:3
2024-05-10T19:37:08.905+05:30  INFO 31296 --- [productrestapi-customhealth] [SpringApplicationShutdownHook] j.LocalContainerEntityManagerFactoryBean : Closing JPA EntityManagerFactory for persistence unit 'default'
2024-05-10T19:37:08.914+05:30  INFO 31296 --- [productrestapi-customhealth] [SpringApplicationShutdownHook] com.zaxxer.hikari.HikariDataSource       : HikariPool-1 - Shutdown initiated...
2024-05-10T19:37:08.952+05:30  INFO 31296 --- [productrestapi-customhealth] [SpringApplicationShutdownHook] com.zaxxer.hikari.HikariDataSource       : HikariPool-1 - Shutdown completed.
2024-05-10T19:37:37.375+05:30  INFO 27036 --- [productrestapi-customhealth] [main] .s.ProductrestapiCustomhealthApplication : Starting ProductrestapiCustomhealthApplication using Java 17.0.9 with PID 27036 (D:\Workspace\springboot-bharath\productrestapi-customhealth\target\classes started by prade in D:\Workspace\springboot-bharath\productrestapi-customhealth)
2024-05-10T19:37:37.384+05:30  INFO 27036 --- [productrestapi-customhealth] [main] .s.ProductrestapiCustomhealthApplication : The following 1 profile is active: "dev"
2024-05-10T19:37:38.385+05:30  INFO 27036 --- [productrestapi-customhealth] [main] .s.d.r.c.RepositoryConfigurationDelegate : Bootstrapping Spring Data JPA repositories in DEFAULT mode.
2024-05-10T19:37:38.452+05:30  INFO 27036 --- [productrestapi-customhealth] [main] .s.d.r.c.RepositoryConfigurationDelegate : Finished Spring Data repository scanning in 58 ms. Found 1 JPA repository interface.
2024-05-10T19:37:39.264+05:30  INFO 27036 --- [productrestapi-customhealth] [main] o.s.b.w.embedded.tomcat.TomcatWebServer  : Tomcat initialized with port 8080 (http)
2024-05-10T19:37:39.275+05:30  INFO 27036 --- [productrestapi-customhealth] [main] o.apache.catalina.core.StandardService   : Starting service [Tomcat]
2024-05-10T19:37:39.276+05:30  INFO 27036 --- [productrestapi-customhealth] [main] o.apache.catalina.core.StandardEngine    : Starting Servlet engine: [Apache Tomcat/10.1.20]
2024-05-10T19:37:39.354+05:30  INFO 27036 --- [productrestapi-customhealth] [main] o.a.c.c.C.[.[localhost].[/productapi]    : Initializing Spring embedded WebApplicationContext
2024-05-10T19:37:39.354+05:30  INFO 27036 --- [productrestapi-customhealth] [main] w.s.c.ServletWebServerApplicationContext : Root WebApplicationContext: initialization completed in 1897 ms
2024-05-10T19:37:39.727+05:30  INFO 27036 --- [productrestapi-customhealth] [main] com.zaxxer.hikari.HikariDataSource       : HikariPool-1 - Starting...
2024-05-10T19:37:40.082+05:30  INFO 27036 --- [productrestapi-customhealth] [main] com.zaxxer.hikari.pool.HikariPool        : HikariPool-1 - Added connection com.mysql.cj.jdbc.ConnectionImpl@d84418a
2024-05-10T19:37:40.084+05:30  INFO 27036 --- [productrestapi-customhealth] [main] com.zaxxer.hikari.HikariDataSource       : HikariPool-1 - Start completed.
2024-05-10T19:37:40.125+05:30  INFO 27036 --- [productrestapi-customhealth] [main] o.hibernate.jpa.internal.util.LogHelper  : HHH000204: Processing PersistenceUnitInfo [name: default]
2024-05-10T19:37:40.171+05:30  INFO 27036 --- [productrestapi-customhealth] [main] org.hibernate.Version                    : HHH000412: Hibernate ORM core version 6.4.4.Final
2024-05-10T19:37:40.235+05:30  INFO 27036 --- [productrestapi-customhealth] [main] o.h.c.internal.RegionFactoryInitiator    : HHH000026: Second-level cache disabled
2024-05-10T19:37:40.599+05:30  INFO 27036 --- [productrestapi-customhealth] [main] o.s.o.j.p.SpringPersistenceUnitInfo      : No LoadTimeWeaver setup: ignoring JPA class transformer
2024-05-10T19:37:41.416+05:30  INFO 27036 --- [productrestapi-customhealth] [main] o.h.e.t.j.p.i.JtaPlatformInitiator       : HHH000489: No JTA platform available (set 'hibernate.transaction.jta.platform' to enable JTA platform integration)
2024-05-10T19:37:41.419+05:30  INFO 27036 --- [productrestapi-customhealth] [main] j.LocalContainerEntityManagerFactoryBean : Initialized JPA EntityManagerFactory for persistence unit 'default'
2024-05-10T19:37:41.807+05:30  WARN 27036 --- [productrestapi-customhealth] [main] JpaBaseConfiguration$JpaWebConfiguration : spring.jpa.open-in-view is enabled by default. Therefore, database queries may be performed during view rendering. Explicitly configure spring.jpa.open-in-view to disable this warning
2024-05-10T19:37:42.708+05:30  INFO 27036 --- [productrestapi-customhealth] [main] o.s.b.a.e.web.EndpointLinksResolver      : Exposing 14 endpoint(s) beneath base path '/actuator'
2024-05-10T19:37:42.742+05:30  INFO 27036 --- [productrestapi-customhealth] [main] o.s.s.web.DefaultSecurityFilterChain     : Will secure any request with [org.springframework.security.web.session.DisableEncodeUrlFilter@362fbd98, org.springframework.security.web.context.request.async.WebAsyncManagerIntegrationFilter@11e36e5c, org.springframework.security.web.context.SecurityContextHolderFilter@3ce4b0a8, org.springframework.security.web.header.HeaderWriterFilter@505bc480, org.springframework.web.filter.CorsFilter@2620264e, org.springframework.security.web.csrf.CsrfFilter@73ac7716, org.springframework.security.web.authentication.logout.LogoutFilter@74f54f8e, org.springframework.security.web.authentication.UsernamePasswordAuthenticationFilter@5481001f, org.springframework.security.web.authentication.ui.DefaultLoginPageGeneratingFilter@2e9bff08, org.springframework.security.web.authentication.ui.DefaultLogoutPageGeneratingFilter@126ae0ca, org.springframework.security.web.authentication.www.BasicAuthenticationFilter@393aac93, org.springframework.security.web.savedrequest.RequestCacheAwareFilter@690113f0, org.springframework.security.web.servletapi.SecurityContextHolderAwareRequestFilter@533165e7, org.springframework.security.web.authentication.AnonymousAuthenticationFilter@59e24c62, org.springframework.security.web.access.ExceptionTranslationFilter@5120886f, org.springframework.security.web.access.intercept.AuthorizationFilter@4b094115]
2024-05-10T19:37:42.902+05:30  INFO 27036 --- [productrestapi-customhealth] [main] o.s.b.w.embedded.tomcat.TomcatWebServer  : Tomcat started on port 8080 (http) with context path '/productapi'
2024-05-10T19:37:42.914+05:30  INFO 27036 --- [productrestapi-customhealth] [main] .s.ProductrestapiCustomhealthApplication : Started ProductrestapiCustomhealthApplication in 5.959 seconds (process running for 6.369)
2024-05-10T19:37:52.759+05:30  INFO 27036 --- [productrestapi-customhealth] [http-nio-8080-exec-1] o.a.c.c.C.[.[localhost].[/productapi]    : Initializing Spring DispatcherServlet 'dispatcherServlet'
2024-05-10T19:37:52.760+05:30  INFO 27036 --- [productrestapi-customhealth] [http-nio-8080-exec-1] o.s.web.servlet.DispatcherServlet        : Initializing Servlet 'dispatcherServlet'
2024-05-10T19:37:52.765+05:30  INFO 27036 --- [productrestapi-customhealth] [http-nio-8080-exec-1] o.s.web.servlet.DispatcherServlet        : Completed initialization in 3 ms
2024-05-10T19:38:22.308+05:30  INFO 27036 --- [productrestapi-customhealth] [SpringApplicationShutdownHook] j.LocalContainerEntityManagerFactoryBean : Closing JPA EntityManagerFactory for persistence unit 'default'
2024-05-10T19:38:22.310+05:30  INFO 27036 --- [productrestapi-customhealth] [SpringApplicationShutdownHook] com.zaxxer.hikari.HikariDataSource       : HikariPool-1 - Shutdown initiated...
2024-05-10T19:38:22.322+05:30  INFO 27036 --- [productrestapi-customhealth] [SpringApplicationShutdownHook] com.zaxxer.hikari.HikariDataSource       : HikariPool-1 - Shutdown completed.
2024-05-10T19:38:24.221+05:30  INFO 10308 --- [productrestapi-customhealth] [main] .s.ProductrestapiCustomhealthApplication : Starting ProductrestapiCustomhealthApplication using Java 17.0.9 with PID 10308 (D:\Workspace\springboot-bharath\productrestapi-customhealth\target\classes started by prade in D:\Workspace\springboot-bharath\productrestapi-customhealth)
2024-05-10T19:38:24.224+05:30  INFO 10308 --- [productrestapi-customhealth] [main] .s.ProductrestapiCustomhealthApplication : The following 1 profile is active: "dev"
2024-05-10T19:38:25.190+05:30  INFO 10308 --- [productrestapi-customhealth] [main] .s.d.r.c.RepositoryConfigurationDelegate : Bootstrapping Spring Data JPA repositories in DEFAULT mode.
2024-05-10T19:38:25.254+05:30  INFO 10308 --- [productrestapi-customhealth] [main] .s.d.r.c.RepositoryConfigurationDelegate : Finished Spring Data repository scanning in 55 ms. Found 1 JPA repository interface.
2024-05-10T19:38:26.039+05:30  INFO 10308 --- [productrestapi-customhealth] [main] o.s.b.w.embedded.tomcat.TomcatWebServer  : Tomcat initialized with port 8080 (http)
2024-05-10T19:38:26.050+05:30  INFO 10308 --- [productrestapi-customhealth] [main] o.apache.catalina.core.StandardService   : Starting service [Tomcat]
2024-05-10T19:38:26.050+05:30  INFO 10308 --- [productrestapi-customhealth] [main] o.apache.catalina.core.StandardEngine    : Starting Servlet engine: [Apache Tomcat/10.1.20]
2024-05-10T19:38:26.122+05:30  INFO 10308 --- [productrestapi-customhealth] [main] o.a.c.c.C.[.[localhost].[/productapi]    : Initializing Spring embedded WebApplicationContext
2024-05-10T19:38:26.123+05:30  INFO 10308 --- [productrestapi-customhealth] [main] w.s.c.ServletWebServerApplicationContext : Root WebApplicationContext: initialization completed in 1844 ms
2024-05-10T19:38:26.459+05:30  INFO 10308 --- [productrestapi-customhealth] [main] com.zaxxer.hikari.HikariDataSource       : HikariPool-1 - Starting...
2024-05-10T19:38:26.751+05:30  INFO 10308 --- [productrestapi-customhealth] [main] com.zaxxer.hikari.pool.HikariPool        : HikariPool-1 - Added connection com.mysql.cj.jdbc.ConnectionImpl@5ef2cbe6
2024-05-10T19:38:26.753+05:30  INFO 10308 --- [productrestapi-customhealth] [main] com.zaxxer.hikari.HikariDataSource       : HikariPool-1 - Start completed.
2024-05-10T19:38:26.793+05:30  INFO 10308 --- [productrestapi-customhealth] [main] o.hibernate.jpa.internal.util.LogHelper  : HHH000204: Processing PersistenceUnitInfo [name: default]
2024-05-10T19:38:26.842+05:30  INFO 10308 --- [productrestapi-customhealth] [main] org.hibernate.Version                    : HHH000412: Hibernate ORM core version 6.4.4.Final
2024-05-10T19:38:26.886+05:30  INFO 10308 --- [productrestapi-customhealth] [main] o.h.c.internal.RegionFactoryInitiator    : HHH000026: Second-level cache disabled
2024-05-10T19:38:27.146+05:30  INFO 10308 --- [productrestapi-customhealth] [main] o.s.o.j.p.SpringPersistenceUnitInfo      : No LoadTimeWeaver setup: ignoring JPA class transformer
2024-05-10T19:38:27.894+05:30  INFO 10308 --- [productrestapi-customhealth] [main] o.h.e.t.j.p.i.JtaPlatformInitiator       : HHH000489: No JTA platform available (set 'hibernate.transaction.jta.platform' to enable JTA platform integration)
2024-05-10T19:38:27.898+05:30  INFO 10308 --- [productrestapi-customhealth] [main] j.LocalContainerEntityManagerFactoryBean : Initialized JPA EntityManagerFactory for persistence unit 'default'
2024-05-10T19:38:28.234+05:30  WARN 10308 --- [productrestapi-customhealth] [main] JpaBaseConfiguration$JpaWebConfiguration : spring.jpa.open-in-view is enabled by default. Therefore, database queries may be performed during view rendering. Explicitly configure spring.jpa.open-in-view to disable this warning
2024-05-10T19:38:29.130+05:30  INFO 10308 --- [productrestapi-customhealth] [main] o.s.b.a.e.web.EndpointLinksResolver      : Exposing 14 endpoint(s) beneath base path '/actuator'
2024-05-10T19:38:29.158+05:30  INFO 10308 --- [productrestapi-customhealth] [main] o.s.s.web.DefaultSecurityFilterChain     : Will secure any request with [org.springframework.security.web.session.DisableEncodeUrlFilter@5982255e, org.springframework.security.web.context.request.async.WebAsyncManagerIntegrationFilter@7306836f, org.springframework.security.web.context.SecurityContextHolderFilter@282d1023, org.springframework.security.web.header.HeaderWriterFilter@476a38d9, org.springframework.web.filter.CorsFilter@e9c5db9, org.springframework.security.web.csrf.CsrfFilter@7cd239f6, org.springframework.security.web.authentication.logout.LogoutFilter@175c4ae5, org.springframework.security.web.authentication.UsernamePasswordAuthenticationFilter@6fb3d3bb, org.springframework.security.web.authentication.ui.DefaultLoginPageGeneratingFilter@533165e7, org.springframework.security.web.authentication.ui.DefaultLogoutPageGeneratingFilter@393aac93, org.springframework.security.web.authentication.www.BasicAuthenticationFilter@7200702, org.springframework.security.web.savedrequest.RequestCacheAwareFilter@7926d092, org.springframework.security.web.servletapi.SecurityContextHolderAwareRequestFilter@3ce4b0a8, org.springframework.security.web.authentication.AnonymousAuthenticationFilter@71dac63f, org.springframework.security.web.access.ExceptionTranslationFilter@fffb4a8, org.springframework.security.web.access.intercept.AuthorizationFilter@320ca97c]
2024-05-10T19:38:29.323+05:30  INFO 10308 --- [productrestapi-customhealth] [main] o.s.b.w.embedded.tomcat.TomcatWebServer  : Tomcat started on port 8080 (http) with context path '/productapi'
2024-05-10T19:38:29.341+05:30  INFO 10308 --- [productrestapi-customhealth] [main] .s.ProductrestapiCustomhealthApplication : Started ProductrestapiCustomhealthApplication in 5.568 seconds (process running for 5.962)
2024-05-10T19:38:31.669+05:30  INFO 10308 --- [productrestapi-customhealth] [http-nio-8080-exec-1] o.a.c.c.C.[.[localhost].[/productapi]    : Initializing Spring DispatcherServlet 'dispatcherServlet'
2024-05-10T19:38:31.670+05:30  INFO 10308 --- [productrestapi-customhealth] [http-nio-8080-exec-1] o.s.web.servlet.DispatcherServlet        : Initializing Servlet 'dispatcherServlet'
2024-05-10T19:38:31.672+05:30  INFO 10308 --- [productrestapi-customhealth] [http-nio-8080-exec-1] o.s.web.servlet.DispatcherServlet        : Completed initialization in 2 ms
2024-05-10T19:38:31.912+05:30  INFO 10308 --- [productrestapi-customhealth] [http-nio-8080-exec-1] c.t.s.controller.ProductRestController   : finding product by id:3
2024-05-10T23:17:15.864+05:30  WARN 10308 --- [productrestapi-customhealth] [HikariPool-1 housekeeper] com.zaxxer.hikari.pool.HikariPool        : HikariPool-1 - Thread starvation or clock leap detected (housekeeper delta=2h7m50s593ms48s200ns).
2024-05-10T23:17:41.821+05:30  INFO 10308 --- [productrestapi-customhealth] [SpringApplicationShutdownHook] j.LocalContainerEntityManagerFactoryBean : Closing JPA EntityManagerFactory for persistence unit 'default'
2024-05-10T23:17:41.825+05:30  INFO 10308 --- [productrestapi-customhealth] [SpringApplicationShutdownHook] com.zaxxer.hikari.HikariDataSource       : HikariPool-1 - Shutdown initiated...
2024-05-10T23:17:41.833+05:30  INFO 10308 --- [productrestapi-customhealth] [SpringApplicationShutdownHook] com.zaxxer.hikari.HikariDataSource       : HikariPool-1 - Shutdown completed.
